<?xml version="1.0" encoding="UTF-8"?>
<testsuite name="picture.PictureProcessorTest" tests="1" skipped="0" failures="1" errors="0" timestamp="2024-03-08T20:18:36" hostname="dyn3217-162.wlan.ic.ac.uk" time="0.053">
  <properties/>
  <testcase name="rotate90Green" classname="picture.PictureProcessorTest" time="0.053">
    <failure message="java.lang.AssertionError: expected:&lt;(0,255,0)(0,255,0)(0,255,0)(0,255,0)(0,255,0)(0,255,0)(0,255,0)(0,255,0)(0,255,0)(0,255,0)(0,255,0)(0,255,0)(0,255,0)(0,255,0)(0,255,0)(0,255,0)(0,255,0)(0,255,0)(0,255,0)(0,255,0)(0,255,0)(0,255,0)(0,255,0)(0,255,0)(0,255,0)(0,255,0)(0,255,0)(0,255,0)(0,255,0)(0,255,0)(0,255,0)(0,255,0)(0,255,0)(0,255,0)(0,255,0)(0,255,0)(0,255,0)(0,255,0)(0,255,0)(0,255,0)(0,255,0)(0,255,0)(0,255,0)(0,255,0)(0,255,0)(0,255,0)(0,255,0)(0,255,0)(0,255,0)(0,255,0)(0,255,0)(0,255,0)(0,255,0)(0,255,0)(0,255,0)(0,255,0)(0,255,0)(0,255,0)(0,255,0)(0,255,0)(0,255,0)(0,255,0)(0,255,0)(0,255,0)&#10;(0,255,0)(0,255,0)(0,255,0)(0,255,0)(0,255,0)(0,255,0)(0,255,0)(0,255,0)(0,255,0)(0,255,0)(0,255,0)(0,255,0)(0,255,0)(0,255,0)(0,255,0)(0,255,0)(0,255,0)(0,255,0)(0,255,0)(0,255,0)(0,255,0)(0,255,0)(0,255,0)(0,255,0)(0,255,0)(0,255,0)(0,255,0)(0,255,0)(0,255,0)(0,255,0)(0,255,0)(0,255,0)(0,255,0)(0,255,0)(0,255,0)(0,255,0)(0,255,0)(0,255,0)(0,255,0)(0,255,0)(0,255,0)(0,255,0)(0,255,0)(0,255,0)(0,255,0)(0,255,0)(0,255,0)(0,255,0)(0,255,0)(0,255,0)(0,255,0)(0,255,0)(0,255,0)(0,255,0)(0,255,0)(0,255,0)(0,255,0)(0,255,0)(0,255,0)(0,255,0)(0,255,0)(0,255,0)(0,255,0)(0,255,0)&#10;(0,255,0)(0,255,0)(0,255,0)(0,255,0)(0,255,0)(0,255,0)(0,255,0)(0,255,0)(0,255,0)(0,255,0)(0,255,0)(0,255,0)(0,255,0)(0,255,0)(0,255,0)(0,255,0)(0,255,0)(0,255,0)(0,255,0)(0,255,0)(0,255,0)(0,255,0)(0,255,0)(0,255,0)(0,255,0)(0,255,0)(0,255,0)(0,255,0)(0,255,0)(0,255,0)(0,255,0)(0,255,0)(0,255,0)(0,255,0)(0,255,0)(0,255,0)(0,255,0)(0,255,0)(0,255,0)(0,255,0)(0,255,0)(0,255,0)(0,255,0)(0,255,0)(0,255,0)(0,255,0)(0,255,0)(0,255,0)(0,255,0)(0,255,0)(0,255,0)(0,255,0)(0,255,0)(0,255,0)(0,255,0)(0,255,0)(0,255,0)(0,255,0)(0,255,0)(0,255,0)(0,255,0)(0,255,0)(0,255,0)(0,255,0)&#10;(0,255,0)(0,255,0)(0,255,0)(0,255,0)(0,255,0)(0,255,0)(0,255,0)(0,255,0)(0,255,0)(0,255,0)(0,255,0)(0,255,0)(0,255,0)(0,255,0)(0,255,0)(0,255,0)(0,255,0)(0,255,0)(0,255,0)(0,255,0)(0,255,0)(0,255,0)(0,255,0)(0,255,0)(0,255,0)(0,255,0)(0,255,0)(0,255,0)(0,255,0)(0,255,0)(0,255,0)(0,255,0)(0,255,0)(0,255,0)(0,255,0)(0,255,0)(0,255,0)(0,255,0)(0,255,0)(0,255,0)(0,255,0)(0,255,0)(0,255,0)(0,255,0)(0,255,0)(0,255,0)(0,255,0)(0,255,0)(0,255,0)(0,255,0)(0,255,0)(0,255,0)(0,255,0)(0,255,0)(0,255,0)(0,255,0)(0,255,0)(0,255,0)(0,255,0)(0,255,0)(0,255,0)(0,255,0)(0,255,0)(0,255,0)&#10;(0,255,0)(0,255,0)(0,255,0)(0,255,0)(0,255,0)(0,255,0)(0,255,0)(0,255,0)(0,255,0)(0,255,0)(0,255,0)(0,255,0)(0,255,0)(0,255,0)(0,255,0)(0,255,0)(0,255,0)(0,255,0)(0,255,0)(0,255,0)(0,255,0)(0,255,0)(0,255,0)(0,255,0)(0,255,0)(0,255,0)(0,255,0)(0,255,0)(0,255,0)(0,255,0)(0,255,0)(0,255,0)(0,255,0)(0,255,0)(0,255,0)(0,255,0)(0,255,0)(0,255,0)(0,255,0)(0,255,0)(0,255,0)(0,255,0)(0,255,0)(0,255,0)(0,255,0)(0,255,0)(0,255,0)(0,255,0)(0,255,0)(0,255,0)(0,255,0)(0,255,0)(0,255,0)(0,255,0)(0,255,0)(0,255,0)(0,255,0)(0,255,0)(0,255,0)(0,255,0)(0,255,0)(0,255,0)(0,255,0)(0,255,0)&#10;(0,255,0)(0,255,0)(0,255,0)(0,255,0)(0,255,0)(0,255,0)(0,255,0)(0,255,0)(0,255,0)(0,255,0)(0,255,0)(0,255,0)(0,255,0)(0,255,0)(0,255,0)(0,255,0)(0,255,0)(0,255,0)(0,255,0)(0,255,0)(0,255,0)(0,255,0)(0,255,0)(0,255,0)(0,255,0)(0,255,0)(0,255,0)(0,255,0)(0,255,0)(0,255,0)(0,255,0)(0,255,0)(0,255,0)(0,255,0)(0,255,0)(0,255,0)(0,255,0)(0,255,0)(0,255,0)(0,255,0)(0,255,0)(0,255,0)(0,255,0)(0,255,0)(0,255,0)(0,255,0)(0,255,0)(0,255,0)(0,255,0)(0,255,0)(0,255,0)(0,255,0)(0,255,0)(0,255,0)(0,255,0)(0,255,0)(0,255,0)(0,255,0)(0,255,0)(0,255,0)(0,255,0)(0,255,0)(0,255,0)(0,255,0)&#10;(0,255,0)(0,255,0)(0,255,0)(0,255,0)(0,255,0)(0,255,0)(0,255,0)(0,255,0)(0,255,0)(0,255,0)(0,255,0)(0,255,0)(0,255,0)(0,255,0)(0,255,0)(0,255,0)(0,255,0)(0,255,0)(0,255,0)(0,255,0)(0,255,0)(0,255,0)(0,255,0)(0,255,0)(0,255,0)(0,255,0)(0,255,0)(0,255,0)(0,255,0)(0,255,0)(0,255,0)(0,255,0)(0,255,0)(0,255,0)(0,255,0)(0,255,0)(0,255,0)(0,255,0)(0,255,0)(0,255,0)(0,255,0)(0,255,0)(0,255,0)(0,255,0)(0,255,0)(0,255,0)(0,255,0)(0,255,0)(0,255,0)(0,255,0)(0,255,0)(0,255,0)(0,255,0)(0,255,0)(0,255,0)(0,255,0)(0,255,0)(0,255,0)(0,255,0)(0,255,0)(0,255,0)(0,255,0)(0,255,0)(0,255,0)&#10;(0,255,0)(0,255,0)(0,255,0)(0,255,0)(0,255,0)(0,255,0)(0,255,0)(0,255,0)(0,255,0)(0,255,0)(0,255,0)(0,255,0)(0,255,0)(0,255,0)(0,255,0)(0,255,0)(0,255,0)(0,255,0)(0,255,0)(0,255,0)(0,255,0)(0,255,0)(0,255,0)(0,255,0)(0,255,0)(0,255,0)(0,255,0)(0,255,0)(0,255,0)(0,255,0)(0,255,0)(0,255,0)(0,255,0)(0,255,0)(0,255,0)(0,255,0)(0,255,0)(0,255,0)(0,255,0)(0,255,0)(0,255,0)(0,255,0)(0,255,0)(0,255,0)(0,255,0)(0,255,0)(0,255,0)(0,255,0)(0,255,0)(0,255,0)(0,255,0)(0,255,0)(0,255,0)(0,255,0)(0,255,0)(0,255,0)(0,255,0)(0,255,0)(0,255,0)(0,255,0)(0,255,0)(0,255,0)(0,255,0)(0,255,0)&#10;(0,255,0)(0,255,0)(0,255,0)(0,255,0)(0,255,0)(0,255,0)(0,255,0)(0,255,0)(0,255,0)(0,255,0)(0,255,0)(0,255,0)(0,255,0)(0,255,0)(0,255,0)(0,255,0)(0,255,0)(0,255,0)(0,255,0)(0,255,0)(0,255,0)(0,255,0)(0,255,0)(0,255,0)(0,255,0)(0,255,0)(0,255,0)(0,255,0)(0,255,0)(0,255,0)(0,255,0)(0,255,0)(0,255,0)(0,255,0)(0,255,0)(0,255,0)(0,255,0)(0,255,0)(0,255,0)(0,255,0)(0,255,0)(0,255,0)(0,255,0)(0,255,0)(0,255,0)(0,255,0)(0,255,0)(0,255,0)(0,255,0)(0,255,0)(0,255,0)(0,255,0)(0,255,0)(0,255,0)(0,255,0)(0,255,0)(0,255,0)(0,255,0)(0,255,0)(0,255,0)(0,255,0)(0,255,0)(0,255,0)(0,255,0)&#10;(0,255,0)(0,255,0)(0,255,0)(0,255,0)(0,255,0)(0,255,0)(0,255,0)(0,255,0)(0,255,0)(0,255,0)(0,255,0)(0,255,0)(0,255,0)(0,255,0)(0,255,0)(0,255,0)(0,255,0)(0,255,0)(0,255,0)(0,255,0)(0,255,0)(0,255,0)(0,255,0)(0,255,0)(0,255,0)(0,255,0)(0,255,0)(0,255,0)(0,255,0)(0,255,0)(0,255,0)(0,255,0)(0,255,0)(0,255,0)(0,255,0)(0,255,0)(0,255,0)(0,255,0)(0,255,0)(0,255,0)(0,255,0)(0,255,0)(0,255,0)(0,255,0)(0,255,0)(0,255,0)(0,255,0)(0,255,0)(0,255,0)(0,255,0)(0,255,0)(0,255,0)(0,255,0)(0,255,0)(0,255,0)(0,255,0)(0,255,0)(0,255,0)(0,255,0)(0,255,0)(0,255,0)(0,255,0)(0,255,0)(0,255,0)&#10;(0,255,0)(0,255,0)(0,255,0)(0,255,0)(0,255,0)(0,255,0)(0,255,0)(0,255,0)(0,255,0)(0,255,0)(0,255,0)(0,255,0)(0,255,0)(0,255,0)(0,255,0)(0,255,0)(0,255,0)(0,255,0)(0,255,0)(0,255,0)(0,255,0)(0,255,0)(0,255,0)(0,255,0)(0,255,0)(0,255,0)(0,255,0)(0,255,0)(0,255,0)(0,255,0)(0,255,0)(0,255,0)(0,255,0)(0,255,0)(0,255,0)(0,255,0)(0,255,0)(0,255,0)(0,255,0)(0,255,0)(0,255,0)(0,255,0)(0,255,0)(0,255,0)(0,255,0)(0,255,0)(0,255,0)(0,255,0)(0,255,0)(0,255,0)(0,255,0)(0,255,0)(0,255,0)(0,255,0)(0,255,0)(0,255,0)(0,255,0)(0,255,0)(0,255,0)(0,255,0)(0,255,0)(0,255,0)(0,255,0)(0,255,0)&#10;(0,255,0)(0,255,0)(0,255,0)(0,255,0)(0,255,0)(0,255,0)(0,255,0)(0,255,0)(0,255,0)(0,255,0)(0,255,0)(0,255,0)(0,255,0)(0,255,0)(0,255,0)(0,255,0)(0,255,0)(0,255,0)(0,255,0)(0,255,0)(0,255,0)(0,255,0)(0,255,0)(0,255,0)(0,255,0)(0,255,0)(0,255,0)(0,255,0)(0,255,0)(0,255,0)(0,255,0)(0,255,0)(0,255,0)(0,255,0)(0,255,0)(0,255,0)(0,255,0)(0,255,0)(0,255,0)(0,255,0)(0,255,0)(0,255,0)(0,255,0)(0,255,0)(0,255,0)(0,255,0)(0,255,0)(0,255,0)(0,255,0)(0,255,0)(0,255,0)(0,255,0)(0,255,0)(0,255,0)(0,255,0)(0,255,0)(0,255,0)(0,255,0)(0,255,0)(0,255,0)(0,255,0)(0,255,0)(0,255,0)(0,255,0)&#10;(0,255,0)(0,255,0)(0,255,0)(0,255,0)(0,255,0)(0,255,0)(0,255,0)(0,255,0)(0,255,0)(0,255,0)(0,255,0)(0,255,0)(0,255,0)(0,255,0)(0,255,0)(0,255,0)(0,255,0)(0,255,0)(0,255,0)(0,255,0)(0,255,0)(0,255,0)(0,255,0)(0,255,0)(0,255,0)(0,255,0)(0,255,0)(0,255,0)(0,255,0)(0,255,0)(0,255,0)(0,255,0)(0,255,0)(0,255,0)(0,255,0)(0,255,0)(0,255,0)(0,255,0)(0,255,0)(0,255,0)(0,255,0)(0,255,0)(0,255,0)(0,255,0)(0,255,0)(0,255,0)(0,255,0)(0,255,0)(0,255,0)(0,255,0)(0,255,0)(0,255,0)(0,255,0)(0,255,0)(0,255,0)(0,255,0)(0,255,0)(0,255,0)(0,255,0)(0,255,0)(0,255,0)(0,255,0)(0,255,0)(0,255,0)&#10;(0,255,0)(0,255,0)(0,255,0)(0,255,0)(0,255,0)(0,255,0)(0,255,0)(0,255,0)(0,255,0)(0,255,0)(0,255,0)(0,255,0)(0,255,0)(0,255,0)(0,255,0)(0,255,0)(0,255,0)(0,255,0)(0,255,0)(0,255,0)(0,255,0)(0,255,0)(0,255,0)(0,255,0)(0,255,0)(0,255,0)(0,255,0)(0,255,0)(0,255,0)(0,255,0)(0,255,0)(0,255,0)(0,255,0)(0,255,0)(0,255,0)(0,255,0)(0,255,0)(0,255,0)(0,255,0)(0,255,0)(0,255,0)(0,255,0)(0,255,0)(0,255,0)(0,255,0)(0,255,0)(0,255,0)(0,255,0)(0,255,0)(0,255,0)(0,255,0)(0,255,0)(0,255,0)(0,255,0)(0,255,0)(0,255,0)(0,255,0)(0,255,0)(0,255,0)(0,255,0)(0,255,0)(0,255,0)(0,255,0)(0,255,0)&#10;(0,255,0)(0,255,0)(0,255,0)(0,255,0)(0,255,0)(0,255,0)(0,255,0)(0,255,0)(0,255,0)(0,255,0)(0,255,0)(0,255,0)(0,255,0)(0,255,0)(0,255,0)(0,255,0)(0,255,0)(0,255,0)(0,255,0)(0,255,0)(0,255,0)(0,255,0)(0,255,0)(0,255,0)(0,255,0)(0,255,0)(0,255,0)(0,255,0)(0,255,0)(0,255,0)(0,255,0)(0,255,0)(0,255,0)(0,255,0)(0,255,0)(0,255,0)(0,255,0)(0,255,0)(0,255,0)(0,255,0)(0,255,0)(0,255,0)(0,255,0)(0,255,0)(0,255,0)(0,255,0)(0,255,0)(0,255,0)(0,255,0)(0,255,0)(0,255,0)(0,255,0)(0,255,0)(0,255,0)(0,255,0)(0,255,0)(0,255,0)(0,255,0)(0,255,0)(0,255,0)(0,255,0)(0,255,0)(0,255,0)(0,255,0)&#10;(0,255,0)(0,255,0)(0,255,0)(0,255,0)(0,255,0)(0,255,0)(0,255,0)(0,255,0)(0,255,0)(0,255,0)(0,255,0)(0,255,0)(0,255,0)(0,255,0)(0,255,0)(0,255,0)(0,255,0)(0,255,0)(0,255,0)(0,255,0)(0,255,0)(0,255,0)(0,255,0)(0,255,0)(0,255,0)(0,255,0)(0,255,0)(0,255,0)(0,255,0)(0,255,0)(0,255,0)(0,255,0)(0,255,0)(0,255,0)(0,255,0)(0,255,0)(0,255,0)(0,255,0)(0,255,0)(0,255,0)(0,255,0)(0,255,0)(0,255,0)(0,255,0)(0,255,0)(0,255,0)(0,255,0)(0,255,0)(0,255,0)(0,255,0)(0,255,0)(0,255,0)(0,255,0)(0,255,0)(0,255,0)(0,255,0)(0,255,0)(0,255,0)(0,255,0)(0,255,0)(0,255,0)(0,255,0)(0,255,0)(0,255,0)&#10;(0,255,0)(0,255,0)(0,255,0)(0,255,0)(0,255,0)(0,255,0)(0,255,0)(0,255,0)(0,255,0)(0,255,0)(0,255,0)(0,255,0)(0,255,0)(0,255,0)(0,255,0)(0,255,0)(0,255,0)(0,255,0)(0,255,0)(0,255,0)(0,255,0)(0,255,0)(0,255,0)(0,255,0)(0,0,0)(0,0,0)(0,0,0)(0,0,0)(0,0,0)(0,0,0)(0,0,0)(0,0,0)(0,0,0)(0,0,0)(0,0,0)(0,0,0)(0,0,0)(0,255,0)(0,255,0)(0,255,0)(0,255,0)(0,255,0)(0,255,0)(0,255,0)(0,255,0)(0,255,0)(0,255,0)(0,255,0)(0,255,0)(0,255,0)(0,255,0)(0,255,0)(0,255,0)(0,255,0)(0,255,0)(0,255,0)(0,255,0)(0,255,0)(0,255,0)(0,255,0)(0,255,0)(0,255,0)(0,255,0)(0,255,0)&#10;(0,255,0)(0,255,0)(0,255,0)(0,255,0)(0,255,0)(0,255,0)(0,255,0)(0,255,0)(0,255,0)(0,255,0)(0,255,0)(0,255,0)(0,255,0)(0,255,0)(0,255,0)(0,255,0)(0,255,0)(0,255,0)(0,255,0)(0,255,0)(0,255,0)(0,255,0)(0,255,0)(0,255,0)(0,0,0)(0,0,0)(0,0,0)(0,0,0)(0,0,0)(0,0,0)(0,0,0)(0,0,0)(0,0,0)(0,0,0)(0,0,0)(0,0,0)(0,0,0)(0,255,0)(0,255,0)(0,255,0)(0,255,0)(0,255,0)(0,255,0)(0,255,0)(0,255,0)(0,255,0)(0,255,0)(0,255,0)(0,255,0)(0,255,0)(0,255,0)(0,255,0)(0,255,0)(0,255,0)(0,255,0)(0,255,0)(0,255,0)(0,255,0)(0,255,0)(0,255,0)(0,255,0)(0,255,0)(0,255,0)(0,255,0)&#10;(0,255,0)(0,255,0)(0,255,0)(0,255,0)(0,255,0)(0,255,0)(0,255,0)(0,255,0)(0,255,0)(0,255,0)(0,255,0)(0,255,0)(0,255,0)(0,255,0)(0,255,0)(0,255,0)(0,255,0)(0,255,0)(0,255,0)(0,255,0)(0,255,0)(0,255,0)(0,255,0)(0,255,0)(0,0,0)(0,0,0)(0,255,0)(0,255,0)(0,255,0)(0,255,0)(0,255,0)(0,255,0)(0,255,0)(0,255,0)(0,255,0)(0,0,0)(0,0,0)(0,255,0)(0,255,0)(0,255,0)(0,255,0)(0,255,0)(0,255,0)(0,255,0)(0,255,0)(0,255,0)(0,255,0)(0,255,0)(0,255,0)(0,255,0)(0,255,0)(0,255,0)(0,255,0)(0,255,0)(0,255,0)(0,255,0)(0,255,0)(0,255,0)(0,255,0)(0,255,0)(0,255,0)(0,255,0)(0,255,0)(0,255,0)&#10;(0,255,0)(0,255,0)(0,255,0)(0,255,0)(0,255,0)(0,255,0)(0,255,0)(0,255,0)(0,255,0)(0,255,0)(0,255,0)(0,255,0)(0,255,0)(0,255,0)(0,255,0)(0,255,0)(0,255,0)(0,255,0)(0,255,0)(0,255,0)(0,255,0)(0,255,0)(0,255,0)(0,255,0)(0,0,0)(0,0,0)(0,255,0)(0,255,0)(0,255,0)(0,255,0)(0,255,0)(0,255,0)(0,255,0)(0,255,0)(0,255,0)(0,0,0)(0,0,0)(0,255,0)(0,255,0)(0,255,0)(0,255,0)(0,255,0)(0,255,0)(0,255,0)(0,255,0)(0,255,0)(0,255,0)(0,255,0)(0,255,0)(0,255,0)(0,255,0)(0,255,0)(0,255,0)(0,255,0)(0,255,0)(0,255,0)(0,255,0)(0,255,0)(0,255,0)(0,255,0)(0,255,0)(0,255,0)(0,255,0)(0,255,0)&#10;(0,255,0)(0,255,0)(0,255,0)(0,255,0)(0,255,0)(0,255,0)(0,255,0)(0,255,0)(0,255,0)(0,255,0)(0,255,0)(0,255,0)(0,255,0)(0,255,0)(0,255,0)(0,255,0)(0,255,0)(0,255,0)(0,255,0)(0,255,0)(0,255,0)(0,255,0)(0,255,0)(0,255,0)(0,9,0)(0,0,0)(0,249,0)(0,255,0)(0,255,0)(0,255,0)(0,255,0)(0,255,0)(0,255,0)(0,255,0)(0,248,0)(0,0,0)(0,6,0)(0,255,0)(0,255,0)(0,255,0)(0,255,0)(0,255,0)(0,255,0)(0,255,0)(0,255,0)(0,255,0)(0,255,0)(0,255,0)(0,255,0)(0,255,0)(0,255,0)(0,255,0)(0,255,0)(0,255,0)(0,255,0)(0,255,0)(0,255,0)(0,255,0)(0,255,0)(0,255,0)(0,255,0)(0,255,0)(0,255,0)(0,255,0)&#10;(0,255,0)(0,255,0)(0,255,0)(0,255,0)(0,255,0)(0,255,0)(0,255,0)(0,255,0)(0,255,0)(0,255,0)(0,255,0)(0,255,0)(0,255,0)(0,255,0)(0,255,0)(0,255,0)(0,255,0)(0,255,0)(0,255,0)(0,255,0)(0,255,0)(0,255,0)(0,255,0)(0,255,0)(0,28,0)(0,0,0)(0,224,0)(0,255,0)(0,255,0)(0,255,0)(0,255,0)(0,255,0)(0,255,0)(0,255,0)(0,223,0)(0,0,0)(0,27,0)(0,255,0)(0,255,0)(0,255,0)(0,255,0)(0,255,0)(0,255,0)(0,255,0)(0,255,0)(0,255,0)(0,255,0)(0,255,0)(0,255,0)(0,255,0)(0,255,0)(0,255,0)(0,255,0)(0,255,0)(0,255,0)(0,255,0)(0,255,0)(0,255,0)(0,255,0)(0,255,0)(0,255,0)(0,255,0)(0,255,0)(0,255,0)&#10;(0,255,0)(0,255,0)(0,255,0)(0,255,0)(0,255,0)(0,255,0)(0,255,0)(0,255,0)(0,255,0)(0,255,0)(0,255,0)(0,255,0)(0,255,0)(0,255,0)(0,255,0)(0,255,0)(0,255,0)(0,255,0)(0,255,0)(0,255,0)(0,255,0)(0,255,0)(0,255,0)(0,255,0)(0,74,0)(0,0,0)(0,161,0)(0,255,0)(0,255,0)(0,255,0)(0,255,0)(0,255,0)(0,255,0)(0,255,0)(0,160,0)(0,0,0)(0,71,0)(0,255,0)(0,255,0)(0,255,0)(0,255,0)(0,255,0)(0,255,0)(0,255,0)(0,255,0)(0,255,0)(0,255,0)(0,255,0)(0,255,0)(0,255,0)(0,255,0)(0,255,0)(0,255,0)(0,255,0)(0,255,0)(0,255,0)(0,255,0)(0,255,0)(0,255,0)(0,255,0)(0,255,0)(0,255,0)(0,255,0)(0,255,0)&#10;(0,255,0)(0,255,0)(0,255,0)(0,255,0)(0,255,0)(0,255,0)(0,255,0)(0,255,0)(0,255,0)(0,255,0)(0,255,0)(0,255,0)(0,255,0)(0,255,0)(0,255,0)(0,255,0)(0,255,0)(0,255,0)(0,255,0)(0,255,0)(0,255,0)(0,255,0)(0,255,0)(0,255,0)(0,150,0)(0,0,0)(0,40,0)(0,244,0)(0,255,0)(0,255,0)(0,255,0)(0,255,0)(0,255,0)(0,244,0)(0,40,0)(0,0,0)(0,145,0)(0,255,0)(0,255,0)(0,255,0)(0,255,0)(0,255,0)(0,255,0)(0,255,0)(0,255,0)(0,255,0)(0,255,0)(0,255,0)(0,255,0)(0,255,0)(0,255,0)(0,255,0)(0,255,0)(0,255,0)(0,255,0)(0,255,0)(0,255,0)(0,255,0)(0,255,0)(0,255,0)(0,255,0)(0,255,0)(0,255,0)(0,255,0)&#10;(0,255,0)(0,255,0)(0,255,0)(0,255,0)(0,255,0)(0,255,0)(0,255,0)(0,255,0)(0,255,0)(0,255,0)(0,255,0)(0,255,0)(0,255,0)(0,255,0)(0,255,0)(0,255,0)(0,255,0)(0,255,0)(0,255,0)(0,255,0)(0,255,0)(0,255,0)(0,255,0)(0,255,0)(0,243,0)(0,30,0)(0,0,0)(0,45,0)(0,172,0)(0,233,0)(0,251,0)(0,234,0)(0,173,0)(0,46,0)(0,0,0)(0,25,0)(0,242,0)(0,255,0)(0,255,0)(0,255,0)(0,255,0)(0,255,0)(0,255,0)(0,255,0)(0,255,0)(0,255,0)(0,255,0)(0,255,0)(0,255,0)(0,255,0)(0,255,0)(0,255,0)(0,255,0)(0,255,0)(0,255,0)(0,255,0)(0,255,0)(0,255,0)(0,255,0)(0,255,0)(0,255,0)(0,255,0)(0,255,0)(0,255,0)&#10;(0,255,0)(0,255,0)(0,255,0)(0,255,0)(0,255,0)(0,255,0)(0,255,0)(0,255,0)(0,255,0)(0,255,0)(0,255,0)(0,255,0)(0,255,0)(0,255,0)(0,255,0)(0,255,0)(0,255,0)(0,255,0)(0,255,0)(0,255,0)(0,255,0)(0,255,0)(0,255,0)(0,255,0)(0,255,0)(0,203,0)(0,22,0)(0,0,0)(0,0,0)(0,0,0)(0,0,0)(0,0,0)(0,0,0)(0,0,0)(0,22,0)(0,203,0)(0,255,0)(0,255,0)(0,255,0)(0,255,0)(0,255,0)(0,255,0)(0,255,0)(0,255,0)(0,255,0)(0,255,0)(0,255,0)(0,255,0)(0,255,0)(0,255,0)(0,255,0)(0,255,0)(0,255,0)(0,255,0)(0,255,0)(0,255,0)(0,255,0)(0,255,0)(0,255,0)(0,255,0)(0,255,0)(0,255,0)(0,255,0)(0,255,0)&#10;(0,255,0)(0,255,0)(0,255,0)(0,255,0)(0,255,0)(0,255,0)(0,255,0)(0,255,0)(0,255,0)(0,255,0)(0,255,0)(0,255,0)(0,255,0)(0,255,0)(0,255,0)(0,255,0)(0,255,0)(0,255,0)(0,255,0)(0,255,0)(0,255,0)(0,255,0)(0,255,0)(0,255,0)(0,255,0)(0,255,0)(0,236,0)(0,129,0)(0,56,0)(0,18,0)(0,4,0)(0,17,0)(0,55,0)(0,128,0)(0,236,0)(0,255,0)(0,255,0)(0,255,0)(0,255,0)(0,255,0)(0,255,0)(0,255,0)(0,255,0)(0,255,0)(0,255,0)(0,255,0)(0,255,0)(0,255,0)(0,255,0)(0,255,0)(0,255,0)(0,255,0)(0,255,0)(0,255,0)(0,255,0)(0,255,0)(0,255,0)(0,255,0)(0,255,0)(0,255,0)(0,255,0)(0,255,0)(0,255,0)(0,255,0)&#10;(0,255,0)(0,255,0)(0,255,0)(0,255,0)(0,255,0)(0,255,0)(0,255,0)(0,255,0)(0,255,0)(0,255,0)(0,255,0)(0,255,0)(0,255,0)(0,255,0)(0,255,0)(0,255,0)(0,255,0)(0,255,0)(0,255,0)(0,255,0)(0,255,0)(0,255,0)(0,255,0)(0,255,0)(0,255,0)(0,255,0)(0,255,0)(0,255,0)(0,255,0)(0,255,0)(0,255,0)(0,255,0)(0,255,0)(0,255,0)(0,255,0)(0,255,0)(0,255,0)(0,255,0)(0,255,0)(0,255,0)(0,255,0)(0,255,0)(0,255,0)(0,255,0)(0,255,0)(0,255,0)(0,255,0)(0,255,0)(0,255,0)(0,255,0)(0,255,0)(0,255,0)(0,255,0)(0,255,0)(0,255,0)(0,255,0)(0,255,0)(0,255,0)(0,255,0)(0,255,0)(0,255,0)(0,255,0)(0,255,0)(0,255,0)&#10;(0,255,0)(0,255,0)(0,255,0)(0,255,0)(0,255,0)(0,255,0)(0,255,0)(0,255,0)(0,255,0)(0,255,0)(0,255,0)(0,255,0)(0,255,0)(0,255,0)(0,255,0)(0,255,0)(0,255,0)(0,255,0)(0,255,0)(0,255,0)(0,255,0)(0,255,0)(0,255,0)(0,255,0)(0,255,0)(0,255,0)(0,255,0)(0,255,0)(0,255,0)(0,255,0)(0,255,0)(0,255,0)(0,255,0)(0,255,0)(0,255,0)(0,255,0)(0,255,0)(0,255,0)(0,255,0)(0,255,0)(0,255,0)(0,255,0)(0,255,0)(0,255,0)(0,255,0)(0,255,0)(0,255,0)(0,255,0)(0,255,0)(0,255,0)(0,255,0)(0,255,0)(0,255,0)(0,255,0)(0,255,0)(0,255,0)(0,255,0)(0,255,0)(0,255,0)(0,255,0)(0,255,0)(0,255,0)(0,255,0)(0,255,0)&#10;(0,255,0)(0,255,0)(0,255,0)(0,255,0)(0,255,0)(0,255,0)(0,255,0)(0,255,0)(0,255,0)(0,255,0)(0,255,0)(0,255,0)(0,255,0)(0,255,0)(0,255,0)(0,255,0)(0,255,0)(0,255,0)(0,255,0)(0,255,0)(0,255,0)(0,255,0)(0,255,0)(0,255,0)(0,255,0)(0,248,0)(0,136,0)(0,46,0)(0,8,0)(0,8,0)(0,46,0)(0,136,0)(0,248,0)(0,255,0)(0,255,0)(0,255,0)(0,255,0)(0,255,0)(0,255,0)(0,255,0)(0,255,0)(0,255,0)(0,255,0)(0,255,0)(0,255,0)(0,255,0)(0,255,0)(0,255,0)(0,255,0)(0,255,0)(0,255,0)(0,255,0)(0,255,0)(0,255,0)(0,255,0)(0,255,0)(0,255,0)(0,255,0)(0,255,0)(0,255,0)(0,255,0)(0,255,0)(0,255,0)(0,255,0)&#10;(0,255,0)(0,255,0)(0,255,0)(0,255,0)(0,255,0)(0,255,0)(0,255,0)(0,255,0)(0,255,0)(0,255,0)(0,255,0)(0,255,0)(0,255,0)(0,255,0)(0,255,0)(0,255,0)(0,255,0)(0,255,0)(0,255,0)(0,255,0)(0,255,0)(0,255,0)(0,255,0)(0,255,0)(0,248,0)(0,61,0)(0,0,0)(0,0,0)(0,0,0)(0,0,0)(0,0,0)(0,0,0)(0,62,0)(0,249,0)(0,255,0)(0,255,0)(0,255,0)(0,255,0)(0,255,0)(0,255,0)(0,255,0)(0,255,0)(0,255,0)(0,255,0)(0,255,0)(0,255,0)(0,255,0)(0,255,0)(0,255,0)(0,255,0)(0,255,0)(0,255,0)(0,255,0)(0,255,0)(0,255,0)(0,255,0)(0,255,0)(0,255,0)(0,255,0)(0,255,0)(0,255,0)(0,255,0)(0,255,0)(0,255,0)&#10;(0,255,0)(0,255,0)(0,255,0)(0,255,0)(0,255,0)(0,255,0)(0,255,0)(0,255,0)(0,255,0)(0,255,0)(0,255,0)(0,255,0)(0,255,0)(0,255,0)(0,255,0)(0,255,0)(0,255,0)(0,255,0)(0,255,0)(0,255,0)(0,255,0)(0,255,0)(0,255,0)(0,255,0)(0,136,0)(0,0,0)(0,19,0)(0,170,0)(0,244,0)(0,244,0)(0,168,0)(0,17,0)(0,0,0)(0,136,0)(0,255,0)(0,255,0)(0,255,0)(0,255,0)(0,255,0)(0,255,0)(0,255,0)(0,255,0)(0,255,0)(0,255,0)(0,255,0)(0,255,0)(0,255,0)(0,255,0)(0,255,0)(0,255,0)(0,255,0)(0,255,0)(0,255,0)(0,255,0)(0,255,0)(0,255,0)(0,255,0)(0,255,0)(0,255,0)(0,255,0)(0,255,0)(0,255,0)(0,255,0)(0,255,0)&#10;(0,255,0)(0,255,0)(0,255,0)(0,255,0)(0,255,0)(0,255,0)(0,255,0)(0,255,0)(0,255,0)(0,255,0)(0,255,0)(0,255,0)(0,255,0)(0,255,0)(0,255,0)(0,255,0)(0,255,0)(0,255,0)(0,255,0)(0,255,0)(0,255,0)(0,255,0)(0,255,0)(0,255,0)(0,46,0)(0,0,0)(0,170,0)(0,255,0)(0,255,0)(0,255,0)(0,255,0)(0,167,0)(0,0,0)(0,47,0)(0,255,0)(0,255,0)(0,255,0)(0,255,0)(0,255,0)(0,255,0)(0,255,0)(0,255,0)(0,255,0)(0,255,0)(0,255,0)(0,255,0)(0,255,0)(0,255,0)(0,255,0)(0,255,0)(0,255,0)(0,255,0)(0,255,0)(0,255,0)(0,255,0)(0,255,0)(0,255,0)(0,255,0)(0,255,0)(0,255,0)(0,255,0)(0,255,0)(0,255,0)(0,255,0)&#10;(0,255,0)(0,255,0)(0,255,0)(0,255,0)(0,255,0)(0,255,0)(0,255,0)(0,255,0)(0,255,0)(0,255,0)(0,255,0)(0,255,0)(0,255,0)(0,255,0)(0,255,0)(0,255,0)(0,255,0)(0,255,0)(0,255,0)(0,255,0)(0,255,0)(0,255,0)(0,255,0)(0,255,0)(0,8,0)(0,0,0)(0,244,0)(0,255,0)(0,255,0)(0,255,0)(0,255,0)(0,243,0)(0,0,0)(0,9,0)(0,255,0)(0,255,0)(0,255,0)(0,255,0)(0,255,0)(0,255,0)(0,255,0)(0,255,0)(0,255,0)(0,255,0)(0,255,0)(0,255,0)(0,255,0)(0,255,0)(0,255,0)(0,255,0)(0,255,0)(0,255,0)(0,255,0)(0,255,0)(0,255,0)(0,255,0)(0,255,0)(0,255,0)(0,255,0)(0,255,0)(0,255,0)(0,255,0)(0,255,0)(0,255,0)&#10;(0,255,0)(0,255,0)(0,255,0)(0,255,0)(0,255,0)(0,255,0)(0,255,0)(0,255,0)(0,255,0)(0,255,0)(0,255,0)(0,255,0)(0,255,0)(0,255,0)(0,255,0)(0,255,0)(0,255,0)(0,255,0)(0,255,0)(0,255,0)(0,255,0)(0,255,0)(0,255,0)(0,255,0)(0,9,0)(0,0,0)(0,244,0)(0,255,0)(0,255,0)(0,255,0)(0,255,0)(0,243,0)(0,0,0)(0,9,0)(0,255,0)(0,255,0)(0,255,0)(0,255,0)(0,255,0)(0,255,0)(0,255,0)(0,255,0)(0,255,0)(0,255,0)(0,255,0)(0,255,0)(0,255,0)(0,255,0)(0,255,0)(0,255,0)(0,255,0)(0,255,0)(0,255,0)(0,255,0)(0,255,0)(0,255,0)(0,255,0)(0,255,0)(0,255,0)(0,255,0)(0,255,0)(0,255,0)(0,255,0)(0,255,0)&#10;(0,255,0)(0,255,0)(0,255,0)(0,255,0)(0,255,0)(0,255,0)(0,255,0)(0,255,0)(0,255,0)(0,255,0)(0,255,0)(0,255,0)(0,255,0)(0,255,0)(0,255,0)(0,255,0)(0,255,0)(0,255,0)(0,255,0)(0,255,0)(0,255,0)(0,255,0)(0,255,0)(0,255,0)(0,46,0)(0,0,0)(0,168,0)(0,255,0)(0,255,0)(0,255,0)(0,255,0)(0,166,0)(0,0,0)(0,47,0)(0,255,0)(0,255,0)(0,255,0)(0,255,0)(0,255,0)(0,255,0)(0,255,0)(0,255,0)(0,255,0)(0,255,0)(0,255,0)(0,255,0)(0,255,0)(0,255,0)(0,255,0)(0,255,0)(0,255,0)(0,255,0)(0,255,0)(0,255,0)(0,255,0)(0,255,0)(0,255,0)(0,255,0)(0,255,0)(0,255,0)(0,255,0)(0,255,0)(0,255,0)(0,255,0)&#10;(0,255,0)(0,255,0)(0,255,0)(0,255,0)(0,255,0)(0,255,0)(0,255,0)(0,255,0)(0,255,0)(0,255,0)(0,255,0)(0,255,0)(0,255,0)(0,255,0)(0,255,0)(0,255,0)(0,255,0)(0,255,0)(0,255,0)(0,255,0)(0,255,0)(0,255,0)(0,255,0)(0,255,0)(0,137,0)(0,0,0)(0,17,0)(0,167,0)(0,243,0)(0,243,0)(0,165,0)(0,16,0)(0,0,0)(0,138,0)(0,255,0)(0,255,0)(0,255,0)(0,255,0)(0,255,0)(0,255,0)(0,255,0)(0,255,0)(0,255,0)(0,255,0)(0,255,0)(0,255,0)(0,255,0)(0,255,0)(0,255,0)(0,255,0)(0,255,0)(0,255,0)(0,255,0)(0,255,0)(0,255,0)(0,255,0)(0,255,0)(0,255,0)(0,255,0)(0,255,0)(0,255,0)(0,255,0)(0,255,0)(0,255,0)&#10;(0,255,0)(0,255,0)(0,255,0)(0,255,0)(0,255,0)(0,255,0)(0,255,0)(0,255,0)(0,255,0)(0,255,0)(0,255,0)(0,255,0)(0,255,0)(0,255,0)(0,255,0)(0,255,0)(0,255,0)(0,255,0)(0,255,0)(0,255,0)(0,255,0)(0,255,0)(0,255,0)(0,255,0)(0,249,0)(0,64,0)(0,0,0)(0,0,0)(0,0,0)(0,0,0)(0,0,0)(0,0,0)(0,65,0)(0,250,0)(0,255,0)(0,255,0)(0,255,0)(0,255,0)(0,255,0)(0,255,0)(0,255,0)(0,255,0)(0,255,0)(0,255,0)(0,255,0)(0,255,0)(0,255,0)(0,255,0)(0,255,0)(0,255,0)(0,255,0)(0,255,0)(0,255,0)(0,255,0)(0,255,0)(0,255,0)(0,255,0)(0,255,0)(0,255,0)(0,255,0)(0,255,0)(0,255,0)(0,255,0)(0,255,0)&#10;(0,255,0)(0,255,0)(0,255,0)(0,255,0)(0,255,0)(0,255,0)(0,255,0)(0,255,0)(0,255,0)(0,255,0)(0,255,0)(0,255,0)(0,255,0)(0,255,0)(0,255,0)(0,255,0)(0,255,0)(0,255,0)(0,255,0)(0,255,0)(0,255,0)(0,255,0)(0,255,0)(0,255,0)(0,255,0)(0,249,0)(0,138,0)(0,48,0)(0,9,0)(0,9,0)(0,48,0)(0,138,0)(0,250,0)(0,255,0)(0,255,0)(0,255,0)(0,255,0)(0,255,0)(0,255,0)(0,255,0)(0,255,0)(0,255,0)(0,255,0)(0,255,0)(0,255,0)(0,255,0)(0,255,0)(0,255,0)(0,255,0)(0,255,0)(0,255,0)(0,255,0)(0,255,0)(0,255,0)(0,255,0)(0,255,0)(0,255,0)(0,255,0)(0,255,0)(0,255,0)(0,255,0)(0,255,0)(0,255,0)(0,255,0)&#10;(0,255,0)(0,255,0)(0,255,0)(0,255,0)(0,255,0)(0,255,0)(0,255,0)(0,255,0)(0,255,0)(0,255,0)(0,255,0)(0,255,0)(0,255,0)(0,255,0)(0,255,0)(0,255,0)(0,255,0)(0,255,0)(0,255,0)(0,255,0)(0,255,0)(0,255,0)(0,255,0)(0,255,0)(0,255,0)(0,255,0)(0,255,0)(0,255,0)(0,255,0)(0,255,0)(0,255,0)(0,255,0)(0,255,0)(0,255,0)(0,255,0)(0,255,0)(0,255,0)(0,255,0)(0,255,0)(0,255,0)(0,255,0)(0,255,0)(0,255,0)(0,255,0)(0,255,0)(0,255,0)(0,255,0)(0,255,0)(0,255,0)(0,255,0)(0,255,0)(0,255,0)(0,255,0)(0,255,0)(0,255,0)(0,255,0)(0,255,0)(0,255,0)(0,255,0)(0,255,0)(0,255,0)(0,255,0)(0,255,0)(0,255,0)&#10;(0,255,0)(0,255,0)(0,255,0)(0,255,0)(0,255,0)(0,255,0)(0,255,0)(0,255,0)(0,255,0)(0,255,0)(0,255,0)(0,255,0)(0,255,0)(0,255,0)(0,255,0)(0,255,0)(0,255,0)(0,255,0)(0,255,0)(0,255,0)(0,255,0)(0,255,0)(0,255,0)(0,255,0)(0,255,0)(0,255,0)(0,249,0)(0,153,0)(0,65,0)(0,19,0)(0,4,0)(0,19,0)(0,66,0)(0,154,0)(0,250,0)(0,255,0)(0,255,0)(0,255,0)(0,255,0)(0,255,0)(0,255,0)(0,255,0)(0,255,0)(0,255,0)(0,255,0)(0,255,0)(0,255,0)(0,255,0)(0,255,0)(0,255,0)(0,255,0)(0,255,0)(0,255,0)(0,255,0)(0,255,0)(0,255,0)(0,255,0)(0,255,0)(0,255,0)(0,255,0)(0,255,0)(0,255,0)(0,255,0)(0,255,0)&#10;(0,255,0)(0,255,0)(0,255,0)(0,255,0)(0,255,0)(0,255,0)(0,255,0)(0,255,0)(0,255,0)(0,255,0)(0,255,0)(0,255,0)(0,255,0)(0,255,0)(0,255,0)(0,255,0)(0,255,0)(0,255,0)(0,255,0)(0,255,0)(0,255,0)(0,255,0)(0,255,0)(0,255,0)(0,255,0)(0,228,0)(0,49,0)(0,0,0)(0,0,0)(0,0,0)(0,0,0)(0,0,0)(0,0,0)(0,0,0)(0,51,0)(0,230,0)(0,255,0)(0,255,0)(0,255,0)(0,255,0)(0,255,0)(0,255,0)(0,255,0)(0,255,0)(0,255,0)(0,255,0)(0,255,0)(0,255,0)(0,255,0)(0,255,0)(0,255,0)(0,255,0)(0,255,0)(0,255,0)(0,255,0)(0,255,0)(0,255,0)(0,255,0)(0,255,0)(0,255,0)(0,255,0)(0,255,0)(0,255,0)(0,255,0)&#10;(0,255,0)(0,255,0)(0,255,0)(0,255,0)(0,255,0)(0,255,0)(0,255,0)(0,255,0)(0,255,0)(0,255,0)(0,255,0)(0,255,0)(0,255,0)(0,255,0)(0,255,0)(0,255,0)(0,255,0)(0,255,0)(0,255,0)(0,255,0)(0,255,0)(0,255,0)(0,255,0)(0,255,0)(0,250,0)(0,51,0)(0,0,0)(0,33,0)(0,162,0)(0,232,0)(0,251,0)(0,232,0)(0,162,0)(0,32,0)(0,0,0)(0,54,0)(0,251,0)(0,255,0)(0,255,0)(0,255,0)(0,255,0)(0,255,0)(0,255,0)(0,255,0)(0,255,0)(0,255,0)(0,255,0)(0,255,0)(0,255,0)(0,255,0)(0,255,0)(0,255,0)(0,255,0)(0,255,0)(0,255,0)(0,255,0)(0,255,0)(0,255,0)(0,255,0)(0,255,0)(0,255,0)(0,255,0)(0,255,0)(0,255,0)&#10;(0,255,0)(0,255,0)(0,255,0)(0,255,0)(0,255,0)(0,255,0)(0,255,0)(0,255,0)(0,255,0)(0,255,0)(0,255,0)(0,255,0)(0,255,0)(0,255,0)(0,255,0)(0,255,0)(0,255,0)(0,255,0)(0,255,0)(0,255,0)(0,255,0)(0,255,0)(0,255,0)(0,255,0)(0,158,0)(0,0,0)(0,29,0)(0,234,0)(0,255,0)(0,255,0)(0,255,0)(0,255,0)(0,255,0)(0,233,0)(0,28,0)(0,0,0)(0,160,0)(0,255,0)(0,255,0)(0,255,0)(0,255,0)(0,255,0)(0,255,0)(0,255,0)(0,255,0)(0,255,0)(0,255,0)(0,255,0)(0,255,0)(0,255,0)(0,255,0)(0,255,0)(0,255,0)(0,255,0)(0,255,0)(0,255,0)(0,255,0)(0,255,0)(0,255,0)(0,255,0)(0,255,0)(0,255,0)(0,255,0)(0,255,0)&#10;(0,255,0)(0,255,0)(0,255,0)(0,255,0)(0,255,0)(0,255,0)(0,255,0)(0,255,0)(0,255,0)(0,255,0)(0,255,0)(0,255,0)(0,255,0)(0,255,0)(0,255,0)(0,255,0)(0,255,0)(0,255,0)(0,255,0)(0,255,0)(0,255,0)(0,255,0)(0,255,0)(0,255,0)(0,70,0)(0,0,0)(0,153,0)(0,255,0)(0,255,0)(0,255,0)(0,255,0)(0,255,0)(0,255,0)(0,255,0)(0,152,0)(0,0,0)(0,72,0)(0,255,0)(0,255,0)(0,255,0)(0,255,0)(0,255,0)(0,255,0)(0,255,0)(0,255,0)(0,255,0)(0,255,0)(0,255,0)(0,255,0)(0,255,0)(0,255,0)(0,255,0)(0,255,0)(0,255,0)(0,255,0)(0,255,0)(0,255,0)(0,255,0)(0,255,0)(0,255,0)(0,255,0)(0,255,0)(0,255,0)(0,255,0)&#10;(0,255,0)(0,255,0)(0,255,0)(0,255,0)(0,255,0)(0,255,0)(0,255,0)(0,255,0)(0,255,0)(0,255,0)(0,255,0)(0,255,0)(0,255,0)(0,255,0)(0,255,0)(0,255,0)(0,255,0)(0,255,0)(0,255,0)(0,255,0)(0,255,0)(0,255,0)(0,255,0)(0,255,0)(0,22,0)(0,0,0)(0,224,0)(0,255,0)(0,255,0)(0,255,0)(0,255,0)(0,255,0)(0,255,0)(0,255,0)(0,223,0)(0,0,0)(0,23,0)(0,255,0)(0,255,0)(0,255,0)(0,255,0)(0,255,0)(0,255,0)(0,255,0)(0,255,0)(0,255,0)(0,255,0)(0,255,0)(0,255,0)(0,255,0)(0,255,0)(0,255,0)(0,255,0)(0,255,0)(0,255,0)(0,255,0)(0,255,0)(0,255,0)(0,255,0)(0,255,0)(0,255,0)(0,255,0)(0,255,0)(0,255,0)&#10;(0,255,0)(0,255,0)(0,255,0)(0,255,0)(0,255,0)(0,255,0)(0,255,0)(0,255,0)(0,255,0)(0,255,0)(0,255,0)(0,255,0)(0,255,0)(0,255,0)(0,255,0)(0,255,0)(0,255,0)(0,255,0)(0,255,0)(0,255,0)(0,255,0)(0,255,0)(0,255,0)(0,255,0)(0,4,0)(0,0,0)(0,250,0)(0,255,0)(0,255,0)(0,255,0)(0,255,0)(0,255,0)(0,255,0)(0,255,0)(0,250,0)(0,0,0)(0,5,0)(0,255,0)(0,255,0)(0,255,0)(0,255,0)(0,255,0)(0,255,0)(0,255,0)(0,255,0)(0,255,0)(0,255,0)(0,255,0)(0,255,0)(0,255,0)(0,255,0)(0,255,0)(0,255,0)(0,255,0)(0,255,0)(0,255,0)(0,255,0)(0,255,0)(0,255,0)(0,255,0)(0,255,0)(0,255,0)(0,255,0)(0,255,0)&#10;(0,255,0)(0,255,0)(0,255,0)(0,255,0)(0,255,0)(0,255,0)(0,255,0)(0,255,0)(0,255,0)(0,255,0)(0,255,0)(0,255,0)(0,255,0)(0,255,0)(0,255,0)(0,255,0)(0,255,0)(0,255,0)(0,255,0)(0,255,0)(0,255,0)(0,255,0)(0,255,0)(0,255,0)(0,11,0)(0,0,0)(0,246,0)(0,255,0)(0,255,0)(0,255,0)(0,255,0)(0,255,0)(0,255,0)(0,255,0)(0,245,0)(0,0,0)(0,11,0)(0,255,0)(0,255,0)(0,255,0)(0,255,0)(0,255,0)(0,255,0)(0,255,0)(0,255,0)(0,255,0)(0,255,0)(0,255,0)(0,255,0)(0,255,0)(0,255,0)(0,255,0)(0,255,0)(0,255,0)(0,255,0)(0,255,0)(0,255,0)(0,255,0)(0,255,0)(0,255,0)(0,255,0)(0,255,0)(0,255,0)(0,255,0)&#10;(0,255,0)(0,255,0)(0,255,0)(0,255,0)(0,255,0)(0,255,0)(0,255,0)(0,255,0)(0,255,0)(0,255,0)(0,255,0)(0,255,0)(0,255,0)(0,255,0)(0,255,0)(0,255,0)(0,255,0)(0,255,0)(0,255,0)(0,255,0)(0,255,0)(0,255,0)(0,255,0)(0,255,0)(0,44,0)(0,0,0)(0,215,0)(0,255,0)(0,255,0)(0,255,0)(0,255,0)(0,255,0)(0,255,0)(0,255,0)(0,214,0)(0,0,0)(0,44,0)(0,255,0)(0,255,0)(0,255,0)(0,255,0)(0,255,0)(0,255,0)(0,255,0)(0,255,0)(0,255,0)(0,255,0)(0,255,0)(0,255,0)(0,255,0)(0,255,0)(0,255,0)(0,255,0)(0,255,0)(0,255,0)(0,255,0)(0,255,0)(0,255,0)(0,255,0)(0,255,0)(0,255,0)(0,255,0)(0,255,0)(0,255,0)&#10;(0,255,0)(0,255,0)(0,255,0)(0,255,0)(0,255,0)(0,255,0)(0,255,0)(0,255,0)(0,255,0)(0,255,0)(0,255,0)(0,255,0)(0,255,0)(0,255,0)(0,255,0)(0,255,0)(0,255,0)(0,255,0)(0,255,0)(0,255,0)(0,255,0)(0,255,0)(0,255,0)(0,255,0)(0,105,0)(0,0,0)(0,154,0)(0,255,0)(0,255,0)(0,255,0)(0,255,0)(0,255,0)(0,255,0)(0,255,0)(0,154,0)(0,0,0)(0,104,0)(0,255,0)(0,255,0)(0,255,0)(0,255,0)(0,255,0)(0,255,0)(0,255,0)(0,255,0)(0,255,0)(0,255,0)(0,255,0)(0,255,0)(0,255,0)(0,255,0)(0,255,0)(0,255,0)(0,255,0)(0,255,0)(0,255,0)(0,255,0)(0,255,0)(0,255,0)(0,255,0)(0,255,0)(0,255,0)(0,255,0)(0,255,0)&#10;(0,255,0)(0,255,0)(0,255,0)(0,255,0)(0,255,0)(0,255,0)(0,255,0)(0,255,0)(0,255,0)(0,255,0)(0,255,0)(0,255,0)(0,255,0)(0,255,0)(0,255,0)(0,255,0)(0,255,0)(0,255,0)(0,255,0)(0,255,0)(0,255,0)(0,255,0)(0,255,0)(0,255,0)(0,199,0)(0,0,0)(0,58,0)(0,255,0)(0,255,0)(0,255,0)(0,255,0)(0,255,0)(0,255,0)(0,255,0)(0,58,0)(0,0,0)(0,199,0)(0,255,0)(0,255,0)(0,255,0)(0,255,0)(0,255,0)(0,255,0)(0,255,0)(0,255,0)(0,255,0)(0,255,0)(0,255,0)(0,255,0)(0,255,0)(0,255,0)(0,255,0)(0,255,0)(0,255,0)(0,255,0)(0,255,0)(0,255,0)(0,255,0)(0,255,0)(0,255,0)(0,255,0)(0,255,0)(0,255,0)(0,255,0)&#10;(0,255,0)(0,255,0)(0,255,0)(0,255,0)(0,255,0)(0,255,0)(0,255,0)(0,255,0)(0,255,0)(0,255,0)(0,255,0)(0,255,0)(0,255,0)(0,255,0)(0,255,0)(0,255,0)(0,255,0)(0,255,0)(0,255,0)(0,255,0)(0,255,0)(0,255,0)(0,255,0)(0,255,0)(0,255,0)(0,255,0)(0,255,0)(0,255,0)(0,255,0)(0,255,0)(0,255,0)(0,255,0)(0,255,0)(0,255,0)(0,255,0)(0,255,0)(0,255,0)(0,255,0)(0,255,0)(0,255,0)(0,255,0)(0,255,0)(0,255,0)(0,255,0)(0,255,0)(0,255,0)(0,255,0)(0,255,0)(0,255,0)(0,255,0)(0,255,0)(0,255,0)(0,255,0)(0,255,0)(0,255,0)(0,255,0)(0,255,0)(0,255,0)(0,255,0)(0,255,0)(0,255,0)(0,255,0)(0,255,0)(0,255,0)&#10;(0,255,0)(0,255,0)(0,255,0)(0,255,0)(0,255,0)(0,255,0)(0,255,0)(0,255,0)(0,255,0)(0,255,0)(0,255,0)(0,255,0)(0,255,0)(0,255,0)(0,255,0)(0,255,0)(0,255,0)(0,255,0)(0,255,0)(0,255,0)(0,255,0)(0,255,0)(0,255,0)(0,255,0)(0,255,0)(0,255,0)(0,255,0)(0,255,0)(0,255,0)(0,255,0)(0,255,0)(0,255,0)(0,255,0)(0,255,0)(0,255,0)(0,255,0)(0,255,0)(0,255,0)(0,255,0)(0,255,0)(0,255,0)(0,255,0)(0,255,0)(0,255,0)(0,255,0)(0,255,0)(0,255,0)(0,255,0)(0,255,0)(0,255,0)(0,255,0)(0,255,0)(0,255,0)(0,255,0)(0,255,0)(0,255,0)(0,255,0)(0,255,0)(0,255,0)(0,255,0)(0,255,0)(0,255,0)(0,255,0)(0,255,0)&#10;(0,255,0)(0,255,0)(0,255,0)(0,255,0)(0,255,0)(0,255,0)(0,255,0)(0,255,0)(0,255,0)(0,255,0)(0,255,0)(0,255,0)(0,255,0)(0,255,0)(0,255,0)(0,255,0)(0,255,0)(0,255,0)(0,255,0)(0,255,0)(0,255,0)(0,255,0)(0,255,0)(0,255,0)(0,255,0)(0,255,0)(0,255,0)(0,255,0)(0,255,0)(0,255,0)(0,255,0)(0,255,0)(0,255,0)(0,255,0)(0,255,0)(0,255,0)(0,255,0)(0,255,0)(0,255,0)(0,255,0)(0,255,0)(0,255,0)(0,255,0)(0,255,0)(0,255,0)(0,255,0)(0,255,0)(0,255,0)(0,255,0)(0,255,0)(0,255,0)(0,255,0)(0,255,0)(0,255,0)(0,255,0)(0,255,0)(0,255,0)(0,255,0)(0,255,0)(0,255,0)(0,255,0)(0,255,0)(0,255,0)(0,255,0)&#10;(0,255,0)(0,255,0)(0,255,0)(0,255,0)(0,255,0)(0,255,0)(0,255,0)(0,255,0)(0,255,0)(0,255,0)(0,255,0)(0,255,0)(0,255,0)(0,255,0)(0,255,0)(0,255,0)(0,255,0)(0,255,0)(0,255,0)(0,255,0)(0,255,0)(0,255,0)(0,255,0)(0,255,0)(0,255,0)(0,255,0)(0,255,0)(0,255,0)(0,255,0)(0,255,0)(0,255,0)(0,255,0)(0,255,0)(0,255,0)(0,255,0)(0,255,0)(0,255,0)(0,255,0)(0,255,0)(0,255,0)(0,255,0)(0,255,0)(0,255,0)(0,255,0)(0,255,0)(0,255,0)(0,255,0)(0,255,0)(0,255,0)(0,255,0)(0,255,0)(0,255,0)(0,255,0)(0,255,0)(0,255,0)(0,255,0)(0,255,0)(0,255,0)(0,255,0)(0,255,0)(0,255,0)(0,255,0)(0,255,0)(0,255,0)&#10;(0,255,0)(0,255,0)(0,255,0)(0,255,0)(0,255,0)(0,255,0)(0,255,0)(0,255,0)(0,255,0)(0,255,0)(0,255,0)(0,255,0)(0,255,0)(0,255,0)(0,255,0)(0,255,0)(0,255,0)(0,255,0)(0,255,0)(0,255,0)(0,255,0)(0,255,0)(0,255,0)(0,255,0)(0,255,0)(0,255,0)(0,255,0)(0,255,0)(0,255,0)(0,255,0)(0,255,0)(0,255,0)(0,255,0)(0,255,0)(0,255,0)(0,255,0)(0,255,0)(0,255,0)(0,255,0)(0,255,0)(0,255,0)(0,255,0)(0,255,0)(0,255,0)(0,255,0)(0,255,0)(0,255,0)(0,255,0)(0,255,0)(0,255,0)(0,255,0)(0,255,0)(0,255,0)(0,255,0)(0,255,0)(0,255,0)(0,255,0)(0,255,0)(0,255,0)(0,255,0)(0,255,0)(0,255,0)(0,255,0)(0,255,0)&#10;(0,255,0)(0,255,0)(0,255,0)(0,255,0)(0,255,0)(0,255,0)(0,255,0)(0,255,0)(0,255,0)(0,255,0)(0,255,0)(0,255,0)(0,255,0)(0,255,0)(0,255,0)(0,255,0)(0,255,0)(0,255,0)(0,255,0)(0,255,0)(0,255,0)(0,255,0)(0,255,0)(0,255,0)(0,255,0)(0,255,0)(0,255,0)(0,255,0)(0,255,0)(0,255,0)(0,255,0)(0,255,0)(0,255,0)(0,255,0)(0,255,0)(0,255,0)(0,255,0)(0,255,0)(0,255,0)(0,255,0)(0,255,0)(0,255,0)(0,255,0)(0,255,0)(0,255,0)(0,255,0)(0,255,0)(0,255,0)(0,255,0)(0,255,0)(0,255,0)(0,255,0)(0,255,0)(0,255,0)(0,255,0)(0,255,0)(0,255,0)(0,255,0)(0,255,0)(0,255,0)(0,255,0)(0,255,0)(0,255,0)(0,255,0)&#10;(0,255,0)(0,255,0)(0,255,0)(0,255,0)(0,255,0)(0,255,0)(0,255,0)(0,255,0)(0,255,0)(0,255,0)(0,255,0)(0,255,0)(0,255,0)(0,255,0)(0,255,0)(0,255,0)(0,255,0)(0,255,0)(0,255,0)(0,255,0)(0,255,0)(0,255,0)(0,255,0)(0,255,0)(0,255,0)(0,255,0)(0,255,0)(0,255,0)(0,255,0)(0,255,0)(0,255,0)(0,255,0)(0,255,0)(0,255,0)(0,255,0)(0,255,0)(0,255,0)(0,255,0)(0,255,0)(0,255,0)(0,255,0)(0,255,0)(0,255,0)(0,255,0)(0,255,0)(0,255,0)(0,255,0)(0,255,0)(0,255,0)(0,255,0)(0,255,0)(0,255,0)(0,255,0)(0,255,0)(0,255,0)(0,255,0)(0,255,0)(0,255,0)(0,255,0)(0,255,0)(0,255,0)(0,255,0)(0,255,0)(0,255,0)&#10;(0,255,0)(0,255,0)(0,255,0)(0,255,0)(0,255,0)(0,255,0)(0,255,0)(0,255,0)(0,255,0)(0,255,0)(0,255,0)(0,255,0)(0,255,0)(0,255,0)(0,255,0)(0,255,0)(0,255,0)(0,255,0)(0,255,0)(0,255,0)(0,255,0)(0,255,0)(0,255,0)(0,255,0)(0,255,0)(0,255,0)(0,255,0)(0,255,0)(0,255,0)(0,255,0)(0,255,0)(0,255,0)(0,255,0)(0,255,0)(0,255,0)(0,255,0)(0,255,0)(0,255,0)(0,255,0)(0,255,0)(0,255,0)(0,255,0)(0,255,0)(0,255,0)(0,255,0)(0,255,0)(0,255,0)(0,255,0)(0,255,0)(0,255,0)(0,255,0)(0,255,0)(0,255,0)(0,255,0)(0,255,0)(0,255,0)(0,255,0)(0,255,0)(0,255,0)(0,255,0)(0,255,0)(0,255,0)(0,255,0)(0,255,0)&#10;(0,255,0)(0,255,0)(0,255,0)(0,255,0)(0,255,0)(0,255,0)(0,255,0)(0,255,0)(0,255,0)(0,255,0)(0,255,0)(0,255,0)(0,255,0)(0,255,0)(0,255,0)(0,255,0)(0,255,0)(0,255,0)(0,255,0)(0,255,0)(0,255,0)(0,255,0)(0,255,0)(0,255,0)(0,255,0)(0,255,0)(0,255,0)(0,255,0)(0,255,0)(0,255,0)(0,255,0)(0,255,0)(0,255,0)(0,255,0)(0,255,0)(0,255,0)(0,255,0)(0,255,0)(0,255,0)(0,255,0)(0,255,0)(0,255,0)(0,255,0)(0,255,0)(0,255,0)(0,255,0)(0,255,0)(0,255,0)(0,255,0)(0,255,0)(0,255,0)(0,255,0)(0,255,0)(0,255,0)(0,255,0)(0,255,0)(0,255,0)(0,255,0)(0,255,0)(0,255,0)(0,255,0)(0,255,0)(0,255,0)(0,255,0)&#10;(0,255,0)(0,255,0)(0,255,0)(0,255,0)(0,255,0)(0,255,0)(0,255,0)(0,255,0)(0,255,0)(0,255,0)(0,255,0)(0,255,0)(0,255,0)(0,255,0)(0,255,0)(0,255,0)(0,255,0)(0,255,0)(0,255,0)(0,255,0)(0,255,0)(0,255,0)(0,255,0)(0,255,0)(0,255,0)(0,255,0)(0,255,0)(0,255,0)(0,255,0)(0,255,0)(0,255,0)(0,255,0)(0,255,0)(0,255,0)(0,255,0)(0,255,0)(0,255,0)(0,255,0)(0,255,0)(0,255,0)(0,255,0)(0,255,0)(0,255,0)(0,255,0)(0,255,0)(0,255,0)(0,255,0)(0,255,0)(0,255,0)(0,255,0)(0,255,0)(0,255,0)(0,255,0)(0,255,0)(0,255,0)(0,255,0)(0,255,0)(0,255,0)(0,255,0)(0,255,0)(0,255,0)(0,255,0)(0,255,0)(0,255,0)&#10;(0,255,0)(0,255,0)(0,255,0)(0,255,0)(0,255,0)(0,255,0)(0,255,0)(0,255,0)(0,255,0)(0,255,0)(0,255,0)(0,255,0)(0,255,0)(0,255,0)(0,255,0)(0,255,0)(0,255,0)(0,255,0)(0,255,0)(0,255,0)(0,255,0)(0,255,0)(0,255,0)(0,255,0)(0,255,0)(0,255,0)(0,255,0)(0,255,0)(0,255,0)(0,255,0)(0,255,0)(0,255,0)(0,255,0)(0,255,0)(0,255,0)(0,255,0)(0,255,0)(0,255,0)(0,255,0)(0,255,0)(0,255,0)(0,255,0)(0,255,0)(0,255,0)(0,255,0)(0,255,0)(0,255,0)(0,255,0)(0,255,0)(0,255,0)(0,255,0)(0,255,0)(0,255,0)(0,255,0)(0,255,0)(0,255,0)(0,255,0)(0,255,0)(0,255,0)(0,255,0)(0,255,0)(0,255,0)(0,255,0)(0,255,0)&#10;(0,255,0)(0,255,0)(0,255,0)(0,255,0)(0,255,0)(0,255,0)(0,255,0)(0,255,0)(0,255,0)(0,255,0)(0,255,0)(0,255,0)(0,255,0)(0,255,0)(0,255,0)(0,255,0)(0,255,0)(0,255,0)(0,255,0)(0,255,0)(0,255,0)(0,255,0)(0,255,0)(0,255,0)(0,255,0)(0,255,0)(0,255,0)(0,255,0)(0,255,0)(0,255,0)(0,255,0)(0,255,0)(0,255,0)(0,255,0)(0,255,0)(0,255,0)(0,255,0)(0,255,0)(0,255,0)(0,255,0)(0,255,0)(0,255,0)(0,255,0)(0,255,0)(0,255,0)(0,255,0)(0,255,0)(0,255,0)(0,255,0)(0,255,0)(0,255,0)(0,255,0)(0,255,0)(0,255,0)(0,255,0)(0,255,0)(0,255,0)(0,255,0)(0,255,0)(0,255,0)(0,255,0)(0,255,0)(0,255,0)(0,255,0)&#10;(0,255,0)(0,255,0)(0,255,0)(0,255,0)(0,255,0)(0,255,0)(0,255,0)(0,255,0)(0,255,0)(0,255,0)(0,255,0)(0,255,0)(0,255,0)(0,255,0)(0,255,0)(0,255,0)(0,255,0)(0,255,0)(0,255,0)(0,255,0)(0,255,0)(0,255,0)(0,255,0)(0,255,0)(0,255,0)(0,255,0)(0,255,0)(0,255,0)(0,255,0)(0,255,0)(0,255,0)(0,255,0)(0,255,0)(0,255,0)(0,255,0)(0,255,0)(0,255,0)(0,255,0)(0,255,0)(0,255,0)(0,255,0)(0,255,0)(0,255,0)(0,255,0)(0,255,0)(0,255,0)(0,255,0)(0,255,0)(0,255,0)(0,255,0)(0,255,0)(0,255,0)(0,255,0)(0,255,0)(0,255,0)(0,255,0)(0,255,0)(0,255,0)(0,255,0)(0,255,0)(0,255,0)(0,255,0)(0,255,0)(0,255,0)&#10;&#10;&gt; but was:&lt;(0,0,0)(0,0,0)(0,0,0)(0,0,0)(0,0,0)(0,0,0)(0,0,0)(0,0,0)(0,0,0)(0,0,0)(0,0,0)(0,0,0)(0,0,0)(0,0,0)(0,0,0)(0,0,0)(0,0,0)(0,0,0)(0,0,0)(0,0,0)(0,0,0)(0,0,0)(0,0,0)(0,0,0)(0,0,0)(0,0,0)(0,0,0)(0,0,0)(0,0,0)(0,0,0)(0,0,0)(0,0,0)(0,0,0)(0,0,0)(0,0,0)(0,0,0)(0,0,0)(0,0,0)(0,0,0)(0,0,0)(0,0,0)(0,0,0)(0,0,0)(0,0,0)(0,0,0)(0,0,0)(0,0,0)(0,0,0)(0,0,0)(0,0,0)(0,0,0)(0,0,0)(0,0,0)(0,0,0)(0,0,0)(0,0,0)(0,0,0)(0,0,0)(0,0,0)(0,0,0)(0,0,0)(0,0,0)(0,0,0)(0,255,0)&#10;(0,0,0)(0,0,0)(0,0,0)(0,0,0)(0,0,0)(0,0,0)(0,0,0)(0,0,0)(0,0,0)(0,0,0)(0,0,0)(0,0,0)(0,0,0)(0,0,0)(0,0,0)(0,0,0)(0,0,0)(0,0,0)(0,0,0)(0,0,0)(0,0,0)(0,0,0)(0,0,0)(0,0,0)(0,0,0)(0,0,0)(0,0,0)(0,0,0)(0,0,0)(0,0,0)(0,0,0)(0,0,0)(0,0,0)(0,0,0)(0,0,0)(0,0,0)(0,0,0)(0,0,0)(0,0,0)(0,0,0)(0,0,0)(0,0,0)(0,0,0)(0,0,0)(0,0,0)(0,0,0)(0,0,0)(0,0,0)(0,0,0)(0,0,0)(0,0,0)(0,0,0)(0,0,0)(0,0,0)(0,0,0)(0,0,0)(0,0,0)(0,0,0)(0,0,0)(0,0,0)(0,0,0)(0,0,0)(0,255,0)(0,0,0)&#10;(0,0,0)(0,0,0)(0,0,0)(0,0,0)(0,0,0)(0,0,0)(0,0,0)(0,0,0)(0,0,0)(0,0,0)(0,0,0)(0,0,0)(0,0,0)(0,0,0)(0,0,0)(0,0,0)(0,0,0)(0,0,0)(0,0,0)(0,0,0)(0,0,0)(0,0,0)(0,0,0)(0,0,0)(0,0,0)(0,0,0)(0,0,0)(0,0,0)(0,0,0)(0,0,0)(0,0,0)(0,0,0)(0,0,0)(0,0,0)(0,0,0)(0,0,0)(0,0,0)(0,0,0)(0,0,0)(0,0,0)(0,0,0)(0,0,0)(0,0,0)(0,0,0)(0,0,0)(0,0,0)(0,0,0)(0,0,0)(0,0,0)(0,0,0)(0,0,0)(0,0,0)(0,0,0)(0,0,0)(0,0,0)(0,0,0)(0,0,0)(0,0,0)(0,0,0)(0,0,0)(0,0,0)(0,255,0)(0,0,0)(0,0,0)&#10;(0,0,0)(0,0,0)(0,0,0)(0,0,0)(0,0,0)(0,0,0)(0,0,0)(0,0,0)(0,0,0)(0,0,0)(0,0,0)(0,0,0)(0,0,0)(0,0,0)(0,0,0)(0,0,0)(0,0,0)(0,0,0)(0,0,0)(0,0,0)(0,0,0)(0,0,0)(0,0,0)(0,0,0)(0,0,0)(0,0,0)(0,0,0)(0,0,0)(0,0,0)(0,0,0)(0,0,0)(0,0,0)(0,0,0)(0,0,0)(0,0,0)(0,0,0)(0,0,0)(0,0,0)(0,0,0)(0,0,0)(0,0,0)(0,0,0)(0,0,0)(0,0,0)(0,0,0)(0,0,0)(0,0,0)(0,0,0)(0,0,0)(0,0,0)(0,0,0)(0,0,0)(0,0,0)(0,0,0)(0,0,0)(0,0,0)(0,0,0)(0,0,0)(0,0,0)(0,0,0)(0,255,0)(0,0,0)(0,0,0)(0,0,0)&#10;(0,0,0)(0,0,0)(0,0,0)(0,0,0)(0,0,0)(0,0,0)(0,0,0)(0,0,0)(0,0,0)(0,0,0)(0,0,0)(0,0,0)(0,0,0)(0,0,0)(0,0,0)(0,0,0)(0,0,0)(0,0,0)(0,0,0)(0,0,0)(0,0,0)(0,0,0)(0,0,0)(0,0,0)(0,0,0)(0,0,0)(0,0,0)(0,0,0)(0,0,0)(0,0,0)(0,0,0)(0,0,0)(0,0,0)(0,0,0)(0,0,0)(0,0,0)(0,0,0)(0,0,0)(0,0,0)(0,0,0)(0,0,0)(0,0,0)(0,0,0)(0,0,0)(0,0,0)(0,0,0)(0,0,0)(0,0,0)(0,0,0)(0,0,0)(0,0,0)(0,0,0)(0,0,0)(0,0,0)(0,0,0)(0,0,0)(0,0,0)(0,0,0)(0,0,0)(0,255,0)(0,0,0)(0,0,0)(0,0,0)(0,0,0)&#10;(0,0,0)(0,0,0)(0,0,0)(0,0,0)(0,0,0)(0,0,0)(0,0,0)(0,0,0)(0,0,0)(0,0,0)(0,0,0)(0,0,0)(0,0,0)(0,0,0)(0,0,0)(0,0,0)(0,0,0)(0,0,0)(0,0,0)(0,0,0)(0,0,0)(0,0,0)(0,0,0)(0,0,0)(0,0,0)(0,0,0)(0,0,0)(0,0,0)(0,0,0)(0,0,0)(0,0,0)(0,0,0)(0,0,0)(0,0,0)(0,0,0)(0,0,0)(0,0,0)(0,0,0)(0,0,0)(0,0,0)(0,0,0)(0,0,0)(0,0,0)(0,0,0)(0,0,0)(0,0,0)(0,0,0)(0,0,0)(0,0,0)(0,0,0)(0,0,0)(0,0,0)(0,0,0)(0,0,0)(0,0,0)(0,0,0)(0,0,0)(0,0,0)(0,255,0)(0,0,0)(0,0,0)(0,0,0)(0,0,0)(0,0,0)&#10;(0,0,0)(0,0,0)(0,0,0)(0,0,0)(0,0,0)(0,0,0)(0,0,0)(0,0,0)(0,0,0)(0,0,0)(0,0,0)(0,0,0)(0,0,0)(0,0,0)(0,0,0)(0,0,0)(0,0,0)(0,0,0)(0,0,0)(0,0,0)(0,0,0)(0,0,0)(0,0,0)(0,0,0)(0,0,0)(0,0,0)(0,0,0)(0,0,0)(0,0,0)(0,0,0)(0,0,0)(0,0,0)(0,0,0)(0,0,0)(0,0,0)(0,0,0)(0,0,0)(0,0,0)(0,0,0)(0,0,0)(0,0,0)(0,0,0)(0,0,0)(0,0,0)(0,0,0)(0,0,0)(0,0,0)(0,0,0)(0,0,0)(0,0,0)(0,0,0)(0,0,0)(0,0,0)(0,0,0)(0,0,0)(0,0,0)(0,0,0)(0,255,0)(0,0,0)(0,0,0)(0,0,0)(0,0,0)(0,0,0)(0,0,0)&#10;(0,0,0)(0,0,0)(0,0,0)(0,0,0)(0,0,0)(0,0,0)(0,0,0)(0,0,0)(0,0,0)(0,0,0)(0,0,0)(0,0,0)(0,0,0)(0,0,0)(0,0,0)(0,0,0)(0,0,0)(0,0,0)(0,0,0)(0,0,0)(0,0,0)(0,0,0)(0,0,0)(0,0,0)(0,0,0)(0,0,0)(0,0,0)(0,0,0)(0,0,0)(0,0,0)(0,0,0)(0,0,0)(0,0,0)(0,0,0)(0,0,0)(0,0,0)(0,0,0)(0,0,0)(0,0,0)(0,0,0)(0,0,0)(0,0,0)(0,0,0)(0,0,0)(0,0,0)(0,0,0)(0,0,0)(0,0,0)(0,0,0)(0,0,0)(0,0,0)(0,0,0)(0,0,0)(0,0,0)(0,0,0)(0,0,0)(0,255,0)(0,0,0)(0,0,0)(0,0,0)(0,0,0)(0,0,0)(0,0,0)(0,0,0)&#10;(0,0,0)(0,0,0)(0,0,0)(0,0,0)(0,0,0)(0,0,0)(0,0,0)(0,0,0)(0,0,0)(0,0,0)(0,0,0)(0,0,0)(0,0,0)(0,0,0)(0,0,0)(0,0,0)(0,0,0)(0,0,0)(0,0,0)(0,0,0)(0,0,0)(0,0,0)(0,0,0)(0,0,0)(0,0,0)(0,0,0)(0,0,0)(0,0,0)(0,0,0)(0,0,0)(0,0,0)(0,0,0)(0,0,0)(0,0,0)(0,0,0)(0,0,0)(0,0,0)(0,0,0)(0,0,0)(0,0,0)(0,0,0)(0,0,0)(0,0,0)(0,0,0)(0,0,0)(0,0,0)(0,0,0)(0,0,0)(0,0,0)(0,0,0)(0,0,0)(0,0,0)(0,0,0)(0,0,0)(0,0,0)(0,255,0)(0,0,0)(0,0,0)(0,0,0)(0,0,0)(0,0,0)(0,0,0)(0,0,0)(0,0,0)&#10;(0,0,0)(0,0,0)(0,0,0)(0,0,0)(0,0,0)(0,0,0)(0,0,0)(0,0,0)(0,0,0)(0,0,0)(0,0,0)(0,0,0)(0,0,0)(0,0,0)(0,0,0)(0,0,0)(0,0,0)(0,0,0)(0,0,0)(0,0,0)(0,0,0)(0,0,0)(0,0,0)(0,0,0)(0,0,0)(0,0,0)(0,0,0)(0,0,0)(0,0,0)(0,0,0)(0,0,0)(0,0,0)(0,0,0)(0,0,0)(0,0,0)(0,0,0)(0,0,0)(0,0,0)(0,0,0)(0,0,0)(0,0,0)(0,0,0)(0,0,0)(0,0,0)(0,0,0)(0,0,0)(0,0,0)(0,0,0)(0,0,0)(0,0,0)(0,0,0)(0,0,0)(0,0,0)(0,0,0)(0,255,0)(0,0,0)(0,0,0)(0,0,0)(0,0,0)(0,0,0)(0,0,0)(0,0,0)(0,0,0)(0,0,0)&#10;(0,0,0)(0,0,0)(0,0,0)(0,0,0)(0,0,0)(0,0,0)(0,0,0)(0,0,0)(0,0,0)(0,0,0)(0,0,0)(0,0,0)(0,0,0)(0,0,0)(0,0,0)(0,0,0)(0,0,0)(0,0,0)(0,0,0)(0,0,0)(0,0,0)(0,0,0)(0,0,0)(0,0,0)(0,0,0)(0,0,0)(0,0,0)(0,0,0)(0,0,0)(0,0,0)(0,0,0)(0,0,0)(0,0,0)(0,0,0)(0,0,0)(0,0,0)(0,0,0)(0,0,0)(0,0,0)(0,0,0)(0,0,0)(0,0,0)(0,0,0)(0,0,0)(0,0,0)(0,0,0)(0,0,0)(0,0,0)(0,0,0)(0,0,0)(0,0,0)(0,0,0)(0,0,0)(0,255,0)(0,0,0)(0,0,0)(0,0,0)(0,0,0)(0,0,0)(0,0,0)(0,0,0)(0,0,0)(0,0,0)(0,0,0)&#10;(0,0,0)(0,0,0)(0,0,0)(0,0,0)(0,0,0)(0,0,0)(0,0,0)(0,0,0)(0,0,0)(0,0,0)(0,0,0)(0,0,0)(0,0,0)(0,0,0)(0,0,0)(0,0,0)(0,0,0)(0,0,0)(0,0,0)(0,0,0)(0,0,0)(0,0,0)(0,0,0)(0,0,0)(0,0,0)(0,0,0)(0,0,0)(0,0,0)(0,0,0)(0,0,0)(0,0,0)(0,0,0)(0,0,0)(0,0,0)(0,0,0)(0,0,0)(0,0,0)(0,0,0)(0,0,0)(0,0,0)(0,0,0)(0,0,0)(0,0,0)(0,0,0)(0,0,0)(0,0,0)(0,0,0)(0,0,0)(0,0,0)(0,0,0)(0,0,0)(0,0,0)(0,255,0)(0,0,0)(0,0,0)(0,0,0)(0,0,0)(0,0,0)(0,0,0)(0,0,0)(0,0,0)(0,0,0)(0,0,0)(0,0,0)&#10;(0,0,0)(0,0,0)(0,0,0)(0,0,0)(0,0,0)(0,0,0)(0,0,0)(0,0,0)(0,0,0)(0,0,0)(0,0,0)(0,0,0)(0,0,0)(0,0,0)(0,0,0)(0,0,0)(0,0,0)(0,0,0)(0,0,0)(0,0,0)(0,0,0)(0,0,0)(0,0,0)(0,0,0)(0,0,0)(0,0,0)(0,0,0)(0,0,0)(0,0,0)(0,0,0)(0,0,0)(0,0,0)(0,0,0)(0,0,0)(0,0,0)(0,0,0)(0,0,0)(0,0,0)(0,0,0)(0,0,0)(0,0,0)(0,0,0)(0,0,0)(0,0,0)(0,0,0)(0,0,0)(0,0,0)(0,0,0)(0,0,0)(0,0,0)(0,0,0)(0,255,0)(0,0,0)(0,0,0)(0,0,0)(0,0,0)(0,0,0)(0,0,0)(0,0,0)(0,0,0)(0,0,0)(0,0,0)(0,0,0)(0,0,0)&#10;(0,0,0)(0,0,0)(0,0,0)(0,0,0)(0,0,0)(0,0,0)(0,0,0)(0,0,0)(0,0,0)(0,0,0)(0,0,0)(0,0,0)(0,0,0)(0,0,0)(0,0,0)(0,0,0)(0,0,0)(0,0,0)(0,0,0)(0,0,0)(0,0,0)(0,0,0)(0,0,0)(0,0,0)(0,0,0)(0,0,0)(0,0,0)(0,0,0)(0,0,0)(0,0,0)(0,0,0)(0,0,0)(0,0,0)(0,0,0)(0,0,0)(0,0,0)(0,0,0)(0,0,0)(0,0,0)(0,0,0)(0,0,0)(0,0,0)(0,0,0)(0,0,0)(0,0,0)(0,0,0)(0,0,0)(0,0,0)(0,0,0)(0,0,0)(0,255,0)(0,0,0)(0,0,0)(0,0,0)(0,0,0)(0,0,0)(0,0,0)(0,0,0)(0,0,0)(0,0,0)(0,0,0)(0,0,0)(0,0,0)(0,0,0)&#10;(0,0,0)(0,0,0)(0,0,0)(0,0,0)(0,0,0)(0,0,0)(0,0,0)(0,0,0)(0,0,0)(0,0,0)(0,0,0)(0,0,0)(0,0,0)(0,0,0)(0,0,0)(0,0,0)(0,0,0)(0,0,0)(0,0,0)(0,0,0)(0,0,0)(0,0,0)(0,0,0)(0,0,0)(0,0,0)(0,0,0)(0,0,0)(0,0,0)(0,0,0)(0,0,0)(0,0,0)(0,0,0)(0,0,0)(0,0,0)(0,0,0)(0,0,0)(0,0,0)(0,0,0)(0,0,0)(0,0,0)(0,0,0)(0,0,0)(0,0,0)(0,0,0)(0,0,0)(0,0,0)(0,0,0)(0,0,0)(0,0,0)(0,255,0)(0,0,0)(0,0,0)(0,0,0)(0,0,0)(0,0,0)(0,0,0)(0,0,0)(0,0,0)(0,0,0)(0,0,0)(0,0,0)(0,0,0)(0,0,0)(0,0,0)&#10;(0,0,0)(0,0,0)(0,0,0)(0,0,0)(0,0,0)(0,0,0)(0,0,0)(0,0,0)(0,0,0)(0,0,0)(0,0,0)(0,0,0)(0,0,0)(0,0,0)(0,0,0)(0,0,0)(0,0,0)(0,0,0)(0,0,0)(0,0,0)(0,0,0)(0,0,0)(0,0,0)(0,0,0)(0,0,0)(0,0,0)(0,0,0)(0,0,0)(0,0,0)(0,0,0)(0,0,0)(0,0,0)(0,0,0)(0,0,0)(0,0,0)(0,0,0)(0,0,0)(0,0,0)(0,0,0)(0,0,0)(0,0,0)(0,0,0)(0,0,0)(0,0,0)(0,0,0)(0,0,0)(0,0,0)(0,0,0)(0,255,0)(0,0,0)(0,0,0)(0,0,0)(0,0,0)(0,0,0)(0,0,0)(0,0,0)(0,0,0)(0,0,0)(0,0,0)(0,0,0)(0,0,0)(0,0,0)(0,0,0)(0,0,0)&#10;(0,0,0)(0,0,0)(0,0,0)(0,0,0)(0,0,0)(0,0,0)(0,0,0)(0,0,0)(0,0,0)(0,0,0)(0,0,0)(0,0,0)(0,0,0)(0,0,0)(0,0,0)(0,0,0)(0,0,0)(0,0,0)(0,0,0)(0,0,0)(0,0,0)(0,0,0)(0,0,0)(0,0,0)(0,0,0)(0,0,0)(0,0,0)(0,0,0)(0,0,0)(0,0,0)(0,0,0)(0,0,0)(0,0,0)(0,0,0)(0,0,0)(0,0,0)(0,0,0)(0,0,0)(0,0,0)(0,0,0)(0,0,0)(0,0,0)(0,0,0)(0,0,0)(0,0,0)(0,0,0)(0,0,0)(0,255,0)(0,0,0)(0,0,0)(0,0,0)(0,0,0)(0,0,0)(0,0,0)(0,0,0)(0,0,0)(0,0,0)(0,0,0)(0,0,0)(0,0,0)(0,0,0)(0,0,0)(0,0,0)(0,0,0)&#10;(0,0,0)(0,0,0)(0,0,0)(0,0,0)(0,0,0)(0,0,0)(0,0,0)(0,0,0)(0,0,0)(0,0,0)(0,0,0)(0,0,0)(0,0,0)(0,0,0)(0,0,0)(0,0,0)(0,0,0)(0,0,0)(0,0,0)(0,0,0)(0,0,0)(0,0,0)(0,0,0)(0,0,0)(0,0,0)(0,0,0)(0,0,0)(0,0,0)(0,0,0)(0,0,0)(0,0,0)(0,0,0)(0,0,0)(0,0,0)(0,0,0)(0,0,0)(0,0,0)(0,0,0)(0,0,0)(0,0,0)(0,0,0)(0,0,0)(0,0,0)(0,0,0)(0,0,0)(0,0,0)(0,255,0)(0,0,0)(0,0,0)(0,0,0)(0,0,0)(0,0,0)(0,0,0)(0,0,0)(0,0,0)(0,0,0)(0,0,0)(0,0,0)(0,0,0)(0,0,0)(0,0,0)(0,0,0)(0,0,0)(0,0,0)&#10;(0,0,0)(0,0,0)(0,0,0)(0,0,0)(0,0,0)(0,0,0)(0,0,0)(0,0,0)(0,0,0)(0,0,0)(0,0,0)(0,0,0)(0,0,0)(0,0,0)(0,0,0)(0,0,0)(0,0,0)(0,0,0)(0,0,0)(0,0,0)(0,0,0)(0,0,0)(0,0,0)(0,0,0)(0,0,0)(0,0,0)(0,0,0)(0,0,0)(0,0,0)(0,0,0)(0,0,0)(0,0,0)(0,0,0)(0,0,0)(0,0,0)(0,0,0)(0,0,0)(0,0,0)(0,0,0)(0,0,0)(0,0,0)(0,0,0)(0,0,0)(0,0,0)(0,0,0)(0,255,0)(0,0,0)(0,0,0)(0,0,0)(0,0,0)(0,0,0)(0,0,0)(0,0,0)(0,0,0)(0,0,0)(0,0,0)(0,0,0)(0,0,0)(0,0,0)(0,0,0)(0,0,0)(0,0,0)(0,0,0)(0,0,0)&#10;(0,0,0)(0,0,0)(0,0,0)(0,0,0)(0,0,0)(0,0,0)(0,0,0)(0,0,0)(0,0,0)(0,0,0)(0,0,0)(0,0,0)(0,0,0)(0,0,0)(0,0,0)(0,0,0)(0,0,0)(0,0,0)(0,0,0)(0,0,0)(0,0,0)(0,0,0)(0,0,0)(0,0,0)(0,0,0)(0,0,0)(0,0,0)(0,0,0)(0,0,0)(0,0,0)(0,0,0)(0,0,0)(0,0,0)(0,0,0)(0,0,0)(0,0,0)(0,0,0)(0,0,0)(0,0,0)(0,0,0)(0,0,0)(0,0,0)(0,0,0)(0,0,0)(0,255,0)(0,0,0)(0,0,0)(0,0,0)(0,0,0)(0,0,0)(0,0,0)(0,0,0)(0,0,0)(0,0,0)(0,0,0)(0,0,0)(0,0,0)(0,0,0)(0,0,0)(0,0,0)(0,0,0)(0,0,0)(0,0,0)(0,0,0)&#10;(0,0,0)(0,0,0)(0,0,0)(0,0,0)(0,0,0)(0,0,0)(0,0,0)(0,0,0)(0,0,0)(0,0,0)(0,0,0)(0,0,0)(0,0,0)(0,0,0)(0,0,0)(0,0,0)(0,0,0)(0,0,0)(0,0,0)(0,0,0)(0,0,0)(0,0,0)(0,0,0)(0,0,0)(0,0,0)(0,0,0)(0,0,0)(0,0,0)(0,0,0)(0,0,0)(0,0,0)(0,0,0)(0,0,0)(0,0,0)(0,0,0)(0,0,0)(0,0,0)(0,0,0)(0,0,0)(0,0,0)(0,0,0)(0,0,0)(0,0,0)(0,255,0)(0,0,0)(0,0,0)(0,0,0)(0,0,0)(0,0,0)(0,0,0)(0,0,0)(0,0,0)(0,0,0)(0,0,0)(0,0,0)(0,0,0)(0,0,0)(0,0,0)(0,0,0)(0,0,0)(0,0,0)(0,0,0)(0,0,0)(0,0,0)&#10;(0,0,0)(0,0,0)(0,0,0)(0,0,0)(0,0,0)(0,0,0)(0,0,0)(0,0,0)(0,0,0)(0,0,0)(0,0,0)(0,0,0)(0,0,0)(0,0,0)(0,0,0)(0,0,0)(0,0,0)(0,0,0)(0,0,0)(0,0,0)(0,0,0)(0,0,0)(0,0,0)(0,0,0)(0,0,0)(0,0,0)(0,0,0)(0,0,0)(0,0,0)(0,0,0)(0,0,0)(0,0,0)(0,0,0)(0,0,0)(0,0,0)(0,0,0)(0,0,0)(0,0,0)(0,0,0)(0,0,0)(0,0,0)(0,0,0)(0,255,0)(0,0,0)(0,0,0)(0,0,0)(0,0,0)(0,0,0)(0,0,0)(0,0,0)(0,0,0)(0,0,0)(0,0,0)(0,0,0)(0,0,0)(0,0,0)(0,0,0)(0,0,0)(0,0,0)(0,0,0)(0,0,0)(0,0,0)(0,0,0)(0,0,0)&#10;(0,0,0)(0,0,0)(0,0,0)(0,0,0)(0,0,0)(0,0,0)(0,0,0)(0,0,0)(0,0,0)(0,0,0)(0,0,0)(0,0,0)(0,0,0)(0,0,0)(0,0,0)(0,0,0)(0,0,0)(0,0,0)(0,0,0)(0,0,0)(0,0,0)(0,0,0)(0,0,0)(0,0,0)(0,0,0)(0,0,0)(0,0,0)(0,0,0)(0,0,0)(0,0,0)(0,0,0)(0,0,0)(0,0,0)(0,0,0)(0,0,0)(0,0,0)(0,0,0)(0,0,0)(0,0,0)(0,0,0)(0,0,0)(0,255,0)(0,0,0)(0,0,0)(0,0,0)(0,0,0)(0,0,0)(0,0,0)(0,0,0)(0,0,0)(0,0,0)(0,0,0)(0,0,0)(0,0,0)(0,0,0)(0,0,0)(0,0,0)(0,0,0)(0,0,0)(0,0,0)(0,0,0)(0,0,0)(0,0,0)(0,0,0)&#10;(0,0,0)(0,0,0)(0,0,0)(0,0,0)(0,0,0)(0,0,0)(0,0,0)(0,0,0)(0,0,0)(0,0,0)(0,0,0)(0,0,0)(0,0,0)(0,0,0)(0,0,0)(0,0,0)(0,0,0)(0,0,0)(0,0,0)(0,0,0)(0,0,0)(0,0,0)(0,0,0)(0,0,0)(0,0,0)(0,0,0)(0,0,0)(0,0,0)(0,0,0)(0,0,0)(0,0,0)(0,0,0)(0,0,0)(0,0,0)(0,0,0)(0,0,0)(0,0,0)(0,0,0)(0,0,0)(0,0,0)(0,255,0)(0,0,0)(0,0,0)(0,0,0)(0,0,0)(0,0,0)(0,0,0)(0,0,0)(0,0,0)(0,0,0)(0,0,0)(0,0,0)(0,0,0)(0,0,0)(0,0,0)(0,0,0)(0,0,0)(0,0,0)(0,0,0)(0,0,0)(0,0,0)(0,0,0)(0,0,0)(0,0,0)&#10;(0,0,0)(0,0,0)(0,0,0)(0,0,0)(0,0,0)(0,0,0)(0,0,0)(0,0,0)(0,0,0)(0,0,0)(0,0,0)(0,0,0)(0,0,0)(0,0,0)(0,0,0)(0,0,0)(0,0,0)(0,0,0)(0,0,0)(0,0,0)(0,0,0)(0,0,0)(0,0,0)(0,0,0)(0,0,0)(0,0,0)(0,0,0)(0,0,0)(0,0,0)(0,0,0)(0,0,0)(0,0,0)(0,0,0)(0,0,0)(0,0,0)(0,0,0)(0,0,0)(0,0,0)(0,0,0)(0,255,0)(0,0,0)(0,0,0)(0,0,0)(0,0,0)(0,0,0)(0,0,0)(0,0,0)(0,0,0)(0,0,0)(0,0,0)(0,0,0)(0,0,0)(0,0,0)(0,0,0)(0,0,0)(0,0,0)(0,0,0)(0,0,0)(0,0,0)(0,0,0)(0,0,0)(0,0,0)(0,0,0)(0,0,0)&#10;(0,0,0)(0,0,0)(0,0,0)(0,0,0)(0,0,0)(0,0,0)(0,0,0)(0,0,0)(0,0,0)(0,0,0)(0,0,0)(0,0,0)(0,0,0)(0,0,0)(0,0,0)(0,0,0)(0,0,0)(0,0,0)(0,0,0)(0,0,0)(0,0,0)(0,0,0)(0,0,0)(0,0,0)(0,0,0)(0,0,0)(0,0,0)(0,0,0)(0,0,0)(0,0,0)(0,0,0)(0,0,0)(0,0,0)(0,0,0)(0,0,0)(0,0,0)(0,0,0)(0,0,0)(0,255,0)(0,0,0)(0,0,0)(0,0,0)(0,0,0)(0,0,0)(0,0,0)(0,0,0)(0,0,0)(0,0,0)(0,0,0)(0,0,0)(0,0,0)(0,0,0)(0,0,0)(0,0,0)(0,0,0)(0,0,0)(0,0,0)(0,0,0)(0,0,0)(0,0,0)(0,0,0)(0,0,0)(0,0,0)(0,0,0)&#10;(0,0,0)(0,0,0)(0,0,0)(0,0,0)(0,0,0)(0,0,0)(0,0,0)(0,0,0)(0,0,0)(0,0,0)(0,0,0)(0,0,0)(0,0,0)(0,0,0)(0,0,0)(0,0,0)(0,0,0)(0,0,0)(0,0,0)(0,0,0)(0,0,0)(0,0,0)(0,0,0)(0,0,0)(0,0,0)(0,0,0)(0,0,0)(0,0,0)(0,0,0)(0,0,0)(0,0,0)(0,0,0)(0,0,0)(0,0,0)(0,0,0)(0,0,0)(0,0,0)(0,255,0)(0,0,0)(0,0,0)(0,0,0)(0,0,0)(0,0,0)(0,0,0)(0,0,0)(0,0,0)(0,0,0)(0,0,0)(0,0,0)(0,0,0)(0,0,0)(0,0,0)(0,0,0)(0,0,0)(0,0,0)(0,0,0)(0,0,0)(0,0,0)(0,0,0)(0,0,0)(0,0,0)(0,0,0)(0,0,0)(0,0,0)&#10;(0,0,0)(0,0,0)(0,0,0)(0,0,0)(0,0,0)(0,0,0)(0,0,0)(0,0,0)(0,0,0)(0,0,0)(0,0,0)(0,0,0)(0,0,0)(0,0,0)(0,0,0)(0,0,0)(0,0,0)(0,0,0)(0,0,0)(0,0,0)(0,0,0)(0,0,0)(0,0,0)(0,0,0)(0,0,0)(0,0,0)(0,0,0)(0,0,0)(0,0,0)(0,0,0)(0,0,0)(0,0,0)(0,0,0)(0,0,0)(0,0,0)(0,0,0)(0,255,0)(0,0,0)(0,0,0)(0,0,0)(0,0,0)(0,0,0)(0,0,0)(0,0,0)(0,0,0)(0,0,0)(0,0,0)(0,0,0)(0,0,0)(0,0,0)(0,0,0)(0,0,0)(0,0,0)(0,0,0)(0,0,0)(0,0,0)(0,0,0)(0,0,0)(0,0,0)(0,0,0)(0,0,0)(0,0,0)(0,0,0)(0,0,0)&#10;(0,0,0)(0,0,0)(0,0,0)(0,0,0)(0,0,0)(0,0,0)(0,0,0)(0,0,0)(0,0,0)(0,0,0)(0,0,0)(0,0,0)(0,0,0)(0,0,0)(0,0,0)(0,0,0)(0,0,0)(0,0,0)(0,0,0)(0,0,0)(0,0,0)(0,0,0)(0,0,0)(0,0,0)(0,0,0)(0,0,0)(0,0,0)(0,0,0)(0,0,0)(0,0,0)(0,0,0)(0,0,0)(0,0,0)(0,0,0)(0,0,0)(0,255,0)(0,0,0)(0,0,0)(0,0,0)(0,0,0)(0,0,0)(0,0,0)(0,0,0)(0,0,0)(0,0,0)(0,0,0)(0,0,0)(0,0,0)(0,0,0)(0,0,0)(0,0,0)(0,0,0)(0,0,0)(0,0,0)(0,0,0)(0,0,0)(0,0,0)(0,0,0)(0,0,0)(0,0,0)(0,0,0)(0,0,0)(0,0,0)(0,0,0)&#10;(0,0,0)(0,0,0)(0,0,0)(0,0,0)(0,0,0)(0,0,0)(0,0,0)(0,0,0)(0,0,0)(0,0,0)(0,0,0)(0,0,0)(0,0,0)(0,0,0)(0,0,0)(0,0,0)(0,0,0)(0,0,0)(0,0,0)(0,0,0)(0,0,0)(0,0,0)(0,0,0)(0,0,0)(0,0,0)(0,0,0)(0,0,0)(0,0,0)(0,0,0)(0,0,0)(0,0,0)(0,0,0)(0,0,0)(0,0,0)(0,255,0)(0,0,0)(0,0,0)(0,0,0)(0,0,0)(0,0,0)(0,0,0)(0,0,0)(0,0,0)(0,0,0)(0,0,0)(0,0,0)(0,0,0)(0,0,0)(0,0,0)(0,0,0)(0,0,0)(0,0,0)(0,0,0)(0,0,0)(0,0,0)(0,0,0)(0,0,0)(0,0,0)(0,0,0)(0,0,0)(0,0,0)(0,0,0)(0,0,0)(0,0,0)&#10;(0,0,0)(0,0,0)(0,0,0)(0,0,0)(0,0,0)(0,0,0)(0,0,0)(0,0,0)(0,0,0)(0,0,0)(0,0,0)(0,0,0)(0,0,0)(0,0,0)(0,0,0)(0,0,0)(0,0,0)(0,0,0)(0,0,0)(0,0,0)(0,0,0)(0,0,0)(0,0,0)(0,0,0)(0,0,0)(0,0,0)(0,0,0)(0,0,0)(0,0,0)(0,0,0)(0,0,0)(0,0,0)(0,0,0)(0,255,0)(0,0,0)(0,0,0)(0,0,0)(0,0,0)(0,0,0)(0,0,0)(0,0,0)(0,0,0)(0,0,0)(0,0,0)(0,0,0)(0,0,0)(0,0,0)(0,0,0)(0,0,0)(0,0,0)(0,0,0)(0,0,0)(0,0,0)(0,0,0)(0,0,0)(0,0,0)(0,0,0)(0,0,0)(0,0,0)(0,0,0)(0,0,0)(0,0,0)(0,0,0)(0,0,0)&#10;(0,0,0)(0,0,0)(0,0,0)(0,0,0)(0,0,0)(0,0,0)(0,0,0)(0,0,0)(0,0,0)(0,0,0)(0,0,0)(0,0,0)(0,0,0)(0,0,0)(0,0,0)(0,0,0)(0,0,0)(0,0,0)(0,0,0)(0,0,0)(0,0,0)(0,0,0)(0,0,0)(0,0,0)(0,0,0)(0,0,0)(0,0,0)(0,0,0)(0,0,0)(0,0,0)(0,0,0)(0,0,0)(0,255,0)(0,0,0)(0,0,0)(0,0,0)(0,0,0)(0,0,0)(0,0,0)(0,0,0)(0,0,0)(0,0,0)(0,0,0)(0,0,0)(0,0,0)(0,0,0)(0,0,0)(0,0,0)(0,0,0)(0,0,0)(0,0,0)(0,0,0)(0,0,0)(0,0,0)(0,0,0)(0,0,0)(0,0,0)(0,0,0)(0,0,0)(0,0,0)(0,0,0)(0,0,0)(0,0,0)(0,0,0)&#10;(0,0,0)(0,0,0)(0,0,0)(0,0,0)(0,0,0)(0,0,0)(0,0,0)(0,0,0)(0,0,0)(0,0,0)(0,0,0)(0,0,0)(0,0,0)(0,0,0)(0,0,0)(0,0,0)(0,0,0)(0,0,0)(0,0,0)(0,0,0)(0,0,0)(0,0,0)(0,0,0)(0,0,0)(0,0,0)(0,0,0)(0,0,0)(0,0,0)(0,0,0)(0,0,0)(0,0,0)(0,255,0)(0,0,0)(0,0,0)(0,0,0)(0,0,0)(0,0,0)(0,0,0)(0,0,0)(0,0,0)(0,0,0)(0,0,0)(0,0,0)(0,0,0)(0,0,0)(0,0,0)(0,0,0)(0,0,0)(0,0,0)(0,0,0)(0,0,0)(0,0,0)(0,0,0)(0,0,0)(0,0,0)(0,0,0)(0,0,0)(0,0,0)(0,0,0)(0,0,0)(0,0,0)(0,0,0)(0,0,0)(0,0,0)&#10;(0,0,0)(0,0,0)(0,0,0)(0,0,0)(0,0,0)(0,0,0)(0,0,0)(0,0,0)(0,0,0)(0,0,0)(0,0,0)(0,0,0)(0,0,0)(0,0,0)(0,0,0)(0,0,0)(0,0,0)(0,0,0)(0,0,0)(0,0,0)(0,0,0)(0,0,0)(0,0,0)(0,0,0)(0,0,0)(0,0,0)(0,0,0)(0,0,0)(0,0,0)(0,0,0)(0,255,0)(0,0,0)(0,0,0)(0,0,0)(0,0,0)(0,0,0)(0,0,0)(0,0,0)(0,0,0)(0,0,0)(0,0,0)(0,0,0)(0,0,0)(0,0,0)(0,0,0)(0,0,0)(0,0,0)(0,0,0)(0,0,0)(0,0,0)(0,0,0)(0,0,0)(0,0,0)(0,0,0)(0,0,0)(0,0,0)(0,0,0)(0,0,0)(0,0,0)(0,0,0)(0,0,0)(0,0,0)(0,0,0)(0,0,0)&#10;(0,0,0)(0,0,0)(0,0,0)(0,0,0)(0,0,0)(0,0,0)(0,0,0)(0,0,0)(0,0,0)(0,0,0)(0,0,0)(0,0,0)(0,0,0)(0,0,0)(0,0,0)(0,0,0)(0,0,0)(0,0,0)(0,0,0)(0,0,0)(0,0,0)(0,0,0)(0,0,0)(0,0,0)(0,0,0)(0,0,0)(0,0,0)(0,0,0)(0,0,0)(0,255,0)(0,0,0)(0,0,0)(0,0,0)(0,0,0)(0,0,0)(0,0,0)(0,0,0)(0,0,0)(0,0,0)(0,0,0)(0,0,0)(0,0,0)(0,0,0)(0,0,0)(0,0,0)(0,0,0)(0,0,0)(0,0,0)(0,0,0)(0,0,0)(0,0,0)(0,0,0)(0,0,0)(0,0,0)(0,0,0)(0,0,0)(0,0,0)(0,0,0)(0,0,0)(0,0,0)(0,0,0)(0,0,0)(0,0,0)(0,0,0)&#10;(0,0,0)(0,0,0)(0,0,0)(0,0,0)(0,0,0)(0,0,0)(0,0,0)(0,0,0)(0,0,0)(0,0,0)(0,0,0)(0,0,0)(0,0,0)(0,0,0)(0,0,0)(0,0,0)(0,0,0)(0,0,0)(0,0,0)(0,0,0)(0,0,0)(0,0,0)(0,0,0)(0,0,0)(0,0,0)(0,0,0)(0,0,0)(0,0,0)(0,255,0)(0,0,0)(0,0,0)(0,0,0)(0,0,0)(0,0,0)(0,0,0)(0,0,0)(0,0,0)(0,0,0)(0,0,0)(0,0,0)(0,0,0)(0,0,0)(0,0,0)(0,0,0)(0,0,0)(0,0,0)(0,0,0)(0,0,0)(0,0,0)(0,0,0)(0,0,0)(0,0,0)(0,0,0)(0,0,0)(0,0,0)(0,0,0)(0,0,0)(0,0,0)(0,0,0)(0,0,0)(0,0,0)(0,0,0)(0,0,0)(0,0,0)&#10;(0,0,0)(0,0,0)(0,0,0)(0,0,0)(0,0,0)(0,0,0)(0,0,0)(0,0,0)(0,0,0)(0,0,0)(0,0,0)(0,0,0)(0,0,0)(0,0,0)(0,0,0)(0,0,0)(0,0,0)(0,0,0)(0,0,0)(0,0,0)(0,0,0)(0,0,0)(0,0,0)(0,0,0)(0,0,0)(0,0,0)(0,0,0)(0,255,0)(0,0,0)(0,0,0)(0,0,0)(0,0,0)(0,0,0)(0,0,0)(0,0,0)(0,0,0)(0,0,0)(0,0,0)(0,0,0)(0,0,0)(0,0,0)(0,0,0)(0,0,0)(0,0,0)(0,0,0)(0,0,0)(0,0,0)(0,0,0)(0,0,0)(0,0,0)(0,0,0)(0,0,0)(0,0,0)(0,0,0)(0,0,0)(0,0,0)(0,0,0)(0,0,0)(0,0,0)(0,0,0)(0,0,0)(0,0,0)(0,0,0)(0,0,0)&#10;(0,0,0)(0,0,0)(0,0,0)(0,0,0)(0,0,0)(0,0,0)(0,0,0)(0,0,0)(0,0,0)(0,0,0)(0,0,0)(0,0,0)(0,0,0)(0,0,0)(0,0,0)(0,0,0)(0,0,0)(0,0,0)(0,0,0)(0,0,0)(0,0,0)(0,0,0)(0,0,0)(0,0,0)(0,0,0)(0,0,0)(0,255,0)(0,0,0)(0,0,0)(0,0,0)(0,0,0)(0,0,0)(0,0,0)(0,0,0)(0,0,0)(0,0,0)(0,0,0)(0,0,0)(0,0,0)(0,0,0)(0,0,0)(0,0,0)(0,0,0)(0,0,0)(0,0,0)(0,0,0)(0,0,0)(0,0,0)(0,0,0)(0,0,0)(0,0,0)(0,0,0)(0,0,0)(0,0,0)(0,0,0)(0,0,0)(0,0,0)(0,0,0)(0,0,0)(0,0,0)(0,0,0)(0,0,0)(0,0,0)(0,0,0)&#10;(0,0,0)(0,0,0)(0,0,0)(0,0,0)(0,0,0)(0,0,0)(0,0,0)(0,0,0)(0,0,0)(0,0,0)(0,0,0)(0,0,0)(0,0,0)(0,0,0)(0,0,0)(0,0,0)(0,0,0)(0,0,0)(0,0,0)(0,0,0)(0,0,0)(0,0,0)(0,0,0)(0,0,0)(0,0,0)(0,255,0)(0,0,0)(0,0,0)(0,0,0)(0,0,0)(0,0,0)(0,0,0)(0,0,0)(0,0,0)(0,0,0)(0,0,0)(0,0,0)(0,0,0)(0,0,0)(0,0,0)(0,0,0)(0,0,0)(0,0,0)(0,0,0)(0,0,0)(0,0,0)(0,0,0)(0,0,0)(0,0,0)(0,0,0)(0,0,0)(0,0,0)(0,0,0)(0,0,0)(0,0,0)(0,0,0)(0,0,0)(0,0,0)(0,0,0)(0,0,0)(0,0,0)(0,0,0)(0,0,0)(0,0,0)&#10;(0,0,0)(0,0,0)(0,0,0)(0,0,0)(0,0,0)(0,0,0)(0,0,0)(0,0,0)(0,0,0)(0,0,0)(0,0,0)(0,0,0)(0,0,0)(0,0,0)(0,0,0)(0,0,0)(0,0,0)(0,0,0)(0,0,0)(0,0,0)(0,0,0)(0,0,0)(0,0,0)(0,0,0)(0,255,0)(0,0,0)(0,0,0)(0,0,0)(0,0,0)(0,0,0)(0,0,0)(0,0,0)(0,0,0)(0,0,0)(0,0,0)(0,0,0)(0,0,0)(0,0,0)(0,0,0)(0,0,0)(0,0,0)(0,0,0)(0,0,0)(0,0,0)(0,0,0)(0,0,0)(0,0,0)(0,0,0)(0,0,0)(0,0,0)(0,0,0)(0,0,0)(0,0,0)(0,0,0)(0,0,0)(0,0,0)(0,0,0)(0,0,0)(0,0,0)(0,0,0)(0,0,0)(0,0,0)(0,0,0)(0,0,0)&#10;(0,0,0)(0,0,0)(0,0,0)(0,0,0)(0,0,0)(0,0,0)(0,0,0)(0,0,0)(0,0,0)(0,0,0)(0,0,0)(0,0,0)(0,0,0)(0,0,0)(0,0,0)(0,0,0)(0,0,0)(0,0,0)(0,0,0)(0,0,0)(0,0,0)(0,0,0)(0,0,0)(0,255,0)(0,0,0)(0,0,0)(0,0,0)(0,0,0)(0,0,0)(0,0,0)(0,0,0)(0,0,0)(0,0,0)(0,0,0)(0,0,0)(0,0,0)(0,0,0)(0,0,0)(0,0,0)(0,0,0)(0,0,0)(0,0,0)(0,0,0)(0,0,0)(0,0,0)(0,0,0)(0,0,0)(0,0,0)(0,0,0)(0,0,0)(0,0,0)(0,0,0)(0,0,0)(0,0,0)(0,0,0)(0,0,0)(0,0,0)(0,0,0)(0,0,0)(0,0,0)(0,0,0)(0,0,0)(0,0,0)(0,0,0)&#10;(0,0,0)(0,0,0)(0,0,0)(0,0,0)(0,0,0)(0,0,0)(0,0,0)(0,0,0)(0,0,0)(0,0,0)(0,0,0)(0,0,0)(0,0,0)(0,0,0)(0,0,0)(0,0,0)(0,0,0)(0,0,0)(0,0,0)(0,0,0)(0,0,0)(0,0,0)(0,255,0)(0,0,0)(0,0,0)(0,0,0)(0,0,0)(0,0,0)(0,0,0)(0,0,0)(0,0,0)(0,0,0)(0,0,0)(0,0,0)(0,0,0)(0,0,0)(0,0,0)(0,0,0)(0,0,0)(0,0,0)(0,0,0)(0,0,0)(0,0,0)(0,0,0)(0,0,0)(0,0,0)(0,0,0)(0,0,0)(0,0,0)(0,0,0)(0,0,0)(0,0,0)(0,0,0)(0,0,0)(0,0,0)(0,0,0)(0,0,0)(0,0,0)(0,0,0)(0,0,0)(0,0,0)(0,0,0)(0,0,0)(0,0,0)&#10;(0,0,0)(0,0,0)(0,0,0)(0,0,0)(0,0,0)(0,0,0)(0,0,0)(0,0,0)(0,0,0)(0,0,0)(0,0,0)(0,0,0)(0,0,0)(0,0,0)(0,0,0)(0,0,0)(0,0,0)(0,0,0)(0,0,0)(0,0,0)(0,0,0)(0,255,0)(0,0,0)(0,0,0)(0,0,0)(0,0,0)(0,0,0)(0,0,0)(0,0,0)(0,0,0)(0,0,0)(0,0,0)(0,0,0)(0,0,0)(0,0,0)(0,0,0)(0,0,0)(0,0,0)(0,0,0)(0,0,0)(0,0,0)(0,0,0)(0,0,0)(0,0,0)(0,0,0)(0,0,0)(0,0,0)(0,0,0)(0,0,0)(0,0,0)(0,0,0)(0,0,0)(0,0,0)(0,0,0)(0,0,0)(0,0,0)(0,0,0)(0,0,0)(0,0,0)(0,0,0)(0,0,0)(0,0,0)(0,0,0)(0,0,0)&#10;(0,0,0)(0,0,0)(0,0,0)(0,0,0)(0,0,0)(0,0,0)(0,0,0)(0,0,0)(0,0,0)(0,0,0)(0,0,0)(0,0,0)(0,0,0)(0,0,0)(0,0,0)(0,0,0)(0,0,0)(0,0,0)(0,0,0)(0,0,0)(0,255,0)(0,0,0)(0,0,0)(0,0,0)(0,0,0)(0,0,0)(0,0,0)(0,0,0)(0,0,0)(0,0,0)(0,0,0)(0,0,0)(0,0,0)(0,0,0)(0,0,0)(0,0,0)(0,0,0)(0,0,0)(0,0,0)(0,0,0)(0,0,0)(0,0,0)(0,0,0)(0,0,0)(0,0,0)(0,0,0)(0,0,0)(0,0,0)(0,0,0)(0,0,0)(0,0,0)(0,0,0)(0,0,0)(0,0,0)(0,0,0)(0,0,0)(0,0,0)(0,0,0)(0,0,0)(0,0,0)(0,0,0)(0,0,0)(0,0,0)(0,0,0)&#10;(0,0,0)(0,0,0)(0,0,0)(0,0,0)(0,0,0)(0,0,0)(0,0,0)(0,0,0)(0,0,0)(0,0,0)(0,0,0)(0,0,0)(0,0,0)(0,0,0)(0,0,0)(0,0,0)(0,0,0)(0,0,0)(0,0,0)(0,255,0)(0,0,0)(0,0,0)(0,0,0)(0,0,0)(0,0,0)(0,0,0)(0,0,0)(0,0,0)(0,0,0)(0,0,0)(0,0,0)(0,0,0)(0,0,0)(0,0,0)(0,0,0)(0,0,0)(0,0,0)(0,0,0)(0,0,0)(0,0,0)(0,0,0)(0,0,0)(0,0,0)(0,0,0)(0,0,0)(0,0,0)(0,0,0)(0,0,0)(0,0,0)(0,0,0)(0,0,0)(0,0,0)(0,0,0)(0,0,0)(0,0,0)(0,0,0)(0,0,0)(0,0,0)(0,0,0)(0,0,0)(0,0,0)(0,0,0)(0,0,0)(0,0,0)&#10;(0,0,0)(0,0,0)(0,0,0)(0,0,0)(0,0,0)(0,0,0)(0,0,0)(0,0,0)(0,0,0)(0,0,0)(0,0,0)(0,0,0)(0,0,0)(0,0,0)(0,0,0)(0,0,0)(0,0,0)(0,0,0)(0,255,0)(0,0,0)(0,0,0)(0,0,0)(0,0,0)(0,0,0)(0,0,0)(0,0,0)(0,0,0)(0,0,0)(0,0,0)(0,0,0)(0,0,0)(0,0,0)(0,0,0)(0,0,0)(0,0,0)(0,0,0)(0,0,0)(0,0,0)(0,0,0)(0,0,0)(0,0,0)(0,0,0)(0,0,0)(0,0,0)(0,0,0)(0,0,0)(0,0,0)(0,0,0)(0,0,0)(0,0,0)(0,0,0)(0,0,0)(0,0,0)(0,0,0)(0,0,0)(0,0,0)(0,0,0)(0,0,0)(0,0,0)(0,0,0)(0,0,0)(0,0,0)(0,0,0)(0,0,0)&#10;(0,0,0)(0,0,0)(0,0,0)(0,0,0)(0,0,0)(0,0,0)(0,0,0)(0,0,0)(0,0,0)(0,0,0)(0,0,0)(0,0,0)(0,0,0)(0,0,0)(0,0,0)(0,0,0)(0,0,0)(0,255,0)(0,0,0)(0,0,0)(0,0,0)(0,0,0)(0,0,0)(0,0,0)(0,0,0)(0,0,0)(0,0,0)(0,0,0)(0,0,0)(0,0,0)(0,0,0)(0,0,0)(0,0,0)(0,0,0)(0,0,0)(0,0,0)(0,0,0)(0,0,0)(0,0,0)(0,0,0)(0,0,0)(0,0,0)(0,0,0)(0,0,0)(0,0,0)(0,0,0)(0,0,0)(0,0,0)(0,0,0)(0,0,0)(0,0,0)(0,0,0)(0,0,0)(0,0,0)(0,0,0)(0,0,0)(0,0,0)(0,0,0)(0,0,0)(0,0,0)(0,0,0)(0,0,0)(0,0,0)(0,0,0)&#10;(0,0,0)(0,0,0)(0,0,0)(0,0,0)(0,0,0)(0,0,0)(0,0,0)(0,0,0)(0,0,0)(0,0,0)(0,0,0)(0,0,0)(0,0,0)(0,0,0)(0,0,0)(0,0,0)(0,255,0)(0,0,0)(0,0,0)(0,0,0)(0,0,0)(0,0,0)(0,0,0)(0,0,0)(0,0,0)(0,0,0)(0,0,0)(0,0,0)(0,0,0)(0,0,0)(0,0,0)(0,0,0)(0,0,0)(0,0,0)(0,0,0)(0,0,0)(0,0,0)(0,0,0)(0,0,0)(0,0,0)(0,0,0)(0,0,0)(0,0,0)(0,0,0)(0,0,0)(0,0,0)(0,0,0)(0,0,0)(0,0,0)(0,0,0)(0,0,0)(0,0,0)(0,0,0)(0,0,0)(0,0,0)(0,0,0)(0,0,0)(0,0,0)(0,0,0)(0,0,0)(0,0,0)(0,0,0)(0,0,0)(0,0,0)&#10;(0,0,0)(0,0,0)(0,0,0)(0,0,0)(0,0,0)(0,0,0)(0,0,0)(0,0,0)(0,0,0)(0,0,0)(0,0,0)(0,0,0)(0,0,0)(0,0,0)(0,0,0)(0,255,0)(0,0,0)(0,0,0)(0,0,0)(0,0,0)(0,0,0)(0,0,0)(0,0,0)(0,0,0)(0,0,0)(0,0,0)(0,0,0)(0,0,0)(0,0,0)(0,0,0)(0,0,0)(0,0,0)(0,0,0)(0,0,0)(0,0,0)(0,0,0)(0,0,0)(0,0,0)(0,0,0)(0,0,0)(0,0,0)(0,0,0)(0,0,0)(0,0,0)(0,0,0)(0,0,0)(0,0,0)(0,0,0)(0,0,0)(0,0,0)(0,0,0)(0,0,0)(0,0,0)(0,0,0)(0,0,0)(0,0,0)(0,0,0)(0,0,0)(0,0,0)(0,0,0)(0,0,0)(0,0,0)(0,0,0)(0,0,0)&#10;(0,0,0)(0,0,0)(0,0,0)(0,0,0)(0,0,0)(0,0,0)(0,0,0)(0,0,0)(0,0,0)(0,0,0)(0,0,0)(0,0,0)(0,0,0)(0,0,0)(0,255,0)(0,0,0)(0,0,0)(0,0,0)(0,0,0)(0,0,0)(0,0,0)(0,0,0)(0,0,0)(0,0,0)(0,0,0)(0,0,0)(0,0,0)(0,0,0)(0,0,0)(0,0,0)(0,0,0)(0,0,0)(0,0,0)(0,0,0)(0,0,0)(0,0,0)(0,0,0)(0,0,0)(0,0,0)(0,0,0)(0,0,0)(0,0,0)(0,0,0)(0,0,0)(0,0,0)(0,0,0)(0,0,0)(0,0,0)(0,0,0)(0,0,0)(0,0,0)(0,0,0)(0,0,0)(0,0,0)(0,0,0)(0,0,0)(0,0,0)(0,0,0)(0,0,0)(0,0,0)(0,0,0)(0,0,0)(0,0,0)(0,0,0)&#10;(0,0,0)(0,0,0)(0,0,0)(0,0,0)(0,0,0)(0,0,0)(0,0,0)(0,0,0)(0,0,0)(0,0,0)(0,0,0)(0,0,0)(0,0,0)(0,255,0)(0,0,0)(0,0,0)(0,0,0)(0,0,0)(0,0,0)(0,0,0)(0,0,0)(0,0,0)(0,0,0)(0,0,0)(0,0,0)(0,0,0)(0,0,0)(0,0,0)(0,0,0)(0,0,0)(0,0,0)(0,0,0)(0,0,0)(0,0,0)(0,0,0)(0,0,0)(0,0,0)(0,0,0)(0,0,0)(0,0,0)(0,0,0)(0,0,0)(0,0,0)(0,0,0)(0,0,0)(0,0,0)(0,0,0)(0,0,0)(0,0,0)(0,0,0)(0,0,0)(0,0,0)(0,0,0)(0,0,0)(0,0,0)(0,0,0)(0,0,0)(0,0,0)(0,0,0)(0,0,0)(0,0,0)(0,0,0)(0,0,0)(0,0,0)&#10;(0,0,0)(0,0,0)(0,0,0)(0,0,0)(0,0,0)(0,0,0)(0,0,0)(0,0,0)(0,0,0)(0,0,0)(0,0,0)(0,0,0)(0,255,0)(0,0,0)(0,0,0)(0,0,0)(0,0,0)(0,0,0)(0,0,0)(0,0,0)(0,0,0)(0,0,0)(0,0,0)(0,0,0)(0,0,0)(0,0,0)(0,0,0)(0,0,0)(0,0,0)(0,0,0)(0,0,0)(0,0,0)(0,0,0)(0,0,0)(0,0,0)(0,0,0)(0,0,0)(0,0,0)(0,0,0)(0,0,0)(0,0,0)(0,0,0)(0,0,0)(0,0,0)(0,0,0)(0,0,0)(0,0,0)(0,0,0)(0,0,0)(0,0,0)(0,0,0)(0,0,0)(0,0,0)(0,0,0)(0,0,0)(0,0,0)(0,0,0)(0,0,0)(0,0,0)(0,0,0)(0,0,0)(0,0,0)(0,0,0)(0,0,0)&#10;(0,0,0)(0,0,0)(0,0,0)(0,0,0)(0,0,0)(0,0,0)(0,0,0)(0,0,0)(0,0,0)(0,0,0)(0,0,0)(0,255,0)(0,0,0)(0,0,0)(0,0,0)(0,0,0)(0,0,0)(0,0,0)(0,0,0)(0,0,0)(0,0,0)(0,0,0)(0,0,0)(0,0,0)(0,0,0)(0,0,0)(0,0,0)(0,0,0)(0,0,0)(0,0,0)(0,0,0)(0,0,0)(0,0,0)(0,0,0)(0,0,0)(0,0,0)(0,0,0)(0,0,0)(0,0,0)(0,0,0)(0,0,0)(0,0,0)(0,0,0)(0,0,0)(0,0,0)(0,0,0)(0,0,0)(0,0,0)(0,0,0)(0,0,0)(0,0,0)(0,0,0)(0,0,0)(0,0,0)(0,0,0)(0,0,0)(0,0,0)(0,0,0)(0,0,0)(0,0,0)(0,0,0)(0,0,0)(0,0,0)(0,0,0)&#10;(0,0,0)(0,0,0)(0,0,0)(0,0,0)(0,0,0)(0,0,0)(0,0,0)(0,0,0)(0,0,0)(0,0,0)(0,255,0)(0,0,0)(0,0,0)(0,0,0)(0,0,0)(0,0,0)(0,0,0)(0,0,0)(0,0,0)(0,0,0)(0,0,0)(0,0,0)(0,0,0)(0,0,0)(0,0,0)(0,0,0)(0,0,0)(0,0,0)(0,0,0)(0,0,0)(0,0,0)(0,0,0)(0,0,0)(0,0,0)(0,0,0)(0,0,0)(0,0,0)(0,0,0)(0,0,0)(0,0,0)(0,0,0)(0,0,0)(0,0,0)(0,0,0)(0,0,0)(0,0,0)(0,0,0)(0,0,0)(0,0,0)(0,0,0)(0,0,0)(0,0,0)(0,0,0)(0,0,0)(0,0,0)(0,0,0)(0,0,0)(0,0,0)(0,0,0)(0,0,0)(0,0,0)(0,0,0)(0,0,0)(0,0,0)&#10;(0,0,0)(0,0,0)(0,0,0)(0,0,0)(0,0,0)(0,0,0)(0,0,0)(0,0,0)(0,0,0)(0,255,0)(0,0,0)(0,0,0)(0,0,0)(0,0,0)(0,0,0)(0,0,0)(0,0,0)(0,0,0)(0,0,0)(0,0,0)(0,0,0)(0,0,0)(0,0,0)(0,0,0)(0,0,0)(0,0,0)(0,0,0)(0,0,0)(0,0,0)(0,0,0)(0,0,0)(0,0,0)(0,0,0)(0,0,0)(0,0,0)(0,0,0)(0,0,0)(0,0,0)(0,0,0)(0,0,0)(0,0,0)(0,0,0)(0,0,0)(0,0,0)(0,0,0)(0,0,0)(0,0,0)(0,0,0)(0,0,0)(0,0,0)(0,0,0)(0,0,0)(0,0,0)(0,0,0)(0,0,0)(0,0,0)(0,0,0)(0,0,0)(0,0,0)(0,0,0)(0,0,0)(0,0,0)(0,0,0)(0,0,0)&#10;(0,0,0)(0,0,0)(0,0,0)(0,0,0)(0,0,0)(0,0,0)(0,0,0)(0,0,0)(0,255,0)(0,0,0)(0,0,0)(0,0,0)(0,0,0)(0,0,0)(0,0,0)(0,0,0)(0,0,0)(0,0,0)(0,0,0)(0,0,0)(0,0,0)(0,0,0)(0,0,0)(0,0,0)(0,0,0)(0,0,0)(0,0,0)(0,0,0)(0,0,0)(0,0,0)(0,0,0)(0,0,0)(0,0,0)(0,0,0)(0,0,0)(0,0,0)(0,0,0)(0,0,0)(0,0,0)(0,0,0)(0,0,0)(0,0,0)(0,0,0)(0,0,0)(0,0,0)(0,0,0)(0,0,0)(0,0,0)(0,0,0)(0,0,0)(0,0,0)(0,0,0)(0,0,0)(0,0,0)(0,0,0)(0,0,0)(0,0,0)(0,0,0)(0,0,0)(0,0,0)(0,0,0)(0,0,0)(0,0,0)(0,0,0)&#10;(0,0,0)(0,0,0)(0,0,0)(0,0,0)(0,0,0)(0,0,0)(0,0,0)(0,255,0)(0,0,0)(0,0,0)(0,0,0)(0,0,0)(0,0,0)(0,0,0)(0,0,0)(0,0,0)(0,0,0)(0,0,0)(0,0,0)(0,0,0)(0,0,0)(0,0,0)(0,0,0)(0,0,0)(0,0,0)(0,0,0)(0,0,0)(0,0,0)(0,0,0)(0,0,0)(0,0,0)(0,0,0)(0,0,0)(0,0,0)(0,0,0)(0,0,0)(0,0,0)(0,0,0)(0,0,0)(0,0,0)(0,0,0)(0,0,0)(0,0,0)(0,0,0)(0,0,0)(0,0,0)(0,0,0)(0,0,0)(0,0,0)(0,0,0)(0,0,0)(0,0,0)(0,0,0)(0,0,0)(0,0,0)(0,0,0)(0,0,0)(0,0,0)(0,0,0)(0,0,0)(0,0,0)(0,0,0)(0,0,0)(0,0,0)&#10;(0,0,0)(0,0,0)(0,0,0)(0,0,0)(0,0,0)(0,0,0)(0,255,0)(0,0,0)(0,0,0)(0,0,0)(0,0,0)(0,0,0)(0,0,0)(0,0,0)(0,0,0)(0,0,0)(0,0,0)(0,0,0)(0,0,0)(0,0,0)(0,0,0)(0,0,0)(0,0,0)(0,0,0)(0,0,0)(0,0,0)(0,0,0)(0,0,0)(0,0,0)(0,0,0)(0,0,0)(0,0,0)(0,0,0)(0,0,0)(0,0,0)(0,0,0)(0,0,0)(0,0,0)(0,0,0)(0,0,0)(0,0,0)(0,0,0)(0,0,0)(0,0,0)(0,0,0)(0,0,0)(0,0,0)(0,0,0)(0,0,0)(0,0,0)(0,0,0)(0,0,0)(0,0,0)(0,0,0)(0,0,0)(0,0,0)(0,0,0)(0,0,0)(0,0,0)(0,0,0)(0,0,0)(0,0,0)(0,0,0)(0,0,0)&#10;(0,0,0)(0,0,0)(0,0,0)(0,0,0)(0,0,0)(0,255,0)(0,0,0)(0,0,0)(0,0,0)(0,0,0)(0,0,0)(0,0,0)(0,0,0)(0,0,0)(0,0,0)(0,0,0)(0,0,0)(0,0,0)(0,0,0)(0,0,0)(0,0,0)(0,0,0)(0,0,0)(0,0,0)(0,0,0)(0,0,0)(0,0,0)(0,0,0)(0,0,0)(0,0,0)(0,0,0)(0,0,0)(0,0,0)(0,0,0)(0,0,0)(0,0,0)(0,0,0)(0,0,0)(0,0,0)(0,0,0)(0,0,0)(0,0,0)(0,0,0)(0,0,0)(0,0,0)(0,0,0)(0,0,0)(0,0,0)(0,0,0)(0,0,0)(0,0,0)(0,0,0)(0,0,0)(0,0,0)(0,0,0)(0,0,0)(0,0,0)(0,0,0)(0,0,0)(0,0,0)(0,0,0)(0,0,0)(0,0,0)(0,0,0)&#10;(0,0,0)(0,0,0)(0,0,0)(0,0,0)(0,255,0)(0,0,0)(0,0,0)(0,0,0)(0,0,0)(0,0,0)(0,0,0)(0,0,0)(0,0,0)(0,0,0)(0,0,0)(0,0,0)(0,0,0)(0,0,0)(0,0,0)(0,0,0)(0,0,0)(0,0,0)(0,0,0)(0,0,0)(0,0,0)(0,0,0)(0,0,0)(0,0,0)(0,0,0)(0,0,0)(0,0,0)(0,0,0)(0,0,0)(0,0,0)(0,0,0)(0,0,0)(0,0,0)(0,0,0)(0,0,0)(0,0,0)(0,0,0)(0,0,0)(0,0,0)(0,0,0)(0,0,0)(0,0,0)(0,0,0)(0,0,0)(0,0,0)(0,0,0)(0,0,0)(0,0,0)(0,0,0)(0,0,0)(0,0,0)(0,0,0)(0,0,0)(0,0,0)(0,0,0)(0,0,0)(0,0,0)(0,0,0)(0,0,0)(0,0,0)&#10;(0,0,0)(0,0,0)(0,0,0)(0,255,0)(0,0,0)(0,0,0)(0,0,0)(0,0,0)(0,0,0)(0,0,0)(0,0,0)(0,0,0)(0,0,0)(0,0,0)(0,0,0)(0,0,0)(0,0,0)(0,0,0)(0,0,0)(0,0,0)(0,0,0)(0,0,0)(0,0,0)(0,0,0)(0,0,0)(0,0,0)(0,0,0)(0,0,0)(0,0,0)(0,0,0)(0,0,0)(0,0,0)(0,0,0)(0,0,0)(0,0,0)(0,0,0)(0,0,0)(0,0,0)(0,0,0)(0,0,0)(0,0,0)(0,0,0)(0,0,0)(0,0,0)(0,0,0)(0,0,0)(0,0,0)(0,0,0)(0,0,0)(0,0,0)(0,0,0)(0,0,0)(0,0,0)(0,0,0)(0,0,0)(0,0,0)(0,0,0)(0,0,0)(0,0,0)(0,0,0)(0,0,0)(0,0,0)(0,0,0)(0,0,0)&#10;(0,0,0)(0,0,0)(0,255,0)(0,0,0)(0,0,0)(0,0,0)(0,0,0)(0,0,0)(0,0,0)(0,0,0)(0,0,0)(0,0,0)(0,0,0)(0,0,0)(0,0,0)(0,0,0)(0,0,0)(0,0,0)(0,0,0)(0,0,0)(0,0,0)(0,0,0)(0,0,0)(0,0,0)(0,0,0)(0,0,0)(0,0,0)(0,0,0)(0,0,0)(0,0,0)(0,0,0)(0,0,0)(0,0,0)(0,0,0)(0,0,0)(0,0,0)(0,0,0)(0,0,0)(0,0,0)(0,0,0)(0,0,0)(0,0,0)(0,0,0)(0,0,0)(0,0,0)(0,0,0)(0,0,0)(0,0,0)(0,0,0)(0,0,0)(0,0,0)(0,0,0)(0,0,0)(0,0,0)(0,0,0)(0,0,0)(0,0,0)(0,0,0)(0,0,0)(0,0,0)(0,0,0)(0,0,0)(0,0,0)(0,0,0)&#10;(0,0,0)(0,255,0)(0,0,0)(0,0,0)(0,0,0)(0,0,0)(0,0,0)(0,0,0)(0,0,0)(0,0,0)(0,0,0)(0,0,0)(0,0,0)(0,0,0)(0,0,0)(0,0,0)(0,0,0)(0,0,0)(0,0,0)(0,0,0)(0,0,0)(0,0,0)(0,0,0)(0,0,0)(0,0,0)(0,0,0)(0,0,0)(0,0,0)(0,0,0)(0,0,0)(0,0,0)(0,0,0)(0,0,0)(0,0,0)(0,0,0)(0,0,0)(0,0,0)(0,0,0)(0,0,0)(0,0,0)(0,0,0)(0,0,0)(0,0,0)(0,0,0)(0,0,0)(0,0,0)(0,0,0)(0,0,0)(0,0,0)(0,0,0)(0,0,0)(0,0,0)(0,0,0)(0,0,0)(0,0,0)(0,0,0)(0,0,0)(0,0,0)(0,0,0)(0,0,0)(0,0,0)(0,0,0)(0,0,0)(0,0,0)&#10;(0,255,0)(0,0,0)(0,0,0)(0,0,0)(0,0,0)(0,0,0)(0,0,0)(0,0,0)(0,0,0)(0,0,0)(0,0,0)(0,0,0)(0,0,0)(0,0,0)(0,0,0)(0,0,0)(0,0,0)(0,0,0)(0,0,0)(0,0,0)(0,0,0)(0,0,0)(0,0,0)(0,0,0)(0,0,0)(0,0,0)(0,0,0)(0,0,0)(0,0,0)(0,0,0)(0,0,0)(0,0,0)(0,0,0)(0,0,0)(0,0,0)(0,0,0)(0,0,0)(0,0,0)(0,0,0)(0,0,0)(0,0,0)(0,0,0)(0,0,0)(0,0,0)(0,0,0)(0,0,0)(0,0,0)(0,0,0)(0,0,0)(0,0,0)(0,0,0)(0,0,0)(0,0,0)(0,0,0)(0,0,0)(0,0,0)(0,0,0)(0,0,0)(0,0,0)(0,0,0)(0,0,0)(0,0,0)(0,0,0)(0,0,0)&#10;&#10;&gt;" type="java.lang.AssertionError">java.lang.AssertionError: expected:&lt;(0,255,0)(0,255,0)(0,255,0)(0,255,0)(0,255,0)(0,255,0)(0,255,0)(0,255,0)(0,255,0)(0,255,0)(0,255,0)(0,255,0)(0,255,0)(0,255,0)(0,255,0)(0,255,0)(0,255,0)(0,255,0)(0,255,0)(0,255,0)(0,255,0)(0,255,0)(0,255,0)(0,255,0)(0,255,0)(0,255,0)(0,255,0)(0,255,0)(0,255,0)(0,255,0)(0,255,0)(0,255,0)(0,255,0)(0,255,0)(0,255,0)(0,255,0)(0,255,0)(0,255,0)(0,255,0)(0,255,0)(0,255,0)(0,255,0)(0,255,0)(0,255,0)(0,255,0)(0,255,0)(0,255,0)(0,255,0)(0,255,0)(0,255,0)(0,255,0)(0,255,0)(0,255,0)(0,255,0)(0,255,0)(0,255,0)(0,255,0)(0,255,0)(0,255,0)(0,255,0)(0,255,0)(0,255,0)(0,255,0)(0,255,0)
(0,255,0)(0,255,0)(0,255,0)(0,255,0)(0,255,0)(0,255,0)(0,255,0)(0,255,0)(0,255,0)(0,255,0)(0,255,0)(0,255,0)(0,255,0)(0,255,0)(0,255,0)(0,255,0)(0,255,0)(0,255,0)(0,255,0)(0,255,0)(0,255,0)(0,255,0)(0,255,0)(0,255,0)(0,255,0)(0,255,0)(0,255,0)(0,255,0)(0,255,0)(0,255,0)(0,255,0)(0,255,0)(0,255,0)(0,255,0)(0,255,0)(0,255,0)(0,255,0)(0,255,0)(0,255,0)(0,255,0)(0,255,0)(0,255,0)(0,255,0)(0,255,0)(0,255,0)(0,255,0)(0,255,0)(0,255,0)(0,255,0)(0,255,0)(0,255,0)(0,255,0)(0,255,0)(0,255,0)(0,255,0)(0,255,0)(0,255,0)(0,255,0)(0,255,0)(0,255,0)(0,255,0)(0,255,0)(0,255,0)(0,255,0)
(0,255,0)(0,255,0)(0,255,0)(0,255,0)(0,255,0)(0,255,0)(0,255,0)(0,255,0)(0,255,0)(0,255,0)(0,255,0)(0,255,0)(0,255,0)(0,255,0)(0,255,0)(0,255,0)(0,255,0)(0,255,0)(0,255,0)(0,255,0)(0,255,0)(0,255,0)(0,255,0)(0,255,0)(0,255,0)(0,255,0)(0,255,0)(0,255,0)(0,255,0)(0,255,0)(0,255,0)(0,255,0)(0,255,0)(0,255,0)(0,255,0)(0,255,0)(0,255,0)(0,255,0)(0,255,0)(0,255,0)(0,255,0)(0,255,0)(0,255,0)(0,255,0)(0,255,0)(0,255,0)(0,255,0)(0,255,0)(0,255,0)(0,255,0)(0,255,0)(0,255,0)(0,255,0)(0,255,0)(0,255,0)(0,255,0)(0,255,0)(0,255,0)(0,255,0)(0,255,0)(0,255,0)(0,255,0)(0,255,0)(0,255,0)
(0,255,0)(0,255,0)(0,255,0)(0,255,0)(0,255,0)(0,255,0)(0,255,0)(0,255,0)(0,255,0)(0,255,0)(0,255,0)(0,255,0)(0,255,0)(0,255,0)(0,255,0)(0,255,0)(0,255,0)(0,255,0)(0,255,0)(0,255,0)(0,255,0)(0,255,0)(0,255,0)(0,255,0)(0,255,0)(0,255,0)(0,255,0)(0,255,0)(0,255,0)(0,255,0)(0,255,0)(0,255,0)(0,255,0)(0,255,0)(0,255,0)(0,255,0)(0,255,0)(0,255,0)(0,255,0)(0,255,0)(0,255,0)(0,255,0)(0,255,0)(0,255,0)(0,255,0)(0,255,0)(0,255,0)(0,255,0)(0,255,0)(0,255,0)(0,255,0)(0,255,0)(0,255,0)(0,255,0)(0,255,0)(0,255,0)(0,255,0)(0,255,0)(0,255,0)(0,255,0)(0,255,0)(0,255,0)(0,255,0)(0,255,0)
(0,255,0)(0,255,0)(0,255,0)(0,255,0)(0,255,0)(0,255,0)(0,255,0)(0,255,0)(0,255,0)(0,255,0)(0,255,0)(0,255,0)(0,255,0)(0,255,0)(0,255,0)(0,255,0)(0,255,0)(0,255,0)(0,255,0)(0,255,0)(0,255,0)(0,255,0)(0,255,0)(0,255,0)(0,255,0)(0,255,0)(0,255,0)(0,255,0)(0,255,0)(0,255,0)(0,255,0)(0,255,0)(0,255,0)(0,255,0)(0,255,0)(0,255,0)(0,255,0)(0,255,0)(0,255,0)(0,255,0)(0,255,0)(0,255,0)(0,255,0)(0,255,0)(0,255,0)(0,255,0)(0,255,0)(0,255,0)(0,255,0)(0,255,0)(0,255,0)(0,255,0)(0,255,0)(0,255,0)(0,255,0)(0,255,0)(0,255,0)(0,255,0)(0,255,0)(0,255,0)(0,255,0)(0,255,0)(0,255,0)(0,255,0)
(0,255,0)(0,255,0)(0,255,0)(0,255,0)(0,255,0)(0,255,0)(0,255,0)(0,255,0)(0,255,0)(0,255,0)(0,255,0)(0,255,0)(0,255,0)(0,255,0)(0,255,0)(0,255,0)(0,255,0)(0,255,0)(0,255,0)(0,255,0)(0,255,0)(0,255,0)(0,255,0)(0,255,0)(0,255,0)(0,255,0)(0,255,0)(0,255,0)(0,255,0)(0,255,0)(0,255,0)(0,255,0)(0,255,0)(0,255,0)(0,255,0)(0,255,0)(0,255,0)(0,255,0)(0,255,0)(0,255,0)(0,255,0)(0,255,0)(0,255,0)(0,255,0)(0,255,0)(0,255,0)(0,255,0)(0,255,0)(0,255,0)(0,255,0)(0,255,0)(0,255,0)(0,255,0)(0,255,0)(0,255,0)(0,255,0)(0,255,0)(0,255,0)(0,255,0)(0,255,0)(0,255,0)(0,255,0)(0,255,0)(0,255,0)
(0,255,0)(0,255,0)(0,255,0)(0,255,0)(0,255,0)(0,255,0)(0,255,0)(0,255,0)(0,255,0)(0,255,0)(0,255,0)(0,255,0)(0,255,0)(0,255,0)(0,255,0)(0,255,0)(0,255,0)(0,255,0)(0,255,0)(0,255,0)(0,255,0)(0,255,0)(0,255,0)(0,255,0)(0,255,0)(0,255,0)(0,255,0)(0,255,0)(0,255,0)(0,255,0)(0,255,0)(0,255,0)(0,255,0)(0,255,0)(0,255,0)(0,255,0)(0,255,0)(0,255,0)(0,255,0)(0,255,0)(0,255,0)(0,255,0)(0,255,0)(0,255,0)(0,255,0)(0,255,0)(0,255,0)(0,255,0)(0,255,0)(0,255,0)(0,255,0)(0,255,0)(0,255,0)(0,255,0)(0,255,0)(0,255,0)(0,255,0)(0,255,0)(0,255,0)(0,255,0)(0,255,0)(0,255,0)(0,255,0)(0,255,0)
(0,255,0)(0,255,0)(0,255,0)(0,255,0)(0,255,0)(0,255,0)(0,255,0)(0,255,0)(0,255,0)(0,255,0)(0,255,0)(0,255,0)(0,255,0)(0,255,0)(0,255,0)(0,255,0)(0,255,0)(0,255,0)(0,255,0)(0,255,0)(0,255,0)(0,255,0)(0,255,0)(0,255,0)(0,255,0)(0,255,0)(0,255,0)(0,255,0)(0,255,0)(0,255,0)(0,255,0)(0,255,0)(0,255,0)(0,255,0)(0,255,0)(0,255,0)(0,255,0)(0,255,0)(0,255,0)(0,255,0)(0,255,0)(0,255,0)(0,255,0)(0,255,0)(0,255,0)(0,255,0)(0,255,0)(0,255,0)(0,255,0)(0,255,0)(0,255,0)(0,255,0)(0,255,0)(0,255,0)(0,255,0)(0,255,0)(0,255,0)(0,255,0)(0,255,0)(0,255,0)(0,255,0)(0,255,0)(0,255,0)(0,255,0)
(0,255,0)(0,255,0)(0,255,0)(0,255,0)(0,255,0)(0,255,0)(0,255,0)(0,255,0)(0,255,0)(0,255,0)(0,255,0)(0,255,0)(0,255,0)(0,255,0)(0,255,0)(0,255,0)(0,255,0)(0,255,0)(0,255,0)(0,255,0)(0,255,0)(0,255,0)(0,255,0)(0,255,0)(0,255,0)(0,255,0)(0,255,0)(0,255,0)(0,255,0)(0,255,0)(0,255,0)(0,255,0)(0,255,0)(0,255,0)(0,255,0)(0,255,0)(0,255,0)(0,255,0)(0,255,0)(0,255,0)(0,255,0)(0,255,0)(0,255,0)(0,255,0)(0,255,0)(0,255,0)(0,255,0)(0,255,0)(0,255,0)(0,255,0)(0,255,0)(0,255,0)(0,255,0)(0,255,0)(0,255,0)(0,255,0)(0,255,0)(0,255,0)(0,255,0)(0,255,0)(0,255,0)(0,255,0)(0,255,0)(0,255,0)
(0,255,0)(0,255,0)(0,255,0)(0,255,0)(0,255,0)(0,255,0)(0,255,0)(0,255,0)(0,255,0)(0,255,0)(0,255,0)(0,255,0)(0,255,0)(0,255,0)(0,255,0)(0,255,0)(0,255,0)(0,255,0)(0,255,0)(0,255,0)(0,255,0)(0,255,0)(0,255,0)(0,255,0)(0,255,0)(0,255,0)(0,255,0)(0,255,0)(0,255,0)(0,255,0)(0,255,0)(0,255,0)(0,255,0)(0,255,0)(0,255,0)(0,255,0)(0,255,0)(0,255,0)(0,255,0)(0,255,0)(0,255,0)(0,255,0)(0,255,0)(0,255,0)(0,255,0)(0,255,0)(0,255,0)(0,255,0)(0,255,0)(0,255,0)(0,255,0)(0,255,0)(0,255,0)(0,255,0)(0,255,0)(0,255,0)(0,255,0)(0,255,0)(0,255,0)(0,255,0)(0,255,0)(0,255,0)(0,255,0)(0,255,0)
(0,255,0)(0,255,0)(0,255,0)(0,255,0)(0,255,0)(0,255,0)(0,255,0)(0,255,0)(0,255,0)(0,255,0)(0,255,0)(0,255,0)(0,255,0)(0,255,0)(0,255,0)(0,255,0)(0,255,0)(0,255,0)(0,255,0)(0,255,0)(0,255,0)(0,255,0)(0,255,0)(0,255,0)(0,255,0)(0,255,0)(0,255,0)(0,255,0)(0,255,0)(0,255,0)(0,255,0)(0,255,0)(0,255,0)(0,255,0)(0,255,0)(0,255,0)(0,255,0)(0,255,0)(0,255,0)(0,255,0)(0,255,0)(0,255,0)(0,255,0)(0,255,0)(0,255,0)(0,255,0)(0,255,0)(0,255,0)(0,255,0)(0,255,0)(0,255,0)(0,255,0)(0,255,0)(0,255,0)(0,255,0)(0,255,0)(0,255,0)(0,255,0)(0,255,0)(0,255,0)(0,255,0)(0,255,0)(0,255,0)(0,255,0)
(0,255,0)(0,255,0)(0,255,0)(0,255,0)(0,255,0)(0,255,0)(0,255,0)(0,255,0)(0,255,0)(0,255,0)(0,255,0)(0,255,0)(0,255,0)(0,255,0)(0,255,0)(0,255,0)(0,255,0)(0,255,0)(0,255,0)(0,255,0)(0,255,0)(0,255,0)(0,255,0)(0,255,0)(0,255,0)(0,255,0)(0,255,0)(0,255,0)(0,255,0)(0,255,0)(0,255,0)(0,255,0)(0,255,0)(0,255,0)(0,255,0)(0,255,0)(0,255,0)(0,255,0)(0,255,0)(0,255,0)(0,255,0)(0,255,0)(0,255,0)(0,255,0)(0,255,0)(0,255,0)(0,255,0)(0,255,0)(0,255,0)(0,255,0)(0,255,0)(0,255,0)(0,255,0)(0,255,0)(0,255,0)(0,255,0)(0,255,0)(0,255,0)(0,255,0)(0,255,0)(0,255,0)(0,255,0)(0,255,0)(0,255,0)
(0,255,0)(0,255,0)(0,255,0)(0,255,0)(0,255,0)(0,255,0)(0,255,0)(0,255,0)(0,255,0)(0,255,0)(0,255,0)(0,255,0)(0,255,0)(0,255,0)(0,255,0)(0,255,0)(0,255,0)(0,255,0)(0,255,0)(0,255,0)(0,255,0)(0,255,0)(0,255,0)(0,255,0)(0,255,0)(0,255,0)(0,255,0)(0,255,0)(0,255,0)(0,255,0)(0,255,0)(0,255,0)(0,255,0)(0,255,0)(0,255,0)(0,255,0)(0,255,0)(0,255,0)(0,255,0)(0,255,0)(0,255,0)(0,255,0)(0,255,0)(0,255,0)(0,255,0)(0,255,0)(0,255,0)(0,255,0)(0,255,0)(0,255,0)(0,255,0)(0,255,0)(0,255,0)(0,255,0)(0,255,0)(0,255,0)(0,255,0)(0,255,0)(0,255,0)(0,255,0)(0,255,0)(0,255,0)(0,255,0)(0,255,0)
(0,255,0)(0,255,0)(0,255,0)(0,255,0)(0,255,0)(0,255,0)(0,255,0)(0,255,0)(0,255,0)(0,255,0)(0,255,0)(0,255,0)(0,255,0)(0,255,0)(0,255,0)(0,255,0)(0,255,0)(0,255,0)(0,255,0)(0,255,0)(0,255,0)(0,255,0)(0,255,0)(0,255,0)(0,255,0)(0,255,0)(0,255,0)(0,255,0)(0,255,0)(0,255,0)(0,255,0)(0,255,0)(0,255,0)(0,255,0)(0,255,0)(0,255,0)(0,255,0)(0,255,0)(0,255,0)(0,255,0)(0,255,0)(0,255,0)(0,255,0)(0,255,0)(0,255,0)(0,255,0)(0,255,0)(0,255,0)(0,255,0)(0,255,0)(0,255,0)(0,255,0)(0,255,0)(0,255,0)(0,255,0)(0,255,0)(0,255,0)(0,255,0)(0,255,0)(0,255,0)(0,255,0)(0,255,0)(0,255,0)(0,255,0)
(0,255,0)(0,255,0)(0,255,0)(0,255,0)(0,255,0)(0,255,0)(0,255,0)(0,255,0)(0,255,0)(0,255,0)(0,255,0)(0,255,0)(0,255,0)(0,255,0)(0,255,0)(0,255,0)(0,255,0)(0,255,0)(0,255,0)(0,255,0)(0,255,0)(0,255,0)(0,255,0)(0,255,0)(0,255,0)(0,255,0)(0,255,0)(0,255,0)(0,255,0)(0,255,0)(0,255,0)(0,255,0)(0,255,0)(0,255,0)(0,255,0)(0,255,0)(0,255,0)(0,255,0)(0,255,0)(0,255,0)(0,255,0)(0,255,0)(0,255,0)(0,255,0)(0,255,0)(0,255,0)(0,255,0)(0,255,0)(0,255,0)(0,255,0)(0,255,0)(0,255,0)(0,255,0)(0,255,0)(0,255,0)(0,255,0)(0,255,0)(0,255,0)(0,255,0)(0,255,0)(0,255,0)(0,255,0)(0,255,0)(0,255,0)
(0,255,0)(0,255,0)(0,255,0)(0,255,0)(0,255,0)(0,255,0)(0,255,0)(0,255,0)(0,255,0)(0,255,0)(0,255,0)(0,255,0)(0,255,0)(0,255,0)(0,255,0)(0,255,0)(0,255,0)(0,255,0)(0,255,0)(0,255,0)(0,255,0)(0,255,0)(0,255,0)(0,255,0)(0,255,0)(0,255,0)(0,255,0)(0,255,0)(0,255,0)(0,255,0)(0,255,0)(0,255,0)(0,255,0)(0,255,0)(0,255,0)(0,255,0)(0,255,0)(0,255,0)(0,255,0)(0,255,0)(0,255,0)(0,255,0)(0,255,0)(0,255,0)(0,255,0)(0,255,0)(0,255,0)(0,255,0)(0,255,0)(0,255,0)(0,255,0)(0,255,0)(0,255,0)(0,255,0)(0,255,0)(0,255,0)(0,255,0)(0,255,0)(0,255,0)(0,255,0)(0,255,0)(0,255,0)(0,255,0)(0,255,0)
(0,255,0)(0,255,0)(0,255,0)(0,255,0)(0,255,0)(0,255,0)(0,255,0)(0,255,0)(0,255,0)(0,255,0)(0,255,0)(0,255,0)(0,255,0)(0,255,0)(0,255,0)(0,255,0)(0,255,0)(0,255,0)(0,255,0)(0,255,0)(0,255,0)(0,255,0)(0,255,0)(0,255,0)(0,0,0)(0,0,0)(0,0,0)(0,0,0)(0,0,0)(0,0,0)(0,0,0)(0,0,0)(0,0,0)(0,0,0)(0,0,0)(0,0,0)(0,0,0)(0,255,0)(0,255,0)(0,255,0)(0,255,0)(0,255,0)(0,255,0)(0,255,0)(0,255,0)(0,255,0)(0,255,0)(0,255,0)(0,255,0)(0,255,0)(0,255,0)(0,255,0)(0,255,0)(0,255,0)(0,255,0)(0,255,0)(0,255,0)(0,255,0)(0,255,0)(0,255,0)(0,255,0)(0,255,0)(0,255,0)(0,255,0)
(0,255,0)(0,255,0)(0,255,0)(0,255,0)(0,255,0)(0,255,0)(0,255,0)(0,255,0)(0,255,0)(0,255,0)(0,255,0)(0,255,0)(0,255,0)(0,255,0)(0,255,0)(0,255,0)(0,255,0)(0,255,0)(0,255,0)(0,255,0)(0,255,0)(0,255,0)(0,255,0)(0,255,0)(0,0,0)(0,0,0)(0,0,0)(0,0,0)(0,0,0)(0,0,0)(0,0,0)(0,0,0)(0,0,0)(0,0,0)(0,0,0)(0,0,0)(0,0,0)(0,255,0)(0,255,0)(0,255,0)(0,255,0)(0,255,0)(0,255,0)(0,255,0)(0,255,0)(0,255,0)(0,255,0)(0,255,0)(0,255,0)(0,255,0)(0,255,0)(0,255,0)(0,255,0)(0,255,0)(0,255,0)(0,255,0)(0,255,0)(0,255,0)(0,255,0)(0,255,0)(0,255,0)(0,255,0)(0,255,0)(0,255,0)
(0,255,0)(0,255,0)(0,255,0)(0,255,0)(0,255,0)(0,255,0)(0,255,0)(0,255,0)(0,255,0)(0,255,0)(0,255,0)(0,255,0)(0,255,0)(0,255,0)(0,255,0)(0,255,0)(0,255,0)(0,255,0)(0,255,0)(0,255,0)(0,255,0)(0,255,0)(0,255,0)(0,255,0)(0,0,0)(0,0,0)(0,255,0)(0,255,0)(0,255,0)(0,255,0)(0,255,0)(0,255,0)(0,255,0)(0,255,0)(0,255,0)(0,0,0)(0,0,0)(0,255,0)(0,255,0)(0,255,0)(0,255,0)(0,255,0)(0,255,0)(0,255,0)(0,255,0)(0,255,0)(0,255,0)(0,255,0)(0,255,0)(0,255,0)(0,255,0)(0,255,0)(0,255,0)(0,255,0)(0,255,0)(0,255,0)(0,255,0)(0,255,0)(0,255,0)(0,255,0)(0,255,0)(0,255,0)(0,255,0)(0,255,0)
(0,255,0)(0,255,0)(0,255,0)(0,255,0)(0,255,0)(0,255,0)(0,255,0)(0,255,0)(0,255,0)(0,255,0)(0,255,0)(0,255,0)(0,255,0)(0,255,0)(0,255,0)(0,255,0)(0,255,0)(0,255,0)(0,255,0)(0,255,0)(0,255,0)(0,255,0)(0,255,0)(0,255,0)(0,0,0)(0,0,0)(0,255,0)(0,255,0)(0,255,0)(0,255,0)(0,255,0)(0,255,0)(0,255,0)(0,255,0)(0,255,0)(0,0,0)(0,0,0)(0,255,0)(0,255,0)(0,255,0)(0,255,0)(0,255,0)(0,255,0)(0,255,0)(0,255,0)(0,255,0)(0,255,0)(0,255,0)(0,255,0)(0,255,0)(0,255,0)(0,255,0)(0,255,0)(0,255,0)(0,255,0)(0,255,0)(0,255,0)(0,255,0)(0,255,0)(0,255,0)(0,255,0)(0,255,0)(0,255,0)(0,255,0)
(0,255,0)(0,255,0)(0,255,0)(0,255,0)(0,255,0)(0,255,0)(0,255,0)(0,255,0)(0,255,0)(0,255,0)(0,255,0)(0,255,0)(0,255,0)(0,255,0)(0,255,0)(0,255,0)(0,255,0)(0,255,0)(0,255,0)(0,255,0)(0,255,0)(0,255,0)(0,255,0)(0,255,0)(0,9,0)(0,0,0)(0,249,0)(0,255,0)(0,255,0)(0,255,0)(0,255,0)(0,255,0)(0,255,0)(0,255,0)(0,248,0)(0,0,0)(0,6,0)(0,255,0)(0,255,0)(0,255,0)(0,255,0)(0,255,0)(0,255,0)(0,255,0)(0,255,0)(0,255,0)(0,255,0)(0,255,0)(0,255,0)(0,255,0)(0,255,0)(0,255,0)(0,255,0)(0,255,0)(0,255,0)(0,255,0)(0,255,0)(0,255,0)(0,255,0)(0,255,0)(0,255,0)(0,255,0)(0,255,0)(0,255,0)
(0,255,0)(0,255,0)(0,255,0)(0,255,0)(0,255,0)(0,255,0)(0,255,0)(0,255,0)(0,255,0)(0,255,0)(0,255,0)(0,255,0)(0,255,0)(0,255,0)(0,255,0)(0,255,0)(0,255,0)(0,255,0)(0,255,0)(0,255,0)(0,255,0)(0,255,0)(0,255,0)(0,255,0)(0,28,0)(0,0,0)(0,224,0)(0,255,0)(0,255,0)(0,255,0)(0,255,0)(0,255,0)(0,255,0)(0,255,0)(0,223,0)(0,0,0)(0,27,0)(0,255,0)(0,255,0)(0,255,0)(0,255,0)(0,255,0)(0,255,0)(0,255,0)(0,255,0)(0,255,0)(0,255,0)(0,255,0)(0,255,0)(0,255,0)(0,255,0)(0,255,0)(0,255,0)(0,255,0)(0,255,0)(0,255,0)(0,255,0)(0,255,0)(0,255,0)(0,255,0)(0,255,0)(0,255,0)(0,255,0)(0,255,0)
(0,255,0)(0,255,0)(0,255,0)(0,255,0)(0,255,0)(0,255,0)(0,255,0)(0,255,0)(0,255,0)(0,255,0)(0,255,0)(0,255,0)(0,255,0)(0,255,0)(0,255,0)(0,255,0)(0,255,0)(0,255,0)(0,255,0)(0,255,0)(0,255,0)(0,255,0)(0,255,0)(0,255,0)(0,74,0)(0,0,0)(0,161,0)(0,255,0)(0,255,0)(0,255,0)(0,255,0)(0,255,0)(0,255,0)(0,255,0)(0,160,0)(0,0,0)(0,71,0)(0,255,0)(0,255,0)(0,255,0)(0,255,0)(0,255,0)(0,255,0)(0,255,0)(0,255,0)(0,255,0)(0,255,0)(0,255,0)(0,255,0)(0,255,0)(0,255,0)(0,255,0)(0,255,0)(0,255,0)(0,255,0)(0,255,0)(0,255,0)(0,255,0)(0,255,0)(0,255,0)(0,255,0)(0,255,0)(0,255,0)(0,255,0)
[...]
(0,0,0)(0,0,0)(0,0,0)(0,0,0)(0,0,0)(0,0,0)(0,0,0)(0,0,0)(0,0,0)(0,0,0)(0,0,0)(0,0,0)(0,0,0)(0,0,0)(0,0,0)(0,0,0)(0,0,0)(0,0,0)(0,0,0)(0,0,0)(0,0,0)(0,0,0)(0,0,0)(0,0,0)(0,0,0)(0,0,0)(0,0,0)(0,0,0)(0,0,0)(0,0,0)(0,0,0)(0,0,0)(0,0,0)(0,255,0)(0,0,0)(0,0,0)(0,0,0)(0,0,0)(0,0,0)(0,0,0)(0,0,0)(0,0,0)(0,0,0)(0,0,0)(0,0,0)(0,0,0)(0,0,0)(0,0,0)(0,0,0)(0,0,0)(0,0,0)(0,0,0)(0,0,0)(0,0,0)(0,0,0)(0,0,0)(0,0,0)(0,0,0)(0,0,0)(0,0,0)(0,0,0)(0,0,0)(0,0,0)(0,0,0)
(0,0,0)(0,0,0)(0,0,0)(0,0,0)(0,0,0)(0,0,0)(0,0,0)(0,0,0)(0,0,0)(0,0,0)(0,0,0)(0,0,0)(0,0,0)(0,0,0)(0,0,0)(0,0,0)(0,0,0)(0,0,0)(0,0,0)(0,0,0)(0,0,0)(0,0,0)(0,0,0)(0,0,0)(0,0,0)(0,0,0)(0,0,0)(0,0,0)(0,0,0)(0,0,0)(0,0,0)(0,0,0)(0,255,0)(0,0,0)(0,0,0)(0,0,0)(0,0,0)(0,0,0)(0,0,0)(0,0,0)(0,0,0)(0,0,0)(0,0,0)(0,0,0)(0,0,0)(0,0,0)(0,0,0)(0,0,0)(0,0,0)(0,0,0)(0,0,0)(0,0,0)(0,0,0)(0,0,0)(0,0,0)(0,0,0)(0,0,0)(0,0,0)(0,0,0)(0,0,0)(0,0,0)(0,0,0)(0,0,0)(0,0,0)
(0,0,0)(0,0,0)(0,0,0)(0,0,0)(0,0,0)(0,0,0)(0,0,0)(0,0,0)(0,0,0)(0,0,0)(0,0,0)(0,0,0)(0,0,0)(0,0,0)(0,0,0)(0,0,0)(0,0,0)(0,0,0)(0,0,0)(0,0,0)(0,0,0)(0,0,0)(0,0,0)(0,0,0)(0,0,0)(0,0,0)(0,0,0)(0,0,0)(0,0,0)(0,0,0)(0,0,0)(0,255,0)(0,0,0)(0,0,0)(0,0,0)(0,0,0)(0,0,0)(0,0,0)(0,0,0)(0,0,0)(0,0,0)(0,0,0)(0,0,0)(0,0,0)(0,0,0)(0,0,0)(0,0,0)(0,0,0)(0,0,0)(0,0,0)(0,0,0)(0,0,0)(0,0,0)(0,0,0)(0,0,0)(0,0,0)(0,0,0)(0,0,0)(0,0,0)(0,0,0)(0,0,0)(0,0,0)(0,0,0)(0,0,0)
(0,0,0)(0,0,0)(0,0,0)(0,0,0)(0,0,0)(0,0,0)(0,0,0)(0,0,0)(0,0,0)(0,0,0)(0,0,0)(0,0,0)(0,0,0)(0,0,0)(0,0,0)(0,0,0)(0,0,0)(0,0,0)(0,0,0)(0,0,0)(0,0,0)(0,0,0)(0,0,0)(0,0,0)(0,0,0)(0,0,0)(0,0,0)(0,0,0)(0,0,0)(0,0,0)(0,255,0)(0,0,0)(0,0,0)(0,0,0)(0,0,0)(0,0,0)(0,0,0)(0,0,0)(0,0,0)(0,0,0)(0,0,0)(0,0,0)(0,0,0)(0,0,0)(0,0,0)(0,0,0)(0,0,0)(0,0,0)(0,0,0)(0,0,0)(0,0,0)(0,0,0)(0,0,0)(0,0,0)(0,0,0)(0,0,0)(0,0,0)(0,0,0)(0,0,0)(0,0,0)(0,0,0)(0,0,0)(0,0,0)(0,0,0)
(0,0,0)(0,0,0)(0,0,0)(0,0,0)(0,0,0)(0,0,0)(0,0,0)(0,0,0)(0,0,0)(0,0,0)(0,0,0)(0,0,0)(0,0,0)(0,0,0)(0,0,0)(0,0,0)(0,0,0)(0,0,0)(0,0,0)(0,0,0)(0,0,0)(0,0,0)(0,0,0)(0,0,0)(0,0,0)(0,0,0)(0,0,0)(0,0,0)(0,0,0)(0,255,0)(0,0,0)(0,0,0)(0,0,0)(0,0,0)(0,0,0)(0,0,0)(0,0,0)(0,0,0)(0,0,0)(0,0,0)(0,0,0)(0,0,0)(0,0,0)(0,0,0)(0,0,0)(0,0,0)(0,0,0)(0,0,0)(0,0,0)(0,0,0)(0,0,0)(0,0,0)(0,0,0)(0,0,0)(0,0,0)(0,0,0)(0,0,0)(0,0,0)(0,0,0)(0,0,0)(0,0,0)(0,0,0)(0,0,0)(0,0,0)
(0,0,0)(0,0,0)(0,0,0)(0,0,0)(0,0,0)(0,0,0)(0,0,0)(0,0,0)(0,0,0)(0,0,0)(0,0,0)(0,0,0)(0,0,0)(0,0,0)(0,0,0)(0,0,0)(0,0,0)(0,0,0)(0,0,0)(0,0,0)(0,0,0)(0,0,0)(0,0,0)(0,0,0)(0,0,0)(0,0,0)(0,0,0)(0,0,0)(0,255,0)(0,0,0)(0,0,0)(0,0,0)(0,0,0)(0,0,0)(0,0,0)(0,0,0)(0,0,0)(0,0,0)(0,0,0)(0,0,0)(0,0,0)(0,0,0)(0,0,0)(0,0,0)(0,0,0)(0,0,0)(0,0,0)(0,0,0)(0,0,0)(0,0,0)(0,0,0)(0,0,0)(0,0,0)(0,0,0)(0,0,0)(0,0,0)(0,0,0)(0,0,0)(0,0,0)(0,0,0)(0,0,0)(0,0,0)(0,0,0)(0,0,0)
(0,0,0)(0,0,0)(0,0,0)(0,0,0)(0,0,0)(0,0,0)(0,0,0)(0,0,0)(0,0,0)(0,0,0)(0,0,0)(0,0,0)(0,0,0)(0,0,0)(0,0,0)(0,0,0)(0,0,0)(0,0,0)(0,0,0)(0,0,0)(0,0,0)(0,0,0)(0,0,0)(0,0,0)(0,0,0)(0,0,0)(0,0,0)(0,255,0)(0,0,0)(0,0,0)(0,0,0)(0,0,0)(0,0,0)(0,0,0)(0,0,0)(0,0,0)(0,0,0)(0,0,0)(0,0,0)(0,0,0)(0,0,0)(0,0,0)(0,0,0)(0,0,0)(0,0,0)(0,0,0)(0,0,0)(0,0,0)(0,0,0)(0,0,0)(0,0,0)(0,0,0)(0,0,0)(0,0,0)(0,0,0)(0,0,0)(0,0,0)(0,0,0)(0,0,0)(0,0,0)(0,0,0)(0,0,0)(0,0,0)(0,0,0)
(0,0,0)(0,0,0)(0,0,0)(0,0,0)(0,0,0)(0,0,0)(0,0,0)(0,0,0)(0,0,0)(0,0,0)(0,0,0)(0,0,0)(0,0,0)(0,0,0)(0,0,0)(0,0,0)(0,0,0)(0,0,0)(0,0,0)(0,0,0)(0,0,0)(0,0,0)(0,0,0)(0,0,0)(0,0,0)(0,0,0)(0,255,0)(0,0,0)(0,0,0)(0,0,0)(0,0,0)(0,0,0)(0,0,0)(0,0,0)(0,0,0)(0,0,0)(0,0,0)(0,0,0)(0,0,0)(0,0,0)(0,0,0)(0,0,0)(0,0,0)(0,0,0)(0,0,0)(0,0,0)(0,0,0)(0,0,0)(0,0,0)(0,0,0)(0,0,0)(0,0,0)(0,0,0)(0,0,0)(0,0,0)(0,0,0)(0,0,0)(0,0,0)(0,0,0)(0,0,0)(0,0,0)(0,0,0)(0,0,0)(0,0,0)
(0,0,0)(0,0,0)(0,0,0)(0,0,0)(0,0,0)(0,0,0)(0,0,0)(0,0,0)(0,0,0)(0,0,0)(0,0,0)(0,0,0)(0,0,0)(0,0,0)(0,0,0)(0,0,0)(0,0,0)(0,0,0)(0,0,0)(0,0,0)(0,0,0)(0,0,0)(0,0,0)(0,0,0)(0,0,0)(0,255,0)(0,0,0)(0,0,0)(0,0,0)(0,0,0)(0,0,0)(0,0,0)(0,0,0)(0,0,0)(0,0,0)(0,0,0)(0,0,0)(0,0,0)(0,0,0)(0,0,0)(0,0,0)(0,0,0)(0,0,0)(0,0,0)(0,0,0)(0,0,0)(0,0,0)(0,0,0)(0,0,0)(0,0,0)(0,0,0)(0,0,0)(0,0,0)(0,0,0)(0,0,0)(0,0,0)(0,0,0)(0,0,0)(0,0,0)(0,0,0)(0,0,0)(0,0,0)(0,0,0)(0,0,0)
(0,0,0)(0,0,0)(0,0,0)(0,0,0)(0,0,0)(0,0,0)(0,0,0)(0,0,0)(0,0,0)(0,0,0)(0,0,0)(0,0,0)(0,0,0)(0,0,0)(0,0,0)(0,0,0)(0,0,0)(0,0,0)(0,0,0)(0,0,0)(0,0,0)(0,0,0)(0,0,0)(0,0,0)(0,255,0)(0,0,0)(0,0,0)(0,0,0)(0,0,0)(0,0,0)(0,0,0)(0,0,0)(0,0,0)(0,0,0)(0,0,0)(0,0,0)(0,0,0)(0,0,0)(0,0,0)(0,0,0)(0,0,0)(0,0,0)(0,0,0)(0,0,0)(0,0,0)(0,0,0)(0,0,0)(0,0,0)(0,0,0)(0,0,0)(0,0,0)(0,0,0)(0,0,0)(0,0,0)(0,0,0)(0,0,0)(0,0,0)(0,0,0)(0,0,0)(0,0,0)(0,0,0)(0,0,0)(0,0,0)(0,0,0)
(0,0,0)(0,0,0)(0,0,0)(0,0,0)(0,0,0)(0,0,0)(0,0,0)(0,0,0)(0,0,0)(0,0,0)(0,0,0)(0,0,0)(0,0,0)(0,0,0)(0,0,0)(0,0,0)(0,0,0)(0,0,0)(0,0,0)(0,0,0)(0,0,0)(0,0,0)(0,0,0)(0,255,0)(0,0,0)(0,0,0)(0,0,0)(0,0,0)(0,0,0)(0,0,0)(0,0,0)(0,0,0)(0,0,0)(0,0,0)(0,0,0)(0,0,0)(0,0,0)(0,0,0)(0,0,0)(0,0,0)(0,0,0)(0,0,0)(0,0,0)(0,0,0)(0,0,0)(0,0,0)(0,0,0)(0,0,0)(0,0,0)(0,0,0)(0,0,0)(0,0,0)(0,0,0)(0,0,0)(0,0,0)(0,0,0)(0,0,0)(0,0,0)(0,0,0)(0,0,0)(0,0,0)(0,0,0)(0,0,0)(0,0,0)
(0,0,0)(0,0,0)(0,0,0)(0,0,0)(0,0,0)(0,0,0)(0,0,0)(0,0,0)(0,0,0)(0,0,0)(0,0,0)(0,0,0)(0,0,0)(0,0,0)(0,0,0)(0,0,0)(0,0,0)(0,0,0)(0,0,0)(0,0,0)(0,0,0)(0,0,0)(0,255,0)(0,0,0)(0,0,0)(0,0,0)(0,0,0)(0,0,0)(0,0,0)(0,0,0)(0,0,0)(0,0,0)(0,0,0)(0,0,0)(0,0,0)(0,0,0)(0,0,0)(0,0,0)(0,0,0)(0,0,0)(0,0,0)(0,0,0)(0,0,0)(0,0,0)(0,0,0)(0,0,0)(0,0,0)(0,0,0)(0,0,0)(0,0,0)(0,0,0)(0,0,0)(0,0,0)(0,0,0)(0,0,0)(0,0,0)(0,0,0)(0,0,0)(0,0,0)(0,0,0)(0,0,0)(0,0,0)(0,0,0)(0,0,0)
(0,0,0)(0,0,0)(0,0,0)(0,0,0)(0,0,0)(0,0,0)(0,0,0)(0,0,0)(0,0,0)(0,0,0)(0,0,0)(0,0,0)(0,0,0)(0,0,0)(0,0,0)(0,0,0)(0,0,0)(0,0,0)(0,0,0)(0,0,0)(0,0,0)(0,255,0)(0,0,0)(0,0,0)(0,0,0)(0,0,0)(0,0,0)(0,0,0)(0,0,0)(0,0,0)(0,0,0)(0,0,0)(0,0,0)(0,0,0)(0,0,0)(0,0,0)(0,0,0)(0,0,0)(0,0,0)(0,0,0)(0,0,0)(0,0,0)(0,0,0)(0,0,0)(0,0,0)(0,0,0)(0,0,0)(0,0,0)(0,0,0)(0,0,0)(0,0,0)(0,0,0)(0,0,0)(0,0,0)(0,0,0)(0,0,0)(0,0,0)(0,0,0)(0,0,0)(0,0,0)(0,0,0)(0,0,0)(0,0,0)(0,0,0)
(0,0,0)(0,0,0)(0,0,0)(0,0,0)(0,0,0)(0,0,0)(0,0,0)(0,0,0)(0,0,0)(0,0,0)(0,0,0)(0,0,0)(0,0,0)(0,0,0)(0,0,0)(0,0,0)(0,0,0)(0,0,0)(0,0,0)(0,0,0)(0,255,0)(0,0,0)(0,0,0)(0,0,0)(0,0,0)(0,0,0)(0,0,0)(0,0,0)(0,0,0)(0,0,0)(0,0,0)(0,0,0)(0,0,0)(0,0,0)(0,0,0)(0,0,0)(0,0,0)(0,0,0)(0,0,0)(0,0,0)(0,0,0)(0,0,0)(0,0,0)(0,0,0)(0,0,0)(0,0,0)(0,0,0)(0,0,0)(0,0,0)(0,0,0)(0,0,0)(0,0,0)(0,0,0)(0,0,0)(0,0,0)(0,0,0)(0,0,0)(0,0,0)(0,0,0)(0,0,0)(0,0,0)(0,0,0)(0,0,0)(0,0,0)
(0,0,0)(0,0,0)(0,0,0)(0,0,0)(0,0,0)(0,0,0)(0,0,0)(0,0,0)(0,0,0)(0,0,0)(0,0,0)(0,0,0)(0,0,0)(0,0,0)(0,0,0)(0,0,0)(0,0,0)(0,0,0)(0,0,0)(0,255,0)(0,0,0)(0,0,0)(0,0,0)(0,0,0)(0,0,0)(0,0,0)(0,0,0)(0,0,0)(0,0,0)(0,0,0)(0,0,0)(0,0,0)(0,0,0)(0,0,0)(0,0,0)(0,0,0)(0,0,0)(0,0,0)(0,0,0)(0,0,0)(0,0,0)(0,0,0)(0,0,0)(0,0,0)(0,0,0)(0,0,0)(0,0,0)(0,0,0)(0,0,0)(0,0,0)(0,0,0)(0,0,0)(0,0,0)(0,0,0)(0,0,0)(0,0,0)(0,0,0)(0,0,0)(0,0,0)(0,0,0)(0,0,0)(0,0,0)(0,0,0)(0,0,0)
(0,0,0)(0,0,0)(0,0,0)(0,0,0)(0,0,0)(0,0,0)(0,0,0)(0,0,0)(0,0,0)(0,0,0)(0,0,0)(0,0,0)(0,0,0)(0,0,0)(0,0,0)(0,0,0)(0,0,0)(0,0,0)(0,255,0)(0,0,0)(0,0,0)(0,0,0)(0,0,0)(0,0,0)(0,0,0)(0,0,0)(0,0,0)(0,0,0)(0,0,0)(0,0,0)(0,0,0)(0,0,0)(0,0,0)(0,0,0)(0,0,0)(0,0,0)(0,0,0)(0,0,0)(0,0,0)(0,0,0)(0,0,0)(0,0,0)(0,0,0)(0,0,0)(0,0,0)(0,0,0)(0,0,0)(0,0,0)(0,0,0)(0,0,0)(0,0,0)(0,0,0)(0,0,0)(0,0,0)(0,0,0)(0,0,0)(0,0,0)(0,0,0)(0,0,0)(0,0,0)(0,0,0)(0,0,0)(0,0,0)(0,0,0)
(0,0,0)(0,0,0)(0,0,0)(0,0,0)(0,0,0)(0,0,0)(0,0,0)(0,0,0)(0,0,0)(0,0,0)(0,0,0)(0,0,0)(0,0,0)(0,0,0)(0,0,0)(0,0,0)(0,0,0)(0,255,0)(0,0,0)(0,0,0)(0,0,0)(0,0,0)(0,0,0)(0,0,0)(0,0,0)(0,0,0)(0,0,0)(0,0,0)(0,0,0)(0,0,0)(0,0,0)(0,0,0)(0,0,0)(0,0,0)(0,0,0)(0,0,0)(0,0,0)(0,0,0)(0,0,0)(0,0,0)(0,0,0)(0,0,0)(0,0,0)(0,0,0)(0,0,0)(0,0,0)(0,0,0)(0,0,0)(0,0,0)(0,0,0)(0,0,0)(0,0,0)(0,0,0)(0,0,0)(0,0,0)(0,0,0)(0,0,0)(0,0,0)(0,0,0)(0,0,0)(0,0,0)(0,0,0)(0,0,0)(0,0,0)
(0,0,0)(0,0,0)(0,0,0)(0,0,0)(0,0,0)(0,0,0)(0,0,0)(0,0,0)(0,0,0)(0,0,0)(0,0,0)(0,0,0)(0,0,0)(0,0,0)(0,0,0)(0,0,0)(0,255,0)(0,0,0)(0,0,0)(0,0,0)(0,0,0)(0,0,0)(0,0,0)(0,0,0)(0,0,0)(0,0,0)(0,0,0)(0,0,0)(0,0,0)(0,0,0)(0,0,0)(0,0,0)(0,0,0)(0,0,0)(0,0,0)(0,0,0)(0,0,0)(0,0,0)(0,0,0)(0,0,0)(0,0,0)(0,0,0)(0,0,0)(0,0,0)(0,0,0)(0,0,0)(0,0,0)(0,0,0)(0,0,0)(0,0,0)(0,0,0)(0,0,0)(0,0,0)(0,0,0)(0,0,0)(0,0,0)(0,0,0)(0,0,0)(0,0,0)(0,0,0)(0,0,0)(0,0,0)(0,0,0)(0,0,0)
(0,0,0)(0,0,0)(0,0,0)(0,0,0)(0,0,0)(0,0,0)(0,0,0)(0,0,0)(0,0,0)(0,0,0)(0,0,0)(0,0,0)(0,0,0)(0,0,0)(0,0,0)(0,255,0)(0,0,0)(0,0,0)(0,0,0)(0,0,0)(0,0,0)(0,0,0)(0,0,0)(0,0,0)(0,0,0)(0,0,0)(0,0,0)(0,0,0)(0,0,0)(0,0,0)(0,0,0)(0,0,0)(0,0,0)(0,0,0)(0,0,0)(0,0,0)(0,0,0)(0,0,0)(0,0,0)(0,0,0)(0,0,0)(0,0,0)(0,0,0)(0,0,0)(0,0,0)(0,0,0)(0,0,0)(0,0,0)(0,0,0)(0,0,0)(0,0,0)(0,0,0)(0,0,0)(0,0,0)(0,0,0)(0,0,0)(0,0,0)(0,0,0)(0,0,0)(0,0,0)(0,0,0)(0,0,0)(0,0,0)(0,0,0)
(0,0,0)(0,0,0)(0,0,0)(0,0,0)(0,0,0)(0,0,0)(0,0,0)(0,0,0)(0,0,0)(0,0,0)(0,0,0)(0,0,0)(0,0,0)(0,0,0)(0,255,0)(0,0,0)(0,0,0)(0,0,0)(0,0,0)(0,0,0)(0,0,0)(0,0,0)(0,0,0)(0,0,0)(0,0,0)(0,0,0)(0,0,0)(0,0,0)(0,0,0)(0,0,0)(0,0,0)(0,0,0)(0,0,0)(0,0,0)(0,0,0)(0,0,0)(0,0,0)(0,0,0)(0,0,0)(0,0,0)(0,0,0)(0,0,0)(0,0,0)(0,0,0)(0,0,0)(0,0,0)(0,0,0)(0,0,0)(0,0,0)(0,0,0)(0,0,0)(0,0,0)(0,0,0)(0,0,0)(0,0,0)(0,0,0)(0,0,0)(0,0,0)(0,0,0)(0,0,0)(0,0,0)(0,0,0)(0,0,0)(0,0,0)
(0,0,0)(0,0,0)(0,0,0)(0,0,0)(0,0,0)(0,0,0)(0,0,0)(0,0,0)(0,0,0)(0,0,0)(0,0,0)(0,0,0)(0,0,0)(0,255,0)(0,0,0)(0,0,0)(0,0,0)(0,0,0)(0,0,0)(0,0,0)(0,0,0)(0,0,0)(0,0,0)(0,0,0)(0,0,0)(0,0,0)(0,0,0)(0,0,0)(0,0,0)(0,0,0)(0,0,0)(0,0,0)(0,0,0)(0,0,0)(0,0,0)(0,0,0)(0,0,0)(0,0,0)(0,0,0)(0,0,0)(0,0,0)(0,0,0)(0,0,0)(0,0,0)(0,0,0)(0,0,0)(0,0,0)(0,0,0)(0,0,0)(0,0,0)(0,0,0)(0,0,0)(0,0,0)(0,0,0)(0,0,0)(0,0,0)(0,0,0)(0,0,0)(0,0,0)(0,0,0)(0,0,0)(0,0,0)(0,0,0)(0,0,0)
(0,0,0)(0,0,0)(0,0,0)(0,0,0)(0,0,0)(0,0,0)(0,0,0)(0,0,0)(0,0,0)(0,0,0)(0,0,0)(0,0,0)(0,255,0)(0,0,0)(0,0,0)(0,0,0)(0,0,0)(0,0,0)(0,0,0)(0,0,0)(0,0,0)(0,0,0)(0,0,0)(0,0,0)(0,0,0)(0,0,0)(0,0,0)(0,0,0)(0,0,0)(0,0,0)(0,0,0)(0,0,0)(0,0,0)(0,0,0)(0,0,0)(0,0,0)(0,0,0)(0,0,0)(0,0,0)(0,0,0)(0,0,0)(0,0,0)(0,0,0)(0,0,0)(0,0,0)(0,0,0)(0,0,0)(0,0,0)(0,0,0)(0,0,0)(0,0,0)(0,0,0)(0,0,0)(0,0,0)(0,0,0)(0,0,0)(0,0,0)(0,0,0)(0,0,0)(0,0,0)(0,0,0)(0,0,0)(0,0,0)(0,0,0)
(0,0,0)(0,0,0)(0,0,0)(0,0,0)(0,0,0)(0,0,0)(0,0,0)(0,0,0)(0,0,0)(0,0,0)(0,0,0)(0,255,0)(0,0,0)(0,0,0)(0,0,0)(0,0,0)(0,0,0)(0,0,0)(0,0,0)(0,0,0)(0,0,0)(0,0,0)(0,0,0)(0,0,0)(0,0,0)(0,0,0)(0,0,0)(0,0,0)(0,0,0)(0,0,0)(0,0,0)(0,0,0)(0,0,0)(0,0,0)(0,0,0)(0,0,0)(0,0,0)(0,0,0)(0,0,0)(0,0,0)(0,0,0)(0,0,0)(0,0,0)(0,0,0)(0,0,0)(0,0,0)(0,0,0)(0,0,0)(0,0,0)(0,0,0)(0,0,0)(0,0,0)(0,0,0)(0,0,0)(0,0,0)(0,0,0)(0,0,0)(0,0,0)(0,0,0)(0,0,0)(0,0,0)(0,0,0)(0,0,0)(0,0,0)
(0,0,0)(0,0,0)(0,0,0)(0,0,0)(0,0,0)(0,0,0)(0,0,0)(0,0,0)(0,0,0)(0,0,0)(0,255,0)(0,0,0)(0,0,0)(0,0,0)(0,0,0)(0,0,0)(0,0,0)(0,0,0)(0,0,0)(0,0,0)(0,0,0)(0,0,0)(0,0,0)(0,0,0)(0,0,0)(0,0,0)(0,0,0)(0,0,0)(0,0,0)(0,0,0)(0,0,0)(0,0,0)(0,0,0)(0,0,0)(0,0,0)(0,0,0)(0,0,0)(0,0,0)(0,0,0)(0,0,0)(0,0,0)(0,0,0)(0,0,0)(0,0,0)(0,0,0)(0,0,0)(0,0,0)(0,0,0)(0,0,0)(0,0,0)(0,0,0)(0,0,0)(0,0,0)(0,0,0)(0,0,0)(0,0,0)(0,0,0)(0,0,0)(0,0,0)(0,0,0)(0,0,0)(0,0,0)(0,0,0)(0,0,0)
(0,0,0)(0,0,0)(0,0,0)(0,0,0)(0,0,0)(0,0,0)(0,0,0)(0,0,0)(0,0,0)(0,255,0)(0,0,0)(0,0,0)(0,0,0)(0,0,0)(0,0,0)(0,0,0)(0,0,0)(0,0,0)(0,0,0)(0,0,0)(0,0,0)(0,0,0)(0,0,0)(0,0,0)(0,0,0)(0,0,0)(0,0,0)(0,0,0)(0,0,0)(0,0,0)(0,0,0)(0,0,0)(0,0,0)(0,0,0)(0,0,0)(0,0,0)(0,0,0)(0,0,0)(0,0,0)(0,0,0)(0,0,0)(0,0,0)(0,0,0)(0,0,0)(0,0,0)(0,0,0)(0,0,0)(0,0,0)(0,0,0)(0,0,0)(0,0,0)(0,0,0)(0,0,0)(0,0,0)(0,0,0)(0,0,0)(0,0,0)(0,0,0)(0,0,0)(0,0,0)(0,0,0)(0,0,0)(0,0,0)(0,0,0)
(0,0,0)(0,0,0)(0,0,0)(0,0,0)(0,0,0)(0,0,0)(0,0,0)(0,0,0)(0,255,0)(0,0,0)(0,0,0)(0,0,0)(0,0,0)(0,0,0)(0,0,0)(0,0,0)(0,0,0)(0,0,0)(0,0,0)(0,0,0)(0,0,0)(0,0,0)(0,0,0)(0,0,0)(0,0,0)(0,0,0)(0,0,0)(0,0,0)(0,0,0)(0,0,0)(0,0,0)(0,0,0)(0,0,0)(0,0,0)(0,0,0)(0,0,0)(0,0,0)(0,0,0)(0,0,0)(0,0,0)(0,0,0)(0,0,0)(0,0,0)(0,0,0)(0,0,0)(0,0,0)(0,0,0)(0,0,0)(0,0,0)(0,0,0)(0,0,0)(0,0,0)(0,0,0)(0,0,0)(0,0,0)(0,0,0)(0,0,0)(0,0,0)(0,0,0)(0,0,0)(0,0,0)(0,0,0)(0,0,0)(0,0,0)
(0,0,0)(0,0,0)(0,0,0)(0,0,0)(0,0,0)(0,0,0)(0,0,0)(0,255,0)(0,0,0)(0,0,0)(0,0,0)(0,0,0)(0,0,0)(0,0,0)(0,0,0)(0,0,0)(0,0,0)(0,0,0)(0,0,0)(0,0,0)(0,0,0)(0,0,0)(0,0,0)(0,0,0)(0,0,0)(0,0,0)(0,0,0)(0,0,0)(0,0,0)(0,0,0)(0,0,0)(0,0,0)(0,0,0)(0,0,0)(0,0,0)(0,0,0)(0,0,0)(0,0,0)(0,0,0)(0,0,0)(0,0,0)(0,0,0)(0,0,0)(0,0,0)(0,0,0)(0,0,0)(0,0,0)(0,0,0)(0,0,0)(0,0,0)(0,0,0)(0,0,0)(0,0,0)(0,0,0)(0,0,0)(0,0,0)(0,0,0)(0,0,0)(0,0,0)(0,0,0)(0,0,0)(0,0,0)(0,0,0)(0,0,0)
(0,0,0)(0,0,0)(0,0,0)(0,0,0)(0,0,0)(0,0,0)(0,255,0)(0,0,0)(0,0,0)(0,0,0)(0,0,0)(0,0,0)(0,0,0)(0,0,0)(0,0,0)(0,0,0)(0,0,0)(0,0,0)(0,0,0)(0,0,0)(0,0,0)(0,0,0)(0,0,0)(0,0,0)(0,0,0)(0,0,0)(0,0,0)(0,0,0)(0,0,0)(0,0,0)(0,0,0)(0,0,0)(0,0,0)(0,0,0)(0,0,0)(0,0,0)(0,0,0)(0,0,0)(0,0,0)(0,0,0)(0,0,0)(0,0,0)(0,0,0)(0,0,0)(0,0,0)(0,0,0)(0,0,0)(0,0,0)(0,0,0)(0,0,0)(0,0,0)(0,0,0)(0,0,0)(0,0,0)(0,0,0)(0,0,0)(0,0,0)(0,0,0)(0,0,0)(0,0,0)(0,0,0)(0,0,0)(0,0,0)(0,0,0)
(0,0,0)(0,0,0)(0,0,0)(0,0,0)(0,0,0)(0,255,0)(0,0,0)(0,0,0)(0,0,0)(0,0,0)(0,0,0)(0,0,0)(0,0,0)(0,0,0)(0,0,0)(0,0,0)(0,0,0)(0,0,0)(0,0,0)(0,0,0)(0,0,0)(0,0,0)(0,0,0)(0,0,0)(0,0,0)(0,0,0)(0,0,0)(0,0,0)(0,0,0)(0,0,0)(0,0,0)(0,0,0)(0,0,0)(0,0,0)(0,0,0)(0,0,0)(0,0,0)(0,0,0)(0,0,0)(0,0,0)(0,0,0)(0,0,0)(0,0,0)(0,0,0)(0,0,0)(0,0,0)(0,0,0)(0,0,0)(0,0,0)(0,0,0)(0,0,0)(0,0,0)(0,0,0)(0,0,0)(0,0,0)(0,0,0)(0,0,0)(0,0,0)(0,0,0)(0,0,0)(0,0,0)(0,0,0)(0,0,0)(0,0,0)
(0,0,0)(0,0,0)(0,0,0)(0,0,0)(0,255,0)(0,0,0)(0,0,0)(0,0,0)(0,0,0)(0,0,0)(0,0,0)(0,0,0)(0,0,0)(0,0,0)(0,0,0)(0,0,0)(0,0,0)(0,0,0)(0,0,0)(0,0,0)(0,0,0)(0,0,0)(0,0,0)(0,0,0)(0,0,0)(0,0,0)(0,0,0)(0,0,0)(0,0,0)(0,0,0)(0,0,0)(0,0,0)(0,0,0)(0,0,0)(0,0,0)(0,0,0)(0,0,0)(0,0,0)(0,0,0)(0,0,0)(0,0,0)(0,0,0)(0,0,0)(0,0,0)(0,0,0)(0,0,0)(0,0,0)(0,0,0)(0,0,0)(0,0,0)(0,0,0)(0,0,0)(0,0,0)(0,0,0)(0,0,0)(0,0,0)(0,0,0)(0,0,0)(0,0,0)(0,0,0)(0,0,0)(0,0,0)(0,0,0)(0,0,0)
(0,0,0)(0,0,0)(0,0,0)(0,255,0)(0,0,0)(0,0,0)(0,0,0)(0,0,0)(0,0,0)(0,0,0)(0,0,0)(0,0,0)(0,0,0)(0,0,0)(0,0,0)(0,0,0)(0,0,0)(0,0,0)(0,0,0)(0,0,0)(0,0,0)(0,0,0)(0,0,0)(0,0,0)(0,0,0)(0,0,0)(0,0,0)(0,0,0)(0,0,0)(0,0,0)(0,0,0)(0,0,0)(0,0,0)(0,0,0)(0,0,0)(0,0,0)(0,0,0)(0,0,0)(0,0,0)(0,0,0)(0,0,0)(0,0,0)(0,0,0)(0,0,0)(0,0,0)(0,0,0)(0,0,0)(0,0,0)(0,0,0)(0,0,0)(0,0,0)(0,0,0)(0,0,0)(0,0,0)(0,0,0)(0,0,0)(0,0,0)(0,0,0)(0,0,0)(0,0,0)(0,0,0)(0,0,0)(0,0,0)(0,0,0)
(0,0,0)(0,0,0)(0,255,0)(0,0,0)(0,0,0)(0,0,0)(0,0,0)(0,0,0)(0,0,0)(0,0,0)(0,0,0)(0,0,0)(0,0,0)(0,0,0)(0,0,0)(0,0,0)(0,0,0)(0,0,0)(0,0,0)(0,0,0)(0,0,0)(0,0,0)(0,0,0)(0,0,0)(0,0,0)(0,0,0)(0,0,0)(0,0,0)(0,0,0)(0,0,0)(0,0,0)(0,0,0)(0,0,0)(0,0,0)(0,0,0)(0,0,0)(0,0,0)(0,0,0)(0,0,0)(0,0,0)(0,0,0)(0,0,0)(0,0,0)(0,0,0)(0,0,0)(0,0,0)(0,0,0)(0,0,0)(0,0,0)(0,0,0)(0,0,0)(0,0,0)(0,0,0)(0,0,0)(0,0,0)(0,0,0)(0,0,0)(0,0,0)(0,0,0)(0,0,0)(0,0,0)(0,0,0)(0,0,0)(0,0,0)
(0,0,0)(0,255,0)(0,0,0)(0,0,0)(0,0,0)(0,0,0)(0,0,0)(0,0,0)(0,0,0)(0,0,0)(0,0,0)(0,0,0)(0,0,0)(0,0,0)(0,0,0)(0,0,0)(0,0,0)(0,0,0)(0,0,0)(0,0,0)(0,0,0)(0,0,0)(0,0,0)(0,0,0)(0,0,0)(0,0,0)(0,0,0)(0,0,0)(0,0,0)(0,0,0)(0,0,0)(0,0,0)(0,0,0)(0,0,0)(0,0,0)(0,0,0)(0,0,0)(0,0,0)(0,0,0)(0,0,0)(0,0,0)(0,0,0)(0,0,0)(0,0,0)(0,0,0)(0,0,0)(0,0,0)(0,0,0)(0,0,0)(0,0,0)(0,0,0)(0,0,0)(0,0,0)(0,0,0)(0,0,0)(0,0,0)(0,0,0)(0,0,0)(0,0,0)(0,0,0)(0,0,0)(0,0,0)(0,0,0)(0,0,0)
(0,255,0)(0,0,0)(0,0,0)(0,0,0)(0,0,0)(0,0,0)(0,0,0)(0,0,0)(0,0,0)(0,0,0)(0,0,0)(0,0,0)(0,0,0)(0,0,0)(0,0,0)(0,0,0)(0,0,0)(0,0,0)(0,0,0)(0,0,0)(0,0,0)(0,0,0)(0,0,0)(0,0,0)(0,0,0)(0,0,0)(0,0,0)(0,0,0)(0,0,0)(0,0,0)(0,0,0)(0,0,0)(0,0,0)(0,0,0)(0,0,0)(0,0,0)(0,0,0)(0,0,0)(0,0,0)(0,0,0)(0,0,0)(0,0,0)(0,0,0)(0,0,0)(0,0,0)(0,0,0)(0,0,0)(0,0,0)(0,0,0)(0,0,0)(0,0,0)(0,0,0)(0,0,0)(0,0,0)(0,0,0)(0,0,0)(0,0,0)(0,0,0)(0,0,0)(0,0,0)(0,0,0)(0,0,0)(0,0,0)(0,0,0)

&gt;
	at org.junit.Assert.fail(Assert.java:89)
	at org.junit.Assert.failNotEquals(Assert.java:835)
	at org.junit.Assert.assertEquals(Assert.java:120)
	at org.junit.Assert.assertEquals(Assert.java:146)
	at picture.PictureProcessorTest.rotate90Green(PictureProcessorTest.java:65)
	at java.base/jdk.internal.reflect.NativeMethodAccessorImpl.invoke0(Native Method)
	at java.base/jdk.internal.reflect.NativeMethodAccessorImpl.invoke(NativeMethodAccessorImpl.java:77)
	at java.base/jdk.internal.reflect.DelegatingMethodAccessorImpl.invoke(DelegatingMethodAccessorImpl.java:43)
	at java.base/java.lang.reflect.Method.invoke(Method.java:568)
	at org.junit.runners.model.FrameworkMethod$1.runReflectiveCall(FrameworkMethod.java:59)
	at org.junit.internal.runners.model.ReflectiveCallable.run(ReflectiveCallable.java:12)
	at org.junit.runners.model.FrameworkMethod.invokeExplosively(FrameworkMethod.java:56)
	at org.junit.internal.runners.statements.InvokeMethod.evaluate(InvokeMethod.java:17)
	at org.junit.rules.ExternalResource$1.evaluate(ExternalResource.java:54)
	at org.junit.runners.ParentRunner$3.evaluate(ParentRunner.java:306)
	at org.junit.runners.BlockJUnit4ClassRunner$1.evaluate(BlockJUnit4ClassRunner.java:100)
	at org.junit.runners.ParentRunner.runLeaf(ParentRunner.java:366)
	at org.junit.runners.BlockJUnit4ClassRunner.runChild(BlockJUnit4ClassRunner.java:103)
	at org.junit.runners.BlockJUnit4ClassRunner.runChild(BlockJUnit4ClassRunner.java:63)
	at org.junit.runners.ParentRunner$4.run(ParentRunner.java:331)
	at org.junit.runners.ParentRunner$1.schedule(ParentRunner.java:79)
	at org.junit.runners.ParentRunner.runChildren(ParentRunner.java:329)
	at org.junit.runners.ParentRunner.access$100(ParentRunner.java:66)
	at org.junit.runners.ParentRunner$2.evaluate(ParentRunner.java:293)
	at org.junit.runners.ParentRunner$3.evaluate(ParentRunner.java:306)
	at org.junit.runners.ParentRunner.run(ParentRunner.java:413)
	at org.gradle.api.internal.tasks.testing.junit.JUnitTestClassExecutor.runTestClass(JUnitTestClassExecutor.java:108)
	at org.gradle.api.internal.tasks.testing.junit.JUnitTestClassExecutor.execute(JUnitTestClassExecutor.java:58)
	at org.gradle.api.internal.tasks.testing.junit.JUnitTestClassExecutor.execute(JUnitTestClassExecutor.java:40)
	at org.gradle.api.internal.tasks.testing.junit.AbstractJUnitTestClassProcessor.processTestClass(AbstractJUnitTestClassProcessor.java:60)
	at org.gradle.api.internal.tasks.testing.SuiteTestClassProcessor.processTestClass(SuiteTestClassProcessor.java:52)
	at java.base/jdk.internal.reflect.NativeMethodAccessorImpl.invoke0(Native Method)
	at java.base/jdk.internal.reflect.NativeMethodAccessorImpl.invoke(NativeMethodAccessorImpl.java:77)
	at java.base/jdk.internal.reflect.DelegatingMethodAccessorImpl.invoke(DelegatingMethodAccessorImpl.java:43)
	at java.base/java.lang.reflect.Method.invoke(Method.java:568)
	at org.gradle.internal.dispatch.ReflectionDispatch.dispatch(ReflectionDispatch.java:36)
	at org.gradle.internal.dispatch.ReflectionDispatch.dispatch(ReflectionDispatch.java:24)
	at org.gradle.internal.dispatch.ContextClassLoaderDispatch.dispatch(ContextClassLoaderDispatch.java:33)
	at org.gradle.internal.dispatch.ProxyDispatchAdapter$DispatchingInvocationHandler.invoke(ProxyDispatchAdapter.java:94)
	at jdk.proxy1/jdk.proxy1.$Proxy2.processTestClass(Unknown Source)
	at org.gradle.api.internal.tasks.testing.worker.TestWorker$2.run(TestWorker.java:176)
	at org.gradle.api.internal.tasks.testing.worker.TestWorker.executeAndMaintainThreadName(TestWorker.java:129)
	at org.gradle.api.internal.tasks.testing.worker.TestWorker.execute(TestWorker.java:100)
	at org.gradle.api.internal.tasks.testing.worker.TestWorker.execute(TestWorker.java:60)
	at org.gradle.process.internal.worker.child.ActionExecutionWorker.execute(ActionExecutionWorker.java:56)
	at org.gradle.process.internal.worker.child.SystemApplicationClassLoaderWorker.call(SystemApplicationClassLoaderWorker.java:113)
	at org.gradle.process.internal.worker.child.SystemApplicationClassLoaderWorker.call(SystemApplicationClassLoaderWorker.java:65)
	at worker.org.gradle.process.internal.worker.GradleWorkerMain.run(GradleWorkerMain.java:69)
	at worker.org.gradle.process.internal.worker.GradleWorkerMain.main(GradleWorkerMain.java:74)
</failure>
  </testcase>
  <system-out><![CDATA[Hellog
]]></system-out>
  <system-err><![CDATA[TODO: Implement main HELLO
]]></system-err>
</testsuite>
